====================================================
starting compile_wkc
~~~~~~~~~~~~~~~~~~~~~~~~~~~~~~~~~~~~~~~~~~~~~~~~~~~~~~~~~~~~~~~~~~~~~~~~~~~~

  WKC - WRF-Chem/KPP coupler


~~~~~~~~~~~~~~~~~~~~~~~~~~~~~~~~~~~~~~~~~~~~~~~~~~~~~~~~~~~~~~~~~~~~~~~

  KPP - symbolic chemistry Kinetics PreProcessor, Version 2.1
        (http://www.cs.vt.edu/~asandu/Software/KPP)
  KPP is distributed under GPL, the general public licence
        (http://www.gnu.org/copyleft/gpl.html)
    (C) 1995-1997, V. Damian & A. Sandu, CGRER, Univ. Iowa
    (C) 1997-2003, A. Sandu, Michigan Tech
    (C) 2003-2005, A. Sandu, Virginia Polytechnic Institute and State University
        with contributions from:
        R. Sander, Max-Planck Institute for Chemistry, Mainz, Germany


   The current version of KPP was modified for WRF-Chem.

~~~~~~~~~~~~~~~~~~~~~~~~~~~~~~~~~~~~~~~~~~~~~~~~~~~~~~~~~~~~~~~~~~~~~~~
------------------------------------------
 configure_kpp, settings:
location of flex library: /usr/lib64/libfl.a
# DM_CC = mpiicc OMPCC = # -openmp -fpp -auto CCOMP = icc CC = $(DM_CC) -DFSEEKO64_OK
SCC = icc DM_CC = mpicc -cc=$(SCC) -DMPI2_SUPPORT CC_TOOLS = $(SCC) CC="$(SCC)" CFLAGS="$(CFLAGS)" \
writing chem/KPP/configure.kpp
/global/scratch/azare/Josh/WRFV3
-----------------------------------------
compile kpp
make[1]: Entering directory `/global/scratch/azare/Josh/WRFV3/chem/KPP/kpp/kpp-2.1/src'
  icc -O -lm y.tab.o lex.yy.o scanner.o scanutil.o kpp.o gen.o code.o code_c.o code_f77.o code_f90.o code_matlab.o debug.o -L/usr/lib64 -lfl -ll -o kpp
icc: warning #10315: specifying -lm before files may supersede the Intel(R) math library and affect performance
make[1]: Leaving directory `/global/scratch/azare/Josh/WRFV3/chem/KPP/kpp/kpp-2.1/src'
-----------------------------------------
compile the coupler
icc -I../../../../inc  -c -g  gen_kpp.c
icc -o registry_kpp -g   registry_kpp.o  my_strtok.o data.o type.o misc.o reg_parse.o gen_kpp.o get_wrf_chem_specs.o gen_kpp_mech_dr.o gen_kpp_interface.o get_kpp_chem_specs.o compare_kpp_to_species.o get_wrf_radicals.o get_wrf_jvals.o gen_kpp_utils.o change_chem_Makefile.o gen_kpp_interf_utils.o gen_kpp_args_to_Update_Rconst.o  kpp_data.o sym.o symtab_gen.o
-----------------------------------------
check if Registry was touched
make: `mod_registry.temp' is up to date.
-----------------------------------------
Run kpp for mechanisms in chem/KPP/mechanisms
=========================================================
mechanisms/cbm4
model cbm4
make: `cbm4_Integrator.f90' is up to date.
=========================================================
mechanisms/cbmz_bb
model cbmz_bb
make: `cbmz_bb_Integrator.f90' is up to date.
=========================================================
mechanisms/cbmz_mosaic
model cbmz_mosaic
make: `cbmz_mosaic_Integrator.f90' is up to date.
=========================================================
mechanisms/cri_mosaic_4bin_aq
model cri_mosaic_4bin_aq
make: `cri_mosaic_4bin_aq_Integrator.f90' is up to date.
=========================================================
mechanisms/cri_mosaic_8bin_aq
model cri_mosaic_8bin_aq
make: `cri_mosaic_8bin_aq_Integrator.f90' is up to date.
=========================================================
mechanisms/crimech
model crimech
make: `crimech_Integrator.f90' is up to date.
=========================================================
mechanisms/gocartracm
model gocartracm
make: `gocartracm_Integrator.f90' is up to date.
=========================================================
mechanisms/mozart
model mozart
make: `mozart_Integrator.f90' is up to date.
=========================================================
mechanisms/mozart_mosaic_4bin_vbs0
model mozart_mosaic_4bin_vbs0
make: `mozart_mosaic_4bin_vbs0_Integrator.f90' is up to date.
=========================================================
mechanisms/mozcart
model mozcart
make: `mozcart_Integrator.f90' is up to date.
=========================================================
mechanisms/nmhc9
model nmhc9
make: `nmhc9_Integrator.f90' is up to date.
=========================================================
mechanisms/r2smh
model r2smh
make: `r2smh_Integrator.f90' is up to date.
=========================================================
mechanisms/racm
model racm
make: `racm_Integrator.f90' is up to date.
=========================================================
mechanisms/racm_esrlsorg
model racm_esrlsorg
make: `racm_esrlsorg_Integrator.f90' is up to date.
=========================================================
mechanisms/racm_esrlsorg_aqchem
model racm_esrlsorg_aqchem
make: `racm_esrlsorg_aqchem_Integrator.f90' is up to date.
=========================================================
mechanisms/racm_mim
model racm_mim
make: `racm_mim_Integrator.f90' is up to date.
=========================================================
mechanisms/racm_soa_vbs
model racm_soa_vbs
make: `racm_soa_vbs_Integrator.f90' is up to date.
=========================================================
mechanisms/racmpm
model racmpm
make: `racmpm_Integrator.f90' is up to date.
=========================================================
mechanisms/racmsorg
model racmsorg
make: `racmsorg_Integrator.f90' is up to date.
=========================================================
mechanisms/racmsorg_aqchem
model racmsorg_aqchem
make: `racmsorg_aqchem_Integrator.f90' is up to date.
=========================================================
mechanisms/radm2
model radm2
make: `radm2_Integrator.f90' is up to date.
=========================================================
mechanisms/radm2sorg
model radm2sorg
make: `radm2sorg_Integrator.f90' is up to date.
=========================================================
mechanisms/saprc99
model saprc99
make: `saprc99_Integrator.f90' is up to date.
=========================================================
mechanisms/saprc99_mosaic_4bin_vbs2
model saprc99_mosaic_4bin_vbs2
make: `saprc99_mosaic_4bin_vbs2_Integrator.f90' is up to date.
=========================================================
 not running the WRF-Chem KPP coupler
end of compile_wkc
=========================================================
 
Compiling: WRF_EM_CORE .
 
setting parallel make -j 2
make -i -r MODULE_DIRS="-I../dyn_em -I../dyn_nmm   -I/global/scratch/azare/Josh/WRFV3/external/esmf_time_f90  -I/global/scratch/azare/Josh/WRFV3/main -I/global/scratch/azare/Josh/WRFV3/external/io_netcdf -I/global/scratch/azare/Josh/WRFV3/external/io_int -I/global/scratch/azare/Josh/WRFV3/frame -I/global/scratch/azare/Josh/WRFV3/share -I/global/scratch/azare/Josh/WRFV3/phys -I/global/scratch/azare/Josh/WRFV3/chem -I/global/scratch/azare/Josh/WRFV3/inc -I/global/software/sl-6.x86_64/modules/intel/2013_sp1.4.211/netcdf/4.3.2-intel-p/include " ext
make[1]: Entering directory `/global/scratch/azare/Josh/WRFV3'
--------------------------------------
( cd frame ; make -i -r externals )
make[2]: Entering directory `/global/scratch/azare/Josh/WRFV3/frame'
( cd /global/scratch/azare/Josh/WRFV3/external/esmf_time_f90 ; \
          make -j 2 FC="ifort -i4  -ip -fp-model precise -w -ftz -align all -fno-alias -FR -convert big_endian  " RANLIB="ranlib" \
          CPP="/lib/cpp -C -P -I/global/scratch/azare/Josh/WRFV3/inc -I. -DEM_CORE=1 -DNMM_CORE=0 -DNMM_MAX_DIM=2600 -DCOAMPS_CORE=0 -DDA_CORE=0 -DEXP_CORE=0 -DIWORDSIZE=4 -DDWORDSIZE=8 -DRWORDSIZE=4 -DLWORDSIZE=4 -DNONSTANDARD_SYSTEM_FUNC -DWRF_USE_CLM  -DDM_PARALLEL -DNETCDF -DUSE_ALLOCATABLES -DGRIB1 -DINTIO -DLIMIT_ARGS -DCONFIG_BUF_LEN=65536 -DMAX_DOMAINS_F=21 -DMAX_HISTORY=25 -DNMM_NEST=0 -traditional" AR="ar" ARFLAGS="ru" )
make[3]: Entering directory `/global/scratch/azare/Josh/WRFV3/external/esmf_time_f90'
make[3]: Nothing to be done for `default'.
make[3]: Leaving directory `/global/scratch/azare/Josh/WRFV3/external/esmf_time_f90'
( cd /global/scratch/azare/Josh/WRFV3/external/io_netcdf ; \
          make -j 2 NETCDFPATH="/global/software/sl-6.x86_64/modules/intel/2013_sp1.4.211/netcdf/4.3.2-intel-p" RANLIB="ranlib" CPP="/lib/cpp -C -P" \
          CC="icc" CFLAGS="-w -O2 -ip  -DDM_PARALLEL -DMAX_HISTORY=25 -DNMM_CORE=0" \
          FC="ifort -i4  -O2 -ip -fp-model precise -w -ftz -align all -fno-alias -FR -convert big_endian  " TRADFLAG="-traditional" AR="ar" ARFLAGS="ru" )
make[3]: Entering directory `/global/scratch/azare/Josh/WRFV3/external/io_netcdf'
make[3]: Nothing to be done for `all'.
make[3]: Leaving directory `/global/scratch/azare/Josh/WRFV3/external/io_netcdf'
( cd /global/scratch/azare/Josh/WRFV3/external/ioapi_share ; \
          make -i -r NATIVE_RWORDSIZE="4" RWORDSIZE="4" AR="ar" ARFLAGS="ru" )
make[3]: Entering directory `/global/scratch/azare/Josh/WRFV3/external/ioapi_share'
make[3]: Nothing to be done for `all'.
make[3]: Leaving directory `/global/scratch/azare/Josh/WRFV3/external/ioapi_share'
( cd /global/scratch/azare/Josh/WRFV3/external/io_grib_share ; \
          make -j 2 CC="icc" CFLAGS="-w -O2 -ip  -DDM_PARALLEL -DMAX_HISTORY=25 -DNMM_CORE=0" RM="rm -f" RANLIB="ranlib" CPP="/lib/cpp -C -P" \
          FC="ifort -i4 -I.  -ip -fp-model precise -w -ftz -align all -fno-alias -FR -convert big_endian   " TRADFLAG="-traditional" AR="ar" ARFLAGS="ru" archive) 
make[3]: Entering directory `/global/scratch/azare/Josh/WRFV3/external/io_grib_share'
make[4]: Entering directory `/global/scratch/azare/Josh/WRFV3/external/io_grib_share'
ar ru ./libio_grib_share.a io_grib_share.o get_region_center.o gridnav.o open_file.o
ranlib ./libio_grib_share.a
make[4]: Leaving directory `/global/scratch/azare/Josh/WRFV3/external/io_grib_share'
make[3]: Leaving directory `/global/scratch/azare/Josh/WRFV3/external/io_grib_share'
( cd /global/scratch/azare/Josh/WRFV3/external/io_grib1 ; \
          make -j 2 CC="icc" CFLAGS="-w -O2 -ip  -DDM_PARALLEL -DMAX_HISTORY=25 -DNMM_CORE=0" RM="rm -f" RANLIB="ranlib" CPP="/lib/cpp -C -P" \
          FC="ifort -i4 -I.  -ip -fp-model precise -w -ftz -align all -fno-alias -FR -convert big_endian   " TRADFLAG="-traditional" AR="ar" ARFLAGS="ru" archive)
make[3]: Entering directory `/global/scratch/azare/Josh/WRFV3/external/io_grib1'
        Doing make archive on library subdirectory MEL_grib1
make[4]: Entering directory `/global/scratch/azare/Josh/WRFV3/external/io_grib1/MEL_grib1'
make[5]: Entering directory `/global/scratch/azare/Josh/WRFV3/external/io_grib1/MEL_grib1'
ar ru ../libio_grib1.a FTP_getfile.o apply_bitmap.o display_gribhdr.o gbyte.o grib_dec.o grib_enc.o grib_seek.o gribgetbds.o gribgetbms.o gribgetgds.o gribgetpds.o gribhdr2file.o gribputbds.o gribputgds.o gribputpds.o hdr_print.o init_dec_struct.o init_enc_struct.o init_gribhdr.o init_struct.o ld_dec_lookup.o ld_enc_input.o ld_enc_lookup.o ld_grib_origctrs.o make_default_grbfn.o make_grib_log.o map_lvl.o map_parm.o pack_spatial.o prt_inp_struct.o upd_child_errmsg.o prt_badmsg.o swap.o grib_uthin.o set_bytes.o
ranlib ../libio_grib1.a
make[5]: Leaving directory `/global/scratch/azare/Josh/WRFV3/external/io_grib1/MEL_grib1'
make[4]: Leaving directory `/global/scratch/azare/Josh/WRFV3/external/io_grib1/MEL_grib1'
        Doing make archive on library subdirectory grib1_util
make[4]: Entering directory `/global/scratch/azare/Josh/WRFV3/external/io_grib1/grib1_util'
make[5]: Entering directory `/global/scratch/azare/Josh/WRFV3/external/io_grib1/grib1_util'
ar ru ../libio_grib1.a alloc_2d.o read_grib.o write_grib.o
ranlib ../libio_grib1.a
make[5]: Leaving directory `/global/scratch/azare/Josh/WRFV3/external/io_grib1/grib1_util'
make[4]: Leaving directory `/global/scratch/azare/Josh/WRFV3/external/io_grib1/grib1_util'
        Doing make archive on library subdirectory WGRIB
make[4]: Entering directory `/global/scratch/azare/Josh/WRFV3/external/io_grib1/WGRIB'
make[4]: Nothing to be done for `archive'.
make[4]: Leaving directory `/global/scratch/azare/Josh/WRFV3/external/io_grib1/WGRIB'
make[4]: Entering directory `/global/scratch/azare/Josh/WRFV3/external/io_grib1'
ar ru ./libio_grib1.a grib1_routines.o gribmap.o io_grib1.o trim.o
ranlib ./libio_grib1.a
make[4]: Leaving directory `/global/scratch/azare/Josh/WRFV3/external/io_grib1'
make[3]: Leaving directory `/global/scratch/azare/Josh/WRFV3/external/io_grib1'
( cd /global/scratch/azare/Josh/WRFV3/external/io_int ; \
          make -j 2 CC="mpicc -cc=icc -DMPI2_SUPPORT -DFSEEKO64_OK " RM="rm -f" RANLIB="ranlib" CPP="/lib/cpp -C -P" \
          FC="mpif90 -f90=ifort -i4  -ip -fp-model precise -w -ftz -align all -fno-alias -FR -convert big_endian   " FGREP="fgrep -iq" \
          TRADFLAG="-traditional" AR="ar" ARFLAGS="ru" ARCHFLAGS="-DEM_CORE=1 -DNMM_CORE=0 -DNMM_MAX_DIM=2600 -DCOAMPS_CORE=0 -DDA_CORE=0 -DEXP_CORE=0 -DIWORDSIZE=4 -DDWORDSIZE=8 -DRWORDSIZE=4 -DLWORDSIZE=4 -DNONSTANDARD_SYSTEM_FUNC -DWRF_USE_CLM  -DDM_PARALLEL -DNETCDF -DUSE_ALLOCATABLES -DGRIB1 -DINTIO -DLIMIT_ARGS -DCONFIG_BUF_LEN=65536 -DMAX_DOMAINS_F=21 -DMAX_HISTORY=25 -DNMM_NEST=0" all )
make[3]: Entering directory `/global/scratch/azare/Josh/WRFV3/external/io_int'
make[3]: Nothing to be done for `all'.
make[3]: Leaving directory `/global/scratch/azare/Josh/WRFV3/external/io_int'
( cd /global/scratch/azare/Josh/WRFV3/external/fftpack/fftpack5 ; \
          make -j 2 FC="ifort" FFLAGS="-i4  -ip -fp-model precise -w -ftz -align all -fno-alias -FR -convert big_endian  " RANLIB="ranlib" AR="ar" ARFLAGS="ru" )
make[3]: Entering directory `/global/scratch/azare/Josh/WRFV3/external/fftpack/fftpack5'
ar ru libfftpack.a c1f2kb.o c1f2kf.o c1f3kb.o c1f3kf.o c1f4kb.o c1f4kf.o c1f5kb.o c1f5kf.o c1fgkb.o c1fgkf.o c1fm1b.o c1fm1f.o cfft1b.o cfft1f.o cfft1i.o cfft2b.o cfft2f.o cfft2i.o cfftmb.o cfftmf.o cfftmi.o cmf2kb.o cmf2kf.o cmf3kb.o cmf3kf.o cmf4kb.o cmf4kf.o cmf5kb.o cmf5kf.o cmfgkb.o cmfgkf.o cmfm1b.o cmfm1f.o cosq1b.o cosq1f.o cosq1i.o cosqb1.o cosqf1.o cosqmb.o cosqmf.o cosqmi.o cost1b.o cost1f.o cost1i.o costb1.o costf1.o costmb.o costmf.o costmi.o factor.o mcfti1.o mcsqb1.o mcsqf1.o mcstb1.o mcstf1.o mradb2.o mradb3.o mradb4.o mradb5.o mradbg.o mradf2.o mradf3.o mradf4.o mradf5.o mradfg.o mrftb1.o mrftf1.o mrfti1.o msntb1.o msntf1.o r1f2kb.o r1f2kf.o r1f3kb.o r1f3kf.o r1f4kb.o r1f4kf.o r1f5kb.o r1f5kf.o r1fgkb.o r1fgkf.o rfft1b.o rfft1f.o rfft1i.o rfft2b.o rfft2f.o rfft2i.o rfftb1.o rfftf1.o rffti1.o rfftmb.o rfftmf.o rfftmi.o sinq1b.o sinq1f.o sinq1i.o sinqmb.o sinqmf.o sinqmi.o sint1b.o sint1f.o sint1i.o sintb1.o sintf1.o sintmb.o sintmf.o sintmi.o tables.o xercon.o xerfft.o
ranlib libfftpack.a
make[3]: Leaving directory `/global/scratch/azare/Josh/WRFV3/external/fftpack/fftpack5'
( if [ ! -e /global/scratch/azare/Josh/WRFV3/tools/gen_comms.c ] ; then \
          /bin/cp /global/scratch/azare/Josh/WRFV3/tools/gen_comms_warning /global/scratch/azare/Josh/WRFV3/tools/gen_comms.c ; \
          cat /global/scratch/azare/Josh/WRFV3/external/RSL_LITE/gen_comms.c >> /global/scratch/azare/Josh/WRFV3/tools/gen_comms.c ; fi )
( if [ ! -e module_dm.F ] ; then /bin/cp module_dm_warning module_dm.F ; \
          cat /global/scratch/azare/Josh/WRFV3/external/RSL_LITE/module_dm.F >> module_dm.F ; fi )
make[2]: Leaving directory `/global/scratch/azare/Josh/WRFV3/frame'
make[1]: Leaving directory `/global/scratch/azare/Josh/WRFV3'
make -i -r MODULE_DIRS="-I../dyn_em -I../dyn_nmm   -I/global/scratch/azare/Josh/WRFV3/external/esmf_time_f90  -I/global/scratch/azare/Josh/WRFV3/main -I/global/scratch/azare/Josh/WRFV3/external/io_netcdf -I/global/scratch/azare/Josh/WRFV3/external/io_int -I/global/scratch/azare/Josh/WRFV3/frame -I/global/scratch/azare/Josh/WRFV3/share -I/global/scratch/azare/Josh/WRFV3/phys -I/global/scratch/azare/Josh/WRFV3/chem -I/global/scratch/azare/Josh/WRFV3/inc -I/global/software/sl-6.x86_64/modules/intel/2013_sp1.4.211/netcdf/4.3.2-intel-p/include " toolsdir
make[1]: Entering directory `/global/scratch/azare/Josh/WRFV3'
--------------------------------------
( cd tools ; make -i -r CC_TOOLS_CFLAGS="-DNMM_CORE=0" CC_TOOLS="icc  -DIWORDSIZE=4 -DMAX_HISTORY=25" )
make[2]: Entering directory `/global/scratch/azare/Josh/WRFV3/tools'
make[2]: `registry' is up to date.
make[2]: Leaving directory `/global/scratch/azare/Josh/WRFV3/tools'
make[1]: Leaving directory `/global/scratch/azare/Josh/WRFV3'
/bin/rm -f main/libwrflib.a main/libwrflib.lib
make -i -r MODULE_DIRS="-I../dyn_em -I../dyn_nmm   -I/global/scratch/azare/Josh/WRFV3/external/esmf_time_f90  -I/global/scratch/azare/Josh/WRFV3/main -I/global/scratch/azare/Josh/WRFV3/external/io_netcdf -I/global/scratch/azare/Josh/WRFV3/external/io_int -I/global/scratch/azare/Josh/WRFV3/frame -I/global/scratch/azare/Josh/WRFV3/share -I/global/scratch/azare/Josh/WRFV3/phys -I/global/scratch/azare/Josh/WRFV3/chem -I/global/scratch/azare/Josh/WRFV3/inc -I/global/software/sl-6.x86_64/modules/intel/2013_sp1.4.211/netcdf/4.3.2-intel-p/include " framework
make[1]: Entering directory `/global/scratch/azare/Josh/WRFV3'
--------------------------------------
( cd frame ; make -i -r -j 2 framework; \
          cd ../external/io_netcdf ; \
          make -i -r NETCDFPATH="/global/software/sl-6.x86_64/modules/intel/2013_sp1.4.211/netcdf/4.3.2-intel-p" FC="ifort -ip -fp-model precise -w -ftz -align all -fno-alias -FR -convert big_endian  " RANLIB="ranlib" \
               CPP="/lib/cpp -C -P" LDFLAGS=" -O2 -ip -fp-model precise -w -ftz -align all -fno-alias -FR -convert big_endian   -ip  " TRADFLAG="-traditional" ESMF_IO_LIB_EXT="-L/global/scratch/azare/Josh/WRFV3/external/esmf_time_f90 -lesmf_time" \
	       LIB_LOCAL="" \
               ESMF_MOD_DEPENDENCE="/global/scratch/azare/Josh/WRFV3/external/esmf_time_f90/module_utility.o" AR="INTERNAL_BUILD_ERROR_SHOULD_NOT_NEED_AR" diffwrf; \
          cd ../io_int ; \
          make -i -r SFC="ifort -ip -fp-model precise -w -ftz -align all -fno-alias -FR -convert big_endian  " FC="ifort -ip -fp-model precise -w -ftz -align all -fno-alias -FR -convert big_endian  " RANLIB="ranlib" CPP="/lib/cpp -C -P -DNONSTANDARD_SYSTEM_FUNC -DWRF_USE_CLM" DM_FC="mpif90 -f90=ifort -ip -fp-model precise -w -ftz -align all -fno-alias -FR -convert big_endian  "\
               TRADFLAG="-traditional" ESMF_IO_LIB_EXT="-L/global/scratch/azare/Josh/WRFV3/external/esmf_time_f90 -lesmf_time" \
               ESMF_MOD_DEPENDENCE="/global/scratch/azare/Josh/WRFV3/external/esmf_time_f90/module_utility.o" AR="INTERNAL_BUILD_ERROR_SHOULD_NOT_NEED_AR" diffwrf ; \
          cd ../../frame )
make[2]: Entering directory `/global/scratch/azare/Josh/WRFV3/frame'
ar ru ../main/libwrflib.a module_driver_constants.o module_domain_type.o module_streams.o module_domain.o module_integrate.o module_timing.o module_configure.o module_tiles.o module_machine.o module_nesting.o module_wrf_error.o module_state_description.o module_sm.o module_io.o module_comm_dm.o module_comm_dm_0.o module_comm_dm_1.o module_comm_dm_2.o module_comm_dm_3.o module_comm_dm_4.o module_comm_nesting_dm.o module_dm.o module_quilt_outbuf_ops.o module_io_quilt.o module_intermediate_nmm.o wrf_num_bytes_between.o wrf_shutdown.o wrf_debug.o libmassv.o collect_on_comm.o hires_timer.o clog.o nl_get_0_routines.o nl_get_1_routines.o nl_get_2_routines.o nl_get_3_routines.o nl_get_4_routines.o nl_get_5_routines.o nl_get_6_routines.o nl_get_7_routines.o nl_set_0_routines.o nl_set_1_routines.o nl_set_2_routines.o nl_set_3_routines.o nl_set_4_routines.o nl_set_5_routines.o nl_set_6_routines.o nl_set_7_routines.o  module_alloc_space_0.o module_alloc_space_1.o module_alloc_space_2.o module_alloc_space_3.o module_alloc_space_4.o module_alloc_space_5.o module_alloc_space_6.o module_alloc_space_7.o module_alloc_space_8.o module_alloc_space_9.o
ar: creating ../main/libwrflib.a
ranlib ../main/libwrflib.a
make[2]: Leaving directory `/global/scratch/azare/Josh/WRFV3/frame'
make[2]: Entering directory `/global/scratch/azare/Josh/WRFV3/external/io_netcdf'
make[2]: `diffwrf' is up to date.
make[2]: Leaving directory `/global/scratch/azare/Josh/WRFV3/external/io_netcdf'
make[2]: Entering directory `/global/scratch/azare/Josh/WRFV3/external/io_int'
make[2]: `diffwrf' is up to date.
make[2]: Leaving directory `/global/scratch/azare/Josh/WRFV3/external/io_int'
make[1]: Leaving directory `/global/scratch/azare/Josh/WRFV3'
make -i -r MODULE_DIRS="-I../dyn_em -I../dyn_nmm   -I/global/scratch/azare/Josh/WRFV3/external/esmf_time_f90  -I/global/scratch/azare/Josh/WRFV3/main -I/global/scratch/azare/Josh/WRFV3/external/io_netcdf -I/global/scratch/azare/Josh/WRFV3/external/io_int -I/global/scratch/azare/Josh/WRFV3/frame -I/global/scratch/azare/Josh/WRFV3/share -I/global/scratch/azare/Josh/WRFV3/phys -I/global/scratch/azare/Josh/WRFV3/chem -I/global/scratch/azare/Josh/WRFV3/inc -I/global/software/sl-6.x86_64/modules/intel/2013_sp1.4.211/netcdf/4.3.2-intel-p/include " shared
make[1]: Entering directory `/global/scratch/azare/Josh/WRFV3'
--------------------------------------
if [ "`echo -j 2 | sed -e 's/-j//g' -e 's/ \+//g'`" -gt "6" ] ; then \
	  ( cd share ; make -i -r -j 6 ) ;  \
	else \
	  ( cd share ; make -i -r -j 2 ) ;  \
	fi
make[2]: Entering directory `/global/scratch/azare/Josh/WRFV3/share'
if [ 0 -eq 1 ] ; then \
                  make -i -r nmm_contrib                                      ; \
                  ar ru ../main/libwrflib.a module_model_constants.o module_bc_time_utilities.o module_get_file_names.o module_compute_geop.o module_check_a_mundo.o module_random.o module_llxy.o module_interp_nmm.o module_interp_store.o module_MPP.o  module_date_time.o module_bc.o module_io_wrf.o module_soil_pre.o  module_io_domain.o               module_optional_input.o          solve_interface.o mediation_interp_domain.o mediation_force_domain.o mediation_feedback_domain.o start_domain.o init_modules.o set_timekeeping.o interp_fcn.o sint.o wrf_ext_write_field.o wrf_ext_read_field.o  wrf_tsin.o landread.o track_driver.o track_input.o bobrand.o wrf_timeseries.o track_driver.o wrf_fddaobs_in.o mediation_nest_move.o setfeenv.o input_wrf.o output_wrf.o wrf_bdyout.o wrf_bdyin.o dfi.o mediation_integrate.o mediation_wrfmain.o    ; \
                  else                                                         \
                  ar ru ../main/libwrflib.a module_model_constants.o module_bc_time_utilities.o module_get_file_names.o module_compute_geop.o module_check_a_mundo.o module_random.o module_llxy.o module_interp_nmm.o module_interp_store.o module_MPP.o  module_date_time.o module_bc.o module_io_wrf.o module_soil_pre.o  module_io_domain.o               module_optional_input.o          solve_interface.o mediation_interp_domain.o mediation_force_domain.o mediation_feedback_domain.o start_domain.o init_modules.o set_timekeeping.o interp_fcn.o sint.o wrf_ext_write_field.o wrf_ext_read_field.o  wrf_tsin.o landread.o track_driver.o track_input.o bobrand.o wrf_timeseries.o track_driver.o wrf_fddaobs_in.o mediation_nest_move.o setfeenv.o input_wrf.o output_wrf.o wrf_bdyout.o wrf_bdyin.o dfi.o mediation_integrate.o mediation_wrfmain.o              ; \
                fi
make[2]: Leaving directory `/global/scratch/azare/Josh/WRFV3/share'
make[1]: Leaving directory `/global/scratch/azare/Josh/WRFV3'
make -i -r MODULE_DIRS="-I../dyn_em -I../dyn_nmm   -I/global/scratch/azare/Josh/WRFV3/external/esmf_time_f90  -I/global/scratch/azare/Josh/WRFV3/main -I/global/scratch/azare/Josh/WRFV3/external/io_netcdf -I/global/scratch/azare/Josh/WRFV3/external/io_int -I/global/scratch/azare/Josh/WRFV3/frame -I/global/scratch/azare/Josh/WRFV3/share -I/global/scratch/azare/Josh/WRFV3/phys -I/global/scratch/azare/Josh/WRFV3/chem -I/global/scratch/azare/Josh/WRFV3/inc -I/global/software/sl-6.x86_64/modules/intel/2013_sp1.4.211/netcdf/4.3.2-intel-p/include " physics
make[1]: Entering directory `/global/scratch/azare/Josh/WRFV3'
--------------------------------------
( cd phys ; make -i -r )
make[2]: Entering directory `/global/scratch/azare/Josh/WRFV3/phys'
if [ 0 -eq 1 ] ; then \
                  make -i -r -j 2 nmm_contrib                                      ; \
                  ar ru ../main/libwrflib.a module_cam_shr_kind_mod.o module_cam_support.o module_cam_shr_const_mod.o module_cam_physconst.o module_cam_cldwat.o module_cam_wv_saturation.o module_cam_esinti.o module_cam_gffgch.o module_cam_error_function.o module_cam_constituents.o module_cam_trb_mtn_stress.o module_cam_molec_diff.o module_cam_upper_bc.o module_cam_bl_diffusion_solver.o module_cam_bl_eddy_diff.o module_cam_mp_microp_aero.o module_cam_mp_cldwat2m_micro.o module_cam_mp_ndrop.o module_cam_mp_modal_aero_initialize_data_phys.o module_cam_mp_radconstants.o module_cam_mp_conv_water.o module_cam_mp_qneg3.o module_data_cam_mam_aero.o module_data_cam_mam_asect.o module_cam_infnan.o module_bl_ysu.o module_bl_mrf.o module_bl_gfs.o module_bl_gfs2011.o module_bl_myjpbl.o module_bl_qnsepbl.o module_bl_qnsepbl09.o module_bl_acm.o module_bl_mynn.o module_bl_fogdes.o module_bl_gwdo.o module_bl_myjurb.o module_bl_boulac.o module_bl_camuwpbl_driver.o module_bl_mfshconvpbl.o module_shcu_camuwshcu_driver.o module_shcu_camuwshcu.o module_shcu_grims.o module_cu_camzm_driver.o module_cu_camzm.o module_bl_temf.o module_bl_gbmpbl.o module_cu_g3.o module_cu_kf.o module_cu_bmj.o module_cu_kfeta.o module_cu_tiedtke.o module_cu_gd.o module_cu_gf.o module_cu_nsas.o module_cu_sas.o module_cu_mesosas.o module_cu_osas.o module_mp_radar.o module_mp_kessler.o module_mp_lin.o module_mp_sbu_ylin.o module_mp_wsm3.o module_mp_wsm5.o module_mp_wsm6.o module_mp_etanew.o module_mp_etaold.o module_mp_HWRF.o module_mp_thompson.o module_mp_gsfcgce.o module_mp_morr_two_moment.o module_mp_milbrandt2mom.o module_mp_nssl_2mom.o module_mp_wdm5.o module_mp_wdm6.o module_mp_cammgmp_driver.o module_ra_sw.o module_ra_clWRF_support.o module_ra_gsfcsw.o module_ra_goddard.o module_ra_rrtm.o module_ra_rrtmg_lw.o module_ra_rrtmg_sw.o module_ra_cam_support.o module_ra_cam.o module_ra_gfdleta.o module_ra_flg.o module_ra_HWRF.o module_ra_hs.o module_sf_sfclay.o module_sf_sfclayrev.o module_sf_gfs.o module_sf_gfdl.o module_sf_slab.o module_sf_noahdrv.o module_sf_noahlsm.o module_sf_clm.o module_sf_ssib.o module_sf_noah_seaice.o module_sf_noah_seaice_drv.o module_sf_noahlsm_glacial_only.o module_sf_noahmpdrv.o module_sf_noahmplsm.o module_sf_noahmp_glacier.o module_sf_urban.o module_sf_bep.o module_sf_bep_bem.o module_sf_bem.o module_sf_pxlsm.o module_sf_pxlsm_data.o module_sf_ruclsm.o module_sf_sfcdiags.o module_sf_sfcdiags_ruclsm.o module_sf_sstskin.o module_sf_tmnupdate.o module_sf_ocean_driver.o module_sf_oml.o module_sf_3dpwp.o module_sf_myjsfc.o module_sf_qnsesfc.o module_sf_mynn.o module_sf_fogdes.o module_sf_pxsfclay.o module_sf_temfsfclay.o module_sf_idealscmsfclay.o module_sf_scmflux.o module_sf_scmskintemp.o module_physics_addtendc.o module_physics_init.o module_gfs_machine.o module_gfs_funcphys.o module_gfs_physcons.o module_progtm.o module_pbl_driver.o module_data_gocart_dust.o module_cumulus_driver.o module_shallowcu_driver.o module_microphysics_driver.o module_microphysics_zero_out.o module_mixactivate.o module_radiation_driver.o module_surface_driver.o module_diagnostics.o module_lightning_driver.o module_ltng_cpmpr92z.o module_ltng_crmpr92.o module_ltng_iccg.o module_fdda_psufddagd.o module_fdda_spnudging.o module_fddagd_driver.o module_fddaobs_rtfdda.o module_fddaobs_driver.o module_wind_generic.o module_wind_fitch.o    ; \
                else                                                         \
                  make -i -r -j 2 non_nmm                                          ; \
                  ar ru ../main/libwrflib.a module_cam_shr_kind_mod.o module_cam_support.o module_cam_shr_const_mod.o module_cam_physconst.o module_cam_cldwat.o module_cam_wv_saturation.o module_cam_esinti.o module_cam_gffgch.o module_cam_error_function.o module_cam_constituents.o module_cam_trb_mtn_stress.o module_cam_molec_diff.o module_cam_upper_bc.o module_cam_bl_diffusion_solver.o module_cam_bl_eddy_diff.o module_cam_mp_microp_aero.o module_cam_mp_cldwat2m_micro.o module_cam_mp_ndrop.o module_cam_mp_modal_aero_initialize_data_phys.o module_cam_mp_radconstants.o module_cam_mp_conv_water.o module_cam_mp_qneg3.o module_data_cam_mam_aero.o module_data_cam_mam_asect.o module_cam_infnan.o module_bl_ysu.o module_bl_mrf.o module_bl_gfs.o module_bl_gfs2011.o module_bl_myjpbl.o module_bl_qnsepbl.o module_bl_qnsepbl09.o module_bl_acm.o module_bl_mynn.o module_bl_fogdes.o module_bl_gwdo.o module_bl_myjurb.o module_bl_boulac.o module_bl_camuwpbl_driver.o module_bl_mfshconvpbl.o module_shcu_camuwshcu_driver.o module_shcu_camuwshcu.o module_shcu_grims.o module_cu_camzm_driver.o module_cu_camzm.o module_bl_temf.o module_bl_gbmpbl.o module_cu_g3.o module_cu_kf.o module_cu_bmj.o module_cu_kfeta.o module_cu_tiedtke.o module_cu_gd.o module_cu_gf.o module_cu_nsas.o module_cu_sas.o module_cu_mesosas.o module_cu_osas.o module_mp_radar.o module_mp_kessler.o module_mp_lin.o module_mp_sbu_ylin.o module_mp_wsm3.o module_mp_wsm5.o module_mp_wsm6.o module_mp_etanew.o module_mp_etaold.o module_mp_HWRF.o module_mp_thompson.o module_mp_gsfcgce.o module_mp_morr_two_moment.o module_mp_milbrandt2mom.o module_mp_nssl_2mom.o module_mp_wdm5.o module_mp_wdm6.o module_mp_cammgmp_driver.o module_ra_sw.o module_ra_clWRF_support.o module_ra_gsfcsw.o module_ra_goddard.o module_ra_rrtm.o module_ra_rrtmg_lw.o module_ra_rrtmg_sw.o module_ra_cam_support.o module_ra_cam.o module_ra_gfdleta.o module_ra_flg.o module_ra_HWRF.o module_ra_hs.o module_sf_sfclay.o module_sf_sfclayrev.o module_sf_gfs.o module_sf_gfdl.o module_sf_slab.o module_sf_noahdrv.o module_sf_noahlsm.o module_sf_clm.o module_sf_ssib.o module_sf_noah_seaice.o module_sf_noah_seaice_drv.o module_sf_noahlsm_glacial_only.o module_sf_noahmpdrv.o module_sf_noahmplsm.o module_sf_noahmp_glacier.o module_sf_urban.o module_sf_bep.o module_sf_bep_bem.o module_sf_bem.o module_sf_pxlsm.o module_sf_pxlsm_data.o module_sf_ruclsm.o module_sf_sfcdiags.o module_sf_sfcdiags_ruclsm.o module_sf_sstskin.o module_sf_tmnupdate.o module_sf_ocean_driver.o module_sf_oml.o module_sf_3dpwp.o module_sf_myjsfc.o module_sf_qnsesfc.o module_sf_mynn.o module_sf_fogdes.o module_sf_pxsfclay.o module_sf_temfsfclay.o module_sf_idealscmsfclay.o module_sf_scmflux.o module_sf_scmskintemp.o module_physics_addtendc.o module_physics_init.o module_gfs_machine.o module_gfs_funcphys.o module_gfs_physcons.o module_progtm.o module_pbl_driver.o module_data_gocart_dust.o module_cumulus_driver.o module_shallowcu_driver.o module_microphysics_driver.o module_microphysics_zero_out.o module_mixactivate.o module_radiation_driver.o module_surface_driver.o module_diagnostics.o module_lightning_driver.o module_ltng_cpmpr92z.o module_ltng_crmpr92.o module_ltng_iccg.o module_fdda_psufddagd.o module_fdda_spnudging.o module_fddagd_driver.o module_fddaobs_rtfdda.o module_fddaobs_driver.o module_wind_generic.o module_wind_fitch.o module_fr_fire_driver.o module_fr_fire_driver_wrf.o module_fr_fire_atm.o module_fr_fire_model.o module_fr_fire_core.o module_fr_fire_phys.o module_fr_fire_util.o              ; \
                fi
make[3]: Entering directory `/global/scratch/azare/Josh/WRFV3/phys'
make[3]: Nothing to be done for `non_nmm'.
make[3]: Leaving directory `/global/scratch/azare/Josh/WRFV3/phys'
make[2]: Leaving directory `/global/scratch/azare/Josh/WRFV3/phys'
make[1]: Leaving directory `/global/scratch/azare/Josh/WRFV3'
if [ 1  -eq 1 ]    ; then make -i -r MODULE_DIRS="-I../dyn_em -I../dyn_nmm   -I/global/scratch/azare/Josh/WRFV3/external/esmf_time_f90  -I/global/scratch/azare/Josh/WRFV3/main -I/global/scratch/azare/Josh/WRFV3/external/io_netcdf -I/global/scratch/azare/Josh/WRFV3/external/io_int -I/global/scratch/azare/Josh/WRFV3/frame -I/global/scratch/azare/Josh/WRFV3/share -I/global/scratch/azare/Josh/WRFV3/phys -I/global/scratch/azare/Josh/WRFV3/chem -I/global/scratch/azare/Josh/WRFV3/inc -I/global/software/sl-6.x86_64/modules/intel/2013_sp1.4.211/netcdf/4.3.2-intel-p/include " chemics ; fi
make[1]: Entering directory `/global/scratch/azare/Josh/WRFV3'
--------------------------------------
if [ 1 -eq 1 ] ; then ( cd chem ; make -i -r ) ; fi
make[2]: Entering directory `/global/scratch/azare/Josh/WRFV3/chem'
make[2]: Circular module_cam_mam_init.o <- module_cam_mam_initmixrats.o dependency dropped.
make[2]: Circular module_cam_mam_mo_sethet.o <- module_cam_mam_init.o dependency dropped.
ar ru ../main/libwrflib.a module_aer_opt_out.o module_add_emiss_burn.o module_add_emis_cptec.o module_bioemi_beis314.o module_chem_utilities.o module_cmu_dvode_solver.o module_ctrans_aqchem.o module_data_cbmz.o module_data_cmu_bulkaqchem.o module_data_gocartchem.o module_data_gocart_seas.o module_data_mosaic_asect.o module_data_mosaic_other.o module_data_mosaic_therm.o module_data_radm2.o module_data_rrtmgaeropt.o module_data_megan2.o module_data_soa_vbs.o module_data_sorgam.o module_kpp_racm_esrlsorg_aqchem_Integr.o module_kpp_racm_esrlsorg_aqchem_Precision.o module_kpp_racm_esrlsorg_aqchem_Parameters.o module_kpp_racm_esrlsorg_aqchem_Jacobian.o module_kpp_racm_esrlsorg_aqchem_JacobianSP.o module_kpp_racm_esrlsorg_aqchem_Update_Rconst.o module_kpp_racm_esrlsorg_aqchem_interface.o module_kpp_mozart_mosaic_4bin_vbs0_Integr.o module_kpp_mozart_mosaic_4bin_vbs0_Precision.o module_kpp_mozart_mosaic_4bin_vbs0_Parameters.o module_kpp_mozart_mosaic_4bin_vbs0_Jacobian.o module_kpp_mozart_mosaic_4bin_vbs0_JacobianSP.o module_kpp_mozart_mosaic_4bin_vbs0_Update_Rconst.o module_kpp_mozart_mosaic_4bin_vbs0_interface.o module_kpp_saprc99_Integr.o module_kpp_saprc99_Precision.o module_kpp_saprc99_Parameters.o module_kpp_saprc99_Jacobian.o module_kpp_saprc99_JacobianSP.o module_kpp_saprc99_Update_Rconst.o module_kpp_saprc99_interface.o module_kpp_nmhc9_Integr.o module_kpp_nmhc9_Precision.o module_kpp_nmhc9_Parameters.o module_kpp_nmhc9_Jacobian.o module_kpp_nmhc9_JacobianSP.o module_kpp_nmhc9_Update_Rconst.o module_kpp_nmhc9_interface.o module_kpp_mozcart_Integr.o module_kpp_mozcart_Precision.o module_kpp_mozcart_Parameters.o module_kpp_mozcart_Jacobian.o module_kpp_mozcart_JacobianSP.o module_kpp_mozcart_Update_Rconst.o module_kpp_mozcart_interface.o module_kpp_gocartracm_Integr.o module_kpp_gocartracm_Precision.o module_kpp_gocartracm_Parameters.o module_kpp_gocartracm_Jacobian.o module_kpp_gocartracm_JacobianSP.o module_kpp_gocartracm_Update_Rconst.o module_kpp_gocartracm_interface.o module_kpp_racm_esrlsorg_Integr.o module_kpp_racm_esrlsorg_Precision.o module_kpp_racm_esrlsorg_Parameters.o module_kpp_racm_esrlsorg_Jacobian.o module_kpp_racm_esrlsorg_JacobianSP.o module_kpp_racm_esrlsorg_Update_Rconst.o module_kpp_racm_esrlsorg_interface.o module_kpp_mozart_Integr.o module_kpp_mozart_Precision.o module_kpp_mozart_Parameters.o module_kpp_mozart_Jacobian.o module_kpp_mozart_JacobianSP.o module_kpp_mozart_Update_Rconst.o module_kpp_mozart_interface.o module_kpp_racm_Integr.o module_kpp_racm_Precision.o module_kpp_racm_Parameters.o module_kpp_racm_Jacobian.o module_kpp_racm_JacobianSP.o module_kpp_racm_Update_Rconst.o module_kpp_racm_interface.o module_kpp_racmpm_Integr.o module_kpp_racmpm_Precision.o module_kpp_racmpm_Parameters.o module_kpp_racmpm_Jacobian.o module_kpp_racmpm_JacobianSP.o module_kpp_racmpm_Update_Rconst.o module_kpp_racmpm_interface.o module_kpp_cri_mosaic_4bin_aq_Integr.o module_kpp_cri_mosaic_4bin_aq_Precision.o module_kpp_cri_mosaic_4bin_aq_Parameters.o module_kpp_cri_mosaic_4bin_aq_Jacobian.o module_kpp_cri_mosaic_4bin_aq_JacobianSP.o module_kpp_cri_mosaic_4bin_aq_Update_Rconst.o module_kpp_cri_mosaic_4bin_aq_interface.o module_kpp_r2smh_Integr.o module_kpp_r2smh_Precision.o module_kpp_r2smh_Parameters.o module_kpp_r2smh_Jacobian.o module_kpp_r2smh_JacobianSP.o module_kpp_r2smh_Update_Rconst.o module_kpp_r2smh_interface.o module_kpp_crimech_Integr.o module_kpp_crimech_Precision.o module_kpp_crimech_Parameters.o module_kpp_crimech_Jacobian.o module_kpp_crimech_JacobianSP.o module_kpp_crimech_Update_Rconst.o module_kpp_crimech_interface.o module_kpp_racm_soa_vbs_Integr.o module_kpp_racm_soa_vbs_Precision.o module_kpp_racm_soa_vbs_Parameters.o module_kpp_racm_soa_vbs_Jacobian.o module_kpp_racm_soa_vbs_JacobianSP.o module_kpp_racm_soa_vbs_Update_Rconst.o module_kpp_racm_soa_vbs_interface.o module_kpp_racmsorg_Integr.o module_kpp_racmsorg_Precision.o module_kpp_racmsorg_Parameters.o module_kpp_racmsorg_Jacobian.o module_kpp_racmsorg_JacobianSP.o module_kpp_racmsorg_Update_Rconst.o module_kpp_racmsorg_interface.o module_kpp_radm2sorg_Integr.o module_kpp_radm2sorg_Precision.o module_kpp_radm2sorg_Parameters.o module_kpp_radm2sorg_Jacobian.o module_kpp_radm2sorg_JacobianSP.o module_kpp_radm2sorg_Update_Rconst.o module_kpp_radm2sorg_interface.o module_kpp_saprc99_mosaic_4bin_vbs2_Integr.o module_kpp_saprc99_mosaic_4bin_vbs2_Precision.o module_kpp_saprc99_mosaic_4bin_vbs2_Parameters.o module_kpp_saprc99_mosaic_4bin_vbs2_Jacobian.o module_kpp_saprc99_mosaic_4bin_vbs2_JacobianSP.o module_kpp_saprc99_mosaic_4bin_vbs2_Update_Rconst.o module_kpp_saprc99_mosaic_4bin_vbs2_interface.o module_kpp_racm_mim_Integr.o module_kpp_racm_mim_Precision.o module_kpp_racm_mim_Parameters.o module_kpp_racm_mim_Jacobian.o module_kpp_racm_mim_JacobianSP.o module_kpp_racm_mim_Update_Rconst.o module_kpp_racm_mim_interface.o module_kpp_cbmz_bb_Integr.o module_kpp_cbmz_bb_Precision.o module_kpp_cbmz_bb_Parameters.o module_kpp_cbmz_bb_Jacobian.o module_kpp_cbmz_bb_JacobianSP.o module_kpp_cbmz_bb_Update_Rconst.o module_kpp_cbmz_bb_interface.o module_kpp_cbmz_mosaic_Integr.o module_kpp_cbmz_mosaic_Precision.o module_kpp_cbmz_mosaic_Parameters.o module_kpp_cbmz_mosaic_Jacobian.o module_kpp_cbmz_mosaic_JacobianSP.o module_kpp_cbmz_mosaic_Update_Rconst.o module_kpp_cbmz_mosaic_interface.o module_kpp_radm2_Integr.o module_kpp_radm2_Precision.o module_kpp_radm2_Parameters.o module_kpp_radm2_Jacobian.o module_kpp_radm2_JacobianSP.o module_kpp_radm2_Update_Rconst.o module_kpp_radm2_interface.o module_kpp_racmsorg_aqchem_Integr.o module_kpp_racmsorg_aqchem_Precision.o module_kpp_racmsorg_aqchem_Parameters.o module_kpp_racmsorg_aqchem_Jacobian.o module_kpp_racmsorg_aqchem_JacobianSP.o module_kpp_racmsorg_aqchem_Update_Rconst.o module_kpp_racmsorg_aqchem_interface.o module_kpp_cbm4_Integr.o module_kpp_cbm4_Precision.o module_kpp_cbm4_Parameters.o module_kpp_cbm4_Jacobian.o module_kpp_cbm4_JacobianSP.o module_kpp_cbm4_Update_Rconst.o module_kpp_cbm4_interface.o module_kpp_cri_mosaic_8bin_aq_Integr.o module_kpp_cri_mosaic_8bin_aq_Precision.o module_kpp_cri_mosaic_8bin_aq_Parameters.o module_kpp_cri_mosaic_8bin_aq_Jacobian.o module_kpp_cri_mosaic_8bin_aq_JacobianSP.o module_kpp_cri_mosaic_8bin_aq_Update_Rconst.o module_kpp_cri_mosaic_8bin_aq_interface.o module_wkppc_constants.o module_ftuv_subs.o module_ghg_fluxes.o module_gocart_drydep.o module_gocart_settling.o module_gocart_so2so4.o module_input_tracer_data.o module_interpolate.o module_mosaic_csuesat.o module_mozcart_wetscav.o module_peg_util.o module_tropopause.o module_upper_bc_driver.o module_vertmx_wrf.o module_wave_data.o module_wetdep_ls.o module_zero_plumegen_coms.o module_vash_settling.o module_chem_plumerise_scalar.o module_dep_simple.o module_gocart_dmsemis.o module_gocart_aerosols.o module_gocart_dust.o module_gocart_dust_afwa.o module_gocart_seasalt.o module_mosaic_addemiss.o module_mosaic_initmixrats.o module_mosaic_movesect.o module_mosaic_newnuc.o module_cbmz_lsodes_solver.o module_cbmz_rodas3_solver.o module_cmu_bulkaqchem.o module_data_mgn2mech.o module_ftuv_driver.o module_fastj_data.o module_fastj_mie.o module_input_chem_data.o module_mosaic_coag.o module_mosaic_wetscav.o module_mosaic_therm.o module_phot_mad.o module_radm.o module_sorgam_aqchem.o module_aerosols_soa_vbs.o module_aerosols_sorgam.o module_bioemi_megan2.o module_bioemi_simple.o module_cbm4_initmixrats.o module_cbmz.o module_cbmz_initmixrats.o module_cbmz_rodas_prep.o module_ctrans_grell.o module_gocart_chem.o module_input_tracer.o module_lightning_nox_driver.o module_lightning_nox_ott.o module_lightning_nox_decaria.o module_mixactivate_wrappers.o module_mosaic_driver.o module_optical_averaging.o module_plumerise1.o module_mosaic_drydep.o module_wetscav_driver.o module_input_chem_bioemiss.o module_input_dust_errosion.o module_input_gocart_dms.o module_cbmz_addemiss.o module_cbm4_addemiss.o module_emissions_anthropogenics.o module_aer_drydep.o module_cam_mam_calcsize.o module_cam_mam_dust_sediment.o module_cam_mam_drydep.o module_cam_mam_init.o module_cam_mam_initaerodata.o module_cam_mam_initmixrats.o module_cam_mam_rename.o module_cam_mam_wateruptake.o module_cam_mam_gasaerexch.o module_cam_mam_coag.o module_cam_mam_newnuc.o module_cam_mam_aerchem_driver.o module_cam_mam_addemiss.o module_cam_mam_wetscav.o module_cam_mam_mz_aerosols_intr.o module_cam_mam_wetdep.o module_cam_mam_cloudchem.o module_cam_mam_setsox.o module_cam_mam_mo_chem_utls.o module_mosaic_cloudchem.o module_sorgam_cloudchem.o module_cam_mam_gas_wetdep_driver.o module_cam_mam_mo_sethet.o module_phot_fastj.o kpp_mechanism_driver.o chemics_init.o chem_driver.o cloudchem_driver.o photolysis_driver.o optical_driver.o mechanism_driver.o emissions_driver.o dry_dep_driver.o aerosol_driver.o 
make[2]: Leaving directory `/global/scratch/azare/Josh/WRFV3/chem'
if [ 1 -eq 0 ] ; then \
	  if  [ "`echo -j 2 | sed -e 's/-j//g' -e 's/ \+//g'`" -gt "16" ] ; then \
	    ( cd chem ; make -i -r -j 16 ) ;  \
	  else \
	    ( cd chem ; make -i -r -j 2 ) ; \
	  fi \
	fi
make[1]: Leaving directory `/global/scratch/azare/Josh/WRFV3'
if [ 1 -eq 1 ]    ; then make -i -r MODULE_DIRS="-I../dyn_em -I../dyn_nmm   -I/global/scratch/azare/Josh/WRFV3/external/esmf_time_f90  -I/global/scratch/azare/Josh/WRFV3/main -I/global/scratch/azare/Josh/WRFV3/external/io_netcdf -I/global/scratch/azare/Josh/WRFV3/external/io_int -I/global/scratch/azare/Josh/WRFV3/frame -I/global/scratch/azare/Josh/WRFV3/share -I/global/scratch/azare/Josh/WRFV3/phys -I/global/scratch/azare/Josh/WRFV3/chem -I/global/scratch/azare/Josh/WRFV3/inc -I/global/software/sl-6.x86_64/modules/intel/2013_sp1.4.211/netcdf/4.3.2-intel-p/include " em_core ; fi
make[1]: Entering directory `/global/scratch/azare/Josh/WRFV3'
--------------------------------------
if [ 1  -eq 0 ] ; then \
		CF= ; \
	else \
		CF="../chem/module_aerosols_sorgam.o ../chem/module_gocart_aerosols.o ../chem/module_mosaic_driver.o ../chem/module_input_tracer.o ../chem/module_aerosols_soa_vbs.o" ; \
	fi
( cd dyn_em ; make -i -r -j 2 CF="" )
make[2]: Entering directory `/global/scratch/azare/Josh/WRFV3/dyn_em'
ar ru ../main/libwrflib.a module_advect_em.o module_diffusion_em.o module_small_step_em.o module_big_step_utilities_em.o module_em.o module_solvedebug_em.o module_bc_em.o module_init_utilities.o module_wps_io_arw.o module_damping_em.o module_polarfft.o module_force_scm.o module_first_rk_step_part1.o module_first_rk_step_part2.o module_avgflx_em.o module_sfs_nba.o module_convtrans_prep.o module_sfs_driver.o module_stoch.o  init_modules_em.o solve_em.o start_em.o shift_domain_em.o couple_or_uncouple_em.o nest_init_utils.o adapt_timestep_em.o interp_domain_em.o
make[2]: Leaving directory `/global/scratch/azare/Josh/WRFV3/dyn_em'
make[1]: Leaving directory `/global/scratch/azare/Josh/WRFV3'
if [ 0 -eq 1 ]   ; then make -i -r MODULE_DIRS="-I../dyn_em -I../dyn_nmm   -I/global/scratch/azare/Josh/WRFV3/external/esmf_time_f90  -I/global/scratch/azare/Josh/WRFV3/main -I/global/scratch/azare/Josh/WRFV3/external/io_netcdf -I/global/scratch/azare/Josh/WRFV3/external/io_int -I/global/scratch/azare/Josh/WRFV3/frame -I/global/scratch/azare/Josh/WRFV3/share -I/global/scratch/azare/Josh/WRFV3/phys -I/global/scratch/azare/Josh/WRFV3/chem -I/global/scratch/azare/Josh/WRFV3/inc -I/global/software/sl-6.x86_64/modules/intel/2013_sp1.4.211/netcdf/4.3.2-intel-p/include " nmm_core ; fi
if [ 0 -eq 1 ]   ; then make -i -r MODULE_DIRS="-I../dyn_em -I../dyn_nmm   -I/global/scratch/azare/Josh/WRFV3/external/esmf_time_f90  -I/global/scratch/azare/Josh/WRFV3/main -I/global/scratch/azare/Josh/WRFV3/external/io_netcdf -I/global/scratch/azare/Josh/WRFV3/external/io_int -I/global/scratch/azare/Josh/WRFV3/frame -I/global/scratch/azare/Josh/WRFV3/share -I/global/scratch/azare/Josh/WRFV3/phys -I/global/scratch/azare/Josh/WRFV3/chem -I/global/scratch/azare/Josh/WRFV3/inc -I/global/software/sl-6.x86_64/modules/intel/2013_sp1.4.211/netcdf/4.3.2-intel-p/include " exp_core ; fi
if [ 0 -eq 1 ]   ; then make -i -r MODULE_DIRS="-I../dyn_em -I../dyn_nmm   -I/global/scratch/azare/Josh/WRFV3/external/esmf_time_f90  -I/global/scratch/azare/Josh/WRFV3/main -I/global/scratch/azare/Josh/WRFV3/external/io_netcdf -I/global/scratch/azare/Josh/WRFV3/external/io_int -I/global/scratch/azare/Josh/WRFV3/frame -I/global/scratch/azare/Josh/WRFV3/share -I/global/scratch/azare/Josh/WRFV3/phys -I/global/scratch/azare/Josh/WRFV3/chem -I/global/scratch/azare/Josh/WRFV3/inc -I/global/software/sl-6.x86_64/modules/intel/2013_sp1.4.211/netcdf/4.3.2-intel-p/include " wrf_hydro ; fi
( cd main ; make -i -r MODULE_DIRS="-I../dyn_em -I../dyn_nmm   -I/global/scratch/azare/Josh/WRFV3/external/esmf_time_f90  -I/global/scratch/azare/Josh/WRFV3/main -I/global/scratch/azare/Josh/WRFV3/external/io_netcdf -I/global/scratch/azare/Josh/WRFV3/external/io_int -I/global/scratch/azare/Josh/WRFV3/frame -I/global/scratch/azare/Josh/WRFV3/share -I/global/scratch/azare/Josh/WRFV3/phys -I/global/scratch/azare/Josh/WRFV3/chem -I/global/scratch/azare/Josh/WRFV3/inc -I/global/software/sl-6.x86_64/modules/intel/2013_sp1.4.211/netcdf/4.3.2-intel-p/include " SOLVER=em em_wrf )
make[1]: Entering directory `/global/scratch/azare/Josh/WRFV3/main'
ranlib libwrflib.a
mpif90 -f90=ifort -o wrf.exe  -O2 -ip -fp-model precise -w -ftz -align all -fno-alias -FR -convert big_endian   -ip   wrf.o ../main/module_wrf_top.o libwrflib.a /global/scratch/azare/Josh/WRFV3/external/fftpack/fftpack5/libfftpack.a /global/scratch/azare/Josh/WRFV3/external/io_grib1/libio_grib1.a /global/scratch/azare/Josh/WRFV3/external/io_grib_share/libio_grib_share.a /global/scratch/azare/Josh/WRFV3/external/io_int/libwrfio_int.a -L/global/scratch/azare/Josh/WRFV3/external/esmf_time_f90 -lesmf_time /global/scratch/azare/Josh/WRFV3/external/RSL_LITE/librsl_lite.a /global/scratch/azare/Josh/WRFV3/frame/module_internal_header_util.o /global/scratch/azare/Josh/WRFV3/frame/pack_utils.o  -L/global/scratch/azare/Josh/WRFV3/external/io_netcdf -lwrfio_nf -L/global/software/sl-6.x86_64/modules/intel/2013_sp1.4.211/netcdf/4.3.2-intel-p/lib -lnetcdff -lnetcdf      
make[1]: Leaving directory `/global/scratch/azare/Josh/WRFV3/main'
( cd run ; /bin/rm -f wrf.exe ; ln -s ../main/wrf.exe . )
if [ 0 -eq 1 ] ; then \
	  ( cd main ; make -i -r MODULE_DIRS="-I../dyn_em -I../dyn_nmm   -I/global/scratch/azare/Josh/WRFV3/external/esmf_time_f90  -I/global/scratch/azare/Josh/WRFV3/main -I/global/scratch/azare/Josh/WRFV3/external/io_netcdf -I/global/scratch/azare/Josh/WRFV3/external/io_int -I/global/scratch/azare/Josh/WRFV3/frame -I/global/scratch/azare/Josh/WRFV3/share -I/global/scratch/azare/Josh/WRFV3/phys -I/global/scratch/azare/Josh/WRFV3/chem -I/global/scratch/azare/Josh/WRFV3/inc -I/global/software/sl-6.x86_64/modules/intel/2013_sp1.4.211/netcdf/4.3.2-intel-p/include " SOLVER=em em_wrf_SST_ESMF ) ; \
	fi
build started:   Mon Mar 14 15:59:18 PDT 2016
build completed: Mon Mar 14 15:59:33 PDT 2016
--------------------------------------
( cd chem ; make -i -r MODULE_DIRS="-I../dyn_em -I../dyn_nmm   -I/global/scratch/azare/Josh/WRFV3/external/esmf_time_f90  -I/global/scratch/azare/Josh/WRFV3/main -I/global/scratch/azare/Josh/WRFV3/external/io_netcdf -I/global/scratch/azare/Josh/WRFV3/external/io_int -I/global/scratch/azare/Josh/WRFV3/frame -I/global/scratch/azare/Josh/WRFV3/share -I/global/scratch/azare/Josh/WRFV3/phys -I/global/scratch/azare/Josh/WRFV3/chem -I/global/scratch/azare/Josh/WRFV3/inc -I/global/software/sl-6.x86_64/modules/intel/2013_sp1.4.211/netcdf/4.3.2-intel-p/include " SOLVER=em IDEAL_CASE=real convert_emiss )
make[1]: Entering directory `/global/scratch/azare/Josh/WRFV3/chem'
ranlib ../main/libwrflib.a
mpif90 -f90=ifort -o convert_emiss.exe  -O2 -ip -fp-model precise -w -ftz -align all -fno-alias -FR -convert big_endian   -ip   convert_emiss.o ../main/libwrflib.a /global/scratch/azare/Josh/WRFV3/external/fftpack/fftpack5/libfftpack.a /global/scratch/azare/Josh/WRFV3/external/io_grib1/libio_grib1.a /global/scratch/azare/Josh/WRFV3/external/io_grib_share/libio_grib_share.a /global/scratch/azare/Josh/WRFV3/external/io_int/libwrfio_int.a -L/global/scratch/azare/Josh/WRFV3/external/esmf_time_f90 -lesmf_time /global/scratch/azare/Josh/WRFV3/external/RSL_LITE/librsl_lite.a /global/scratch/azare/Josh/WRFV3/frame/module_internal_header_util.o /global/scratch/azare/Josh/WRFV3/frame/pack_utils.o  -L/global/scratch/azare/Josh/WRFV3/external/io_netcdf -lwrfio_nf -L/global/software/sl-6.x86_64/modules/intel/2013_sp1.4.211/netcdf/4.3.2-intel-p/lib -lnetcdff -lnetcdf      
make[1]: Leaving directory `/global/scratch/azare/Josh/WRFV3/chem'
( cd test/em_real ; /bin/rm -f convert_emiss.exe ; ln -s ../../chem/convert_emiss.exe . )
( cd test/em_real ; /bin/rm -f README.namelist ; ln -s ../../run/README.namelist . )
( cd run ; if test -f namelist.input ; then \
		/bin/cp -f namelist.input namelist.input.backup ; fi ; \
		/bin/rm -f namelist.input ; ln -s ../test/em_real/namelist.input . )
