10c10
<  {009:J09} HNO4+hv=0.80 HO2+0.80 NO2+0.20 HO+0.20 NO3+0.80 PNOX : j(Pj_hno4) ;
---
>  {009:J09} HNO4+hv=0.80 HO2+0.80 NO2+0.20 HO+0.20 NO3+PNOX : j(Pj_hno4) ;
34c34
<  {033:J33} PAN+hv=MO2+CO2+NO3 : j(Pj_panb) ;
---
>  {033:J33} PAN+hv=MO2+CO2+NO3+PNOX+PNOXPAN : j(Pj_panb) ;
38c38
<  {037:004} O3+NO2=NO3{+O2}+LNOX : ARR2( 1.40D-13 , 2470.0_dp, TEMP ) ;
---
>  {037:004} O3+NO2=NO3{+O2} : ARR2( 1.40D-13 , 2470.0_dp, TEMP ) ;
50c50
<  {050:017} HO2+NO=NO2+HO+PO3 : ARR2( 3.60D-12 , -270.0_dp, TEMP ) ; 
---
>  {050:017} HO2+NO=NO2+HO : ARR2( 3.60D-12 , -270.0_dp, TEMP ) ; 
54c54
<  {054:021} O3P+NO2=NO3+LNOX : TROE( 2.50D-31 , 1.8_dp , 2.20D-11 , 0.7_dp , TEMP, C_M) ;
---
>  {054:021} O3P+NO2=NO3 : TROE( 2.50D-31 , 1.8_dp , 2.20D-11 , 0.7_dp , TEMP, C_M) ;
56,63c56,63
<  {056:023} HO+HNO3=NO3+H2O+LHNO3 : k46(TEMP,C_M) ; 
<  {057:024} HO+NO3=NO2+HO2+PNOX : 2.00D-11 ;
<  {058:025} HO2+NO3=0.3 HNO3+0.7 NO2+0.7 HO {+O2}+0.7 PNOX+0.3 PHNO3 : 4.00D-12 ;
<  {059:026} NO3+NO=NO2+NO2+PNOX : ARR2( 1.80D-11 , -110.0_dp , TEMP) ;
<  {060:027} NO3+NO2=NO+NO2{+O2}+PNOX : ARR2( 4.50D-14, 1260.0_dp, TEMP ) ; 
<  {061:028} NO3+NO3=NO2+NO2{+O2}+2.0 PNOX : ARR2( 8.50D-13 , 2450.0_dp, TEMP ) ;
<  {062:029} NO3+NO2=N2O5+LNOX : TROE( 2.00D-30 , 4.4_dp , 1.40D-12 , 0.7_dp , TEMP, C_M) ;
<  {063:030} N2O5=NO2+NO3+PNOX : TROEE(3.70D26,11000.0_dp, 2.00D-30 , 4.4_dp , 1.40D-12 , 0.7_dp , TEMP, C_M ) ;
---
>  {056:023} HO+HNO3=NO3+H2O+PNOX+LHNO3+PNOXHNO3: k46(TEMP,C_M) ; 
>  {057:024} HO+NO3=NO2+HO2 : 2.00D-11 ;
>  {058:025} HO2+NO3=0.3 HNO3+0.7 NO2+0.7 HO {+O2}+0.3 LNOX+0.3 PHNO3+0.3 LNOXHNO3 : 4.00D-12 ;
>  {059:026} NO3+NO=NO2+NO2 : ARR2( 1.80D-11 , -110.0_dp , TEMP) ;
>  {060:027} NO3+NO2=NO+NO2{+O2} : ARR2( 4.50D-14, 1260.0_dp, TEMP ) ; 
>  {061:028} NO3+NO3=NO2+NO2{+O2} : ARR2( 8.50D-13 , 2450.0_dp, TEMP ) ;
>  {062:029} NO3+NO2=N2O5 : TROE( 2.00D-30 , 4.4_dp , 1.40D-12 , 0.7_dp , TEMP, C_M) ;
>  {063:030} N2O5=NO2+NO3 : TROEE(3.70D26,11000.0_dp, 2.00D-30 , 4.4_dp , 1.40D-12 , 0.7_dp , TEMP, C_M ) ;
118,119c118,119
<  {118:085} PAN+HO=HCHO+NO3+XO2+H2O : 4.00D-14 ;
<  {119:086} PPN+HO=HCHO+NO3+XO2+H2O : 4.00D-14 ;
---
>  {118:085} PAN+HO=HCHO+NO3+XO2+H2O+PNOX+PNOXPAN : 4.00D-14 ;
>  {119:086} PPN+HO=HCHO+NO3+XO2+H2O+PNOX : 4.00D-14 ;
123c123
<  {123:090} ISON+NO3=0.70 ISN1+0.035 MVK+0.035 MACR+1.3 NO2+0.80 HO2+0.070 HCHO+0.23 HC5+1.3 PNOX+0.70 PISN:  2.30D-12;
---
>  {123:090} ISON+NO3=0.70 ISN1+0.035 MVK+0.035 MACR+1.3 NO2+0.80 HO2+0.070 HCHO+0.23 HC5+0.3 PNOXON+0.3 PNOX+0.70 PISN:  2.30D-12;
139,156c139,156
<  {139:106} ETE+NO3=0.80 OLNN+0.20 OLND : (THERMAL_T2( 4.88D-18 , 2282.0_dp,TEMP )) ;
<  {140:107} OLT+NO3=0.43 OLNN+0.57 OLND : ARR2( 1.79D-13 , 450.0_dp, TEMP ) ;
<  {141:108} OLI+NO3=0.11 OLNN+0.89 OLND : ARR2( 8.64D-13 , -450.0_dp, TEMP ) ;
<  {142:109} DIEN+NO3=0.90 OLNN+0.10 OLND+0.90 MACR : 1.00D-13 ;
<  {143:110} ISO+NO3=1.00 ISON : ARR2(3.03D-12, 448.0_dp, TEMP) ;
<  {144:111} API+NO3=0.10 TOLNN+0.90 TOLND : ARR2( 1.19D-12 , -490.0_dp, TEMP ) ;
<  {145:112} LIM+NO3=0.71 TOLNN+0.29 TOLND : 1.22D-11 ;
<  {146:113} HCHO+NO3=HO2+HNO3+CO+PHNO3 : ARR2( 2.00D-12, 2440.0_dp, TEMP ) ;
<  {147:114} ACD+NO3=ACO3+HNO3+PHNO3 : ARR2( 1.40D-12 , 1900.0_dp , TEMP ) ;
<  {148:115} ALD+NO3=RCO3+HNO3+PHNO3 : ARR2( 3.76D-12 , 1900.0_dp, TEMP ) ;
<  {149:116} MACR+NO3=MACP+HNO3+PHNO3 : 3.4D-15 ; 
<  {150:117} UALD+NO3=MACP+HNO3+PHNO3 : ARR2(5.02D-13 , 1076.0_dp , TEMP ) ;
<  {151:118} GLY+NO3=HNO3+HO2+2.0 CO+PHNO3 : ARR2( 2.90D-12 , 1900.0_dp, TEMP ) ;
<  {152:119} MGLY+NO3=HNO3+ACO3+CO+PHNO3 : ARR2( 3.76D-12 , 1900.0_dp, TEMP ) ;
<  {153:120} PHEN+NO3=0.5 HNO3+0.4 CHO+0.5 ADCN+0.1 ADDC+0.5 PHNO3 : 3.78D-12 ;
<  {154:121} CSL+NO3=0.5 HNO3+0.4 CHO+0.5 ADCN+0.1 ADDC+0.5 PHNO3 : 1.06D-12 ;
<  {155:122} EPX+NO3=1.50 HO2+0.50 HO+1.50 CO+1.00 GLY+0.50 CO2+0.50 NO2+0.50 HNO3+0.50 PNOX+0.5 PHNO3 : ARR2( 2.87D-13 , 1000.0_dp , TEMP ) ;
<  {156:123} MCT+NO3=MCTO+HNO3+PHNO3 : 2.01D-10 ;
---
>  {139:106} ETE+NO3=0.80 OLNN+0.20 OLND+LNOX+LNOXON : (THERMAL_T2( 4.88D-18 , 2282.0_dp,TEMP )) ;
>  {140:107} OLT+NO3=0.43 OLNN+0.57 OLND+LNOX+LNOXON : ARR2( 1.79D-13 , 450.0_dp, TEMP ) ;
>  {141:108} OLI+NO3=0.11 OLNN+0.89 OLND+LNOX+LNOXON : ARR2( 8.64D-13 , -450.0_dp, TEMP ) ;
>  {142:109} DIEN+NO3=0.90 OLNN+0.10 OLND+0.90 MACR+LNOX+LNOXON : 1.00D-13 ;
>  {143:110} ISO+NO3=1.00 ISON+LNOX+LNOXON : ARR2(3.03D-12, 448.0_dp, TEMP) ;
>  {144:111} API+NO3=0.10 TOLNN+0.90 TOLND+LNOX+LNOXONM+LNOXON : ARR2( 1.19D-12 , -490.0_dp, TEMP ) ;
>  {145:112} LIM+NO3=0.71 TOLNN+0.29 TOLND+LNOX+LNOXONM+LNOXON : 1.22D-11 ;
>  {146:113} HCHO+NO3=HO2+HNO3+CO+LNOX+PHNO3+LNOXHNO3 : ARR2( 2.00D-12, 2440.0_dp, TEMP ) ;
>  {147:114} ACD+NO3=ACO3+HNO3+LNOX+PHNO3+LNOXHNO3 : ARR2( 1.40D-12 , 1900.0_dp , TEMP ) ;
>  {148:115} ALD+NO3=RCO3+HNO3+LNOX+PHNO3+LNOXHNO3 : ARR2( 3.76D-12 , 1900.0_dp, TEMP ) ;
>  {149:116} MACR+NO3=MACP+HNO3+LNOX+PHNO3+LNOXHNO3 : 3.4D-15 ; 
>  {150:117} UALD+NO3=MACP+HNO3+LNOX+PHNO3+LNOXHNO3 : ARR2(5.02D-13 , 1076.0_dp , TEMP ) ;
>  {151:118} GLY+NO3=HNO3+HO2+2.0 CO+LNOX+PHNO3+LNOXHNO3 : ARR2( 2.90D-12 , 1900.0_dp, TEMP ) ;
>  {152:119} MGLY+NO3=HNO3+ACO3+CO+LNOX+PHNO3+LNOXHNO3 : ARR2( 3.76D-12 , 1900.0_dp, TEMP ) ;
>  {153:120} PHEN+NO3=0.5 HNO3+0.4 CHO+0.5 ADCN+0.1 ADDC+LNOX+0.5 PHNO3+LNOXHNO3 : 3.78D-12 ;
>  {154:121} CSL+NO3=0.5 HNO3+0.4 CHO+0.5 ADCN+0.1 ADDC+LNOX+0.5 PHNO3+LNOXHNO3 : 1.06D-12 ;
>  {155:122} EPX+NO3=1.50 HO2+0.50 HO+1.50 CO+1.00 GLY+0.50 CO2+0.50 NO2+0.50 HNO3+0.50 LNOX+0.5 PHNO3+LNOXHNO3 : ARR2( 2.87D-13 , 1000.0_dp , TEMP ) ;
>  {156:123} MCT+NO3=MCTO+HNO3+LNOX+PHNO3+LNOXHNO3 : 2.01D-10 ;
166,167c166,167
<  {166:133} RCO3+NO2=PPN+LNOXPAN+LNOX : TROE( 9.70D-29 , 5.6_dp , 9.30D-12 , 1.5_dp , TEMP, C_M) ;
<  {167:134} PPN=RCO3+NO2+PNOX+PNOXPAN : TROEE(1.11D28,14000.0_dp, 9.70D-29 , 5.6_dp , 9.30D-12 , 1.5_dp , TEMP, C_M ) ;
---
>  {166:133} RCO3+NO2=PPN+LNOX : TROE( 9.70D-29 , 5.6_dp , 9.30D-12 , 1.5_dp , TEMP, C_M) ;
>  {167:134} PPN=RCO3+NO2+PNOX : TROEE(1.11D28,14000.0_dp, 9.70D-29 , 5.6_dp , 9.30D-12 , 1.5_dp , TEMP, C_M ) ;
170,205c170,205
<  {170:137} MO2+NO=HCHO+HO2+NO2+PO3 : ARR2(2.80D-12 , -300.0_dp , TEMP ) ;
<  {171:138} ETHP+NO=ACD+HO2+NO2+PO3 : ARR2( 2.60D-12 , -365.0_dp , TEMP ) ;
<  {172:139} HC3P+NO=0.063 ONIT+0.002 MONIT+0.132 ALD+0.165 ACT+0.504 ACD+0.207 HO2+0.131 MO2+0.500 ETHP+0.089 XO2+0.935 NO2+0.042 MEK+0.065 LNOX+0.065 PONT+0.065 LNOXON+0.935 PO3 : 4.00D-12 ;
<  {173:140} HC5P+NO=0.018 HCHO+0.203 ALD+0.039 KET+0.438 HO2+0.051 MO2+0.231 ETHP+0.435 XO2+0.114 ONIT+0.022 MONIT+0.864 NO2+0.033 MEK+0.217 ACT+0.045 ACD+0.272 HKET+0.136 LNOX+0.136 LNOXON+0.136 PONT+0.864 PO3  : 4.00D-12 ;
<  {174:141} HC8P+NO=0.163 ALD+0.698 KET+0.145 ETHP+0.197 ONIT+0.803 NO2+0.658 HO2+0.452 XO2+0.197 LNOX+0.197 LNOXON+0.197 PONT+0.803 PO3: 4.00D-12 ;
<  {175:142} ETEP+NO=1.6 HCHO+HO2+NO2+0.2 ALD+PO3  : 9.00D-12 ;
<  {176:143} OLTP+NO=0.44 ALD+0.78 HCHO+0.78 HO2+0.97 NO2+0.13 MEK+0.012 ACD+0.06 ACT+0.03 MONIT+0.03 LNOX+0.03 LNOXON+0.03 PONT+0.97 PO3: 4.00D-12 ;
<  {177:144} OLIP+NO=0.83 HO2+0.68 ALD+0.09 KET+0.95 NO2+0.035 MONIT+0.015 DONIT+0.81 ACD+0.02 HKET+0.20 ACT+0.05 LNOX+0.05 LNOXON+0.05 PONT+0.95 PO3: 4.00D-12 ;
<  {178:145} BENP+NO=0.082 AONIT+0.918 HO2+0.459 DCB2+0.918 NO2+0.459 DCB3+0.918 GLY+0.082 LNOX+0.082 LNOXON+0.082 PONT+0.918 PO3: ARR2( 2.54D-12 , -360.0_dp , TEMP ) ;
<  {179:146} TLP1+NO=1.00 NO2+1.00 BALD+PO3 : 4.00D-12 ;
<  {180:147} TOLP+NO=0.95 DCB2+0.95 NO2+0.95 HO2+0.05 AONIT+0.05 LNOX+0.05 LNOXON+0.05 PONT+0.95 PO3 : ARR2( 2.70D-12, -360.0_dp , TEMP ) ;
<  {181:148} PER1+NO=0.95 DCB1+0.95 NO2+0.95 MGLY+0.95 HO2+0.050 AONIT+0.95 BALD+0.05 LNOX+0.05 LNOXON+0.05 PONT+0.95 PO3: ARR2( 2.70D-12 , -360.0_dp , TEMP ) ;
<  {182:149} XYL1+NO=1.00 NO2+1.00 BALD+PO3 : 4.00D-12 ;
<  {183:150} XYLP+NO=0.95 DCB3+0.95 NO2+0.95 HO2+0.05 AONIT+0.05 LNOX+0.05 LNOXON+0.05 PONT+0.95 PO3: ARR2( 2.70D-12, -360.0_dp , TEMP ) ;
<  {184:151} PER2+NO=0.95 DCB1+0.95 NO2+0.95 MGLY+0.95 HO2+0.050 AONIT+1.05 DCB3+0.05 LNOX+0.05 LNOXON+0.05 PONT+0.95 PO3: ARR2( 2.70D-12, -360.0_dp , TEMP ) ;
<  {185:152} XYOP+NO=0.95 HO2+0.350 GLY+0.600 MGLY+0.700 DCB1+0.073 DCB2+0.177 DCB3+0.05 AONIT+0.95 NO2+0.05 LNOX+0.05 LNOXON+0.05 PONT+0.95 PO3: ARR2( 2.70D-12 , -360.0_dp , TEMP ) ;
<  {186:153} ISOP+NO=0.4 MVK+0.26 MACR+0.883 NO2+0.07 ISOPND+0.047 ISOPNB+0.66 HCHO+0.143 UHC+0.08 DIBOO+0.803 HO2+0.117 LNOX+0.117 LNOXON+0.117 PONI+0.883 PO3: ARR2(2.7D-12 , -360.0_dp , TEMP ) ;
<  {187:154} APIP+NO=0.74 HO2+0.388 ALD+0.74 NO2+0.397 KET+0.173 TONIT+0.087 UTONIT+0.208 HCHO+0.099 ACT+0.063 ORA1+0.26 LNOX+0.26 LNOXON+0.26 PONM+0.26 LNOXONM+0.74 PO3: 4.00D-12 ;
<  {188:155} LIMP+NO=0.22 UTONIT+0.686 HO2+0.491 UALD+0.231 HCHO+0.058 HAC+0.78 NO2+0.289 OLI+0.289 KET+0.22 LNOX+0.22 PONM+0.22 LNOXON+0.22 LNOXONM+0.78 PO3: 4.00D-12 ;
<  {189:156} ACO3+NO=MO2+NO2+PO3 : ARR2( 8.10D-12 , -270.0_dp , TEMP ) ;
<  {190:157} RCO3+NO=ETHP+NO2+PO3 : ARR2( 8.10D-12 , -270.0_dp , TEMP ) ;
<  {191:158} ACTP+NO=1.00 ACO3+1.00 NO2+1.00 HCHO+PO3 : ARR2( 2.90D-12 , -300.0_dp , TEMP ) ;
<  {192:159} MEKP+NO=0.67 DCB1+0.67 HO2+0.33 HCHO+1.00 NO2+PO3 : 4.00D-12 ;
<  {193:160} KETP+NO=0.531 MGLY+0.452 ALD+0.226 ACO3+0.757 HO2+0.157 XO2+0.983 NO2+0.017 MONIT+0.017 LNOX+0.017 LNOXON+0.017 PONT+0.983 PO3: 4.00D-12 ;
<  {194:161} MACP+NO=NO2+CO+CO2+HCHO+MO2+PO3 : ARR2(7.5D-12 , -290.0_dp , TEMP );
<  {195:162} MVKP+NO=0.716 GLYC+0.716 ACO3+0.249 MGLY+0.249 HCHO+0.249 HO2+0.035 MVKN+0.965 NO2+0.035 LNOX+0.035 LNOXON+0.035 PONIM+0.965 PO3: ARR2( 2.7D-12 , -350.0_dp , TEMP ) ;
<  {196:163} UALP+NO=1.00 NO2+1.00 HO2+0.61 CO+0.27 ALD+0.03 HCHO+0.18 GLY+0.21 MGLY+0.7 KET+PO3 : ARR2( 2.54D-12 , -360.0_dp , TEMP ) ;
<  {197:164} BALP+NO=BAL1+NO2+PO3 : 4.00D-12 ;
<  {198:165} BAL1+NO=BAL2+NO2+PO3 : 4.00D-12 ;
<  {199:166} ADDC+NO=1.00 NO2+1.00 HO2+0.68 GLY+0.68 OP2+0.32 HKET+PO3 : ARR2( 2.70D-12 , -360.0_dp , TEMP ) ;
<  {200:167} MCTP+NO=MCTO+NO2+PO3 : ARR2(2.70D-12 , -360.0_dp , TEMP ) ;
<  {201:168} ORAP+NO=NO2+GLY+HO2 +PO3: 4.00D-12 ;
<  {202:169} OLNN+NO=MONIT+NO2+HO2+PONT+PO3: 4.00D-12 ;
<  {203:170} OLND+NO=0.287 HCHO+1.24 ALD+0.464 KET+2.0 NO2+PNOX+PO3: 4.00D-12 ;
<  {204:171} ADCN+NO=1.00 GLY+2.00 NO2+1.00 OP2+PNOX+2.0 PO3: ARR2( 2.70D-12 , -360.0_dp , TEMP ) ;
<  {205:172} XO2+NO=NO2+PO3 : 4.00D-12 ;
---
>  {170:137} MO2+NO=HCHO+HO2+NO2 : ARR2(2.80D-12 , -300.0_dp , TEMP ) ;
>  {171:138} ETHP+NO=ACD+HO2+NO2 : ARR2( 2.60D-12 , -365.0_dp , TEMP ) ;
>  {172:139} HC3P+NO=0.063 ONIT+0.002 MONIT+0.132 ALD+0.165 ACT+0.504 ACD+0.207 HO2+0.131 MO2+0.500 ETHP+0.089 XO2+0.935 NO2+0.042 MEK+0.065 LNOX+0.065 PONT+0.065 LNOXON: 4.00D-12 ;
>  {173:140} HC5P+NO=0.018 HCHO+0.203 ALD+0.039 KET+0.438 HO2+0.051 MO2+0.231 ETHP+0.435 XO2+0.114 ONIT+0.022 MONIT+0.864 NO2+0.033 MEK+0.217 ACT+0.045 ACD+0.272 HKET+0.136 LNOX+LNOXON+0.136 PONT  : 4.00D-12 ;
>  {174:141} HC8P+NO=0.163 ALD+0.698 KET+0.145 ETHP+0.197 ONIT+0.803 NO2+0.658 HO2+0.452 XO2+0.197 LNOX+0.197 LNOXON+0.197 PONT: 4.00D-12 ;
>  {175:142} ETEP+NO=1.6 HCHO+HO2+NO2+0.2 ALD  : 9.00D-12 ;
>  {176:143} OLTP+NO=0.44 ALD+0.78 HCHO+0.78 HO2+0.97 NO2+0.13 MEK+0.012 ACD+0.06 ACT+0.03 MONIT+0.03 LNOX+0.03 LNOXON+0.03 PONT: 4.00D-12 ;
>  {177:144} OLIP+NO=0.83 HO2+0.68 ALD+0.09 KET+0.95 NO2+0.035 MONIT+0.015 DONIT+0.81 ACD+0.02 HKET+0.20 ACT+0.05 LNOX+0.05 LNOXON+0.05 PONT: 4.00D-12 ;
>  {178:145} BENP+NO=0.082 AONIT+0.918 HO2+0.459 DCB2+0.918 NO2+0.459 DCB3+0.918 GLY+0.082 LNOX+0.082 LNOXON+0.082 PONT: ARR2( 2.54D-12 , -360.0_dp , TEMP ) ;
>  {179:146} TLP1+NO=1.00 NO2+1.00 BALD : 4.00D-12 ;
>  {180:147} TOLP+NO=0.95 DCB2+0.95 NO2+0.95 HO2+0.05 AONIT+0.05 LNOX+0.05 LNOXON+0.05 PONT : ARR2( 2.70D-12, -360.0_dp , TEMP ) ;
>  {181:148} PER1+NO=0.95 DCB1+0.95 NO2+0.95 MGLY+0.95 HO2+0.050 AONIT+0.95 BALD+0.05 LNOX+0.05 LNOXON+0.05 PONT: ARR2( 2.70D-12 , -360.0_dp , TEMP ) ;
>  {182:149} XYL1+NO=1.00 NO2+1.00 BALD : 4.00D-12 ;
>  {183:150} XYLP+NO=0.95 DCB3+0.95 NO2+0.95 HO2+0.05 AONIT+0.05 LNOX+0.05 LNOXON+0.05 PONT: ARR2( 2.70D-12, -360.0_dp , TEMP ) ;
>  {184:151} PER2+NO=0.95 DCB1+0.95 NO2+0.95 MGLY+0.95 HO2+0.050 AONIT+1.05 DCB3+0.05 LNOX+0.05 LNOXON+0.05 PONT: ARR2( 2.70D-12, -360.0_dp , TEMP ) ;
>  {185:152} XYOP+NO=0.95 HO2+0.350 GLY+0.600 MGLY+0.700 DCB1+0.073 DCB2+0.177 DCB3+0.05 AONIT+0.95 NO2+0.05 LNOX+0.05 LNOXON+0.05 PONT: ARR2( 2.70D-12 , -360.0_dp , TEMP ) ;
>  {186:153} ISOP+NO=0.4 MVK+0.26 MACR+0.883 NO2+0.07 ISOPND+0.047 ISOPNB+0.66 HCHO+0.143 UHC+0.08 DIBOO+0.803 HO2+0.117 LNOX+0.117 LNOXON+0.117 PONI: ARR2(2.7D-12 , -360.0_dp , TEMP ) ;
>  {187:154} APIP+NO=0.74 HO2+0.388 ALD+0.74 NO2+0.397 KET+0.173 TONIT+0.087 UTONIT+0.208 HCHO+0.099 ACT+0.063 ORA1+0.26 LNOX+0.26 LNOXON+0.26 PONM+0.26 LNOXONM: 4.00D-12 ;
>  {188:155} LIMP+NO=0.22 UTONIT+0.686 HO2+0.491 UALD+0.231 HCHO+0.058 HAC+0.78 NO2+0.289 OLI+0.289 KET+0.22 LNOX+0.22 PONM+0.22 LNOXON+0.22 LNOXONM: 4.00D-12 ;
>  {189:156} ACO3+NO=MO2+NO2 : ARR2( 8.10D-12 , -270.0_dp , TEMP ) ;
>  {190:157} RCO3+NO=ETHP+NO2 : ARR2( 8.10D-12 , -270.0_dp , TEMP ) ;
>  {191:158} ACTP+NO=1.00 ACO3+1.00 NO2+1.00 HCHO : ARR2( 2.90D-12 , -300.0_dp , TEMP ) ;
>  {192:159} MEKP+NO=0.67 DCB1+0.67 HO2+0.33 HCHO+1.00 NO2 : 4.00D-12 ;
>  {193:160} KETP+NO=0.531 MGLY+0.452 ALD+0.226 ACO3+0.757 HO2+0.157 XO2+0.983 NO2+0.017 MONIT+0.017 LNOX+0.017 LNOXON+0.017 PONT: 4.00D-12 ;
>  {194:161} MACP+NO=NO2+CO+CO2+HCHO+MO2 : ARR2(7.5D-12 , -290.0_dp , TEMP );
>  {195:162} MVKP+NO=0.716 GLYC+0.716 ACO3+0.249 MGLY+0.249 HCHO+0.249 HO2+0.035 MVKN+0.965 NO2+0.035 LNOX+0.035 LNOXON+0.035 PONIM: ARR2( 2.7D-12 , -350.0_dp , TEMP ) ;
>  {196:163} UALP+NO=1.00 NO2+1.00 HO2+0.61 CO+0.27 ALD+0.03 HCHO+0.18 GLY+0.21 MGLY+0.7 KET : ARR2( 2.54D-12 , -360.0_dp , TEMP ) ;
>  {197:164} BALP+NO=BAL1+NO2 : 4.00D-12 ;
>  {198:165} BAL1+NO=BAL2+NO2 : 4.00D-12 ;
>  {199:166} ADDC+NO=1.00 NO2+1.00 HO2+0.68 GLY+0.68 OP2+0.32 HKET : ARR2( 2.70D-12 , -360.0_dp , TEMP ) ;
>  {200:167} MCTP+NO=MCTO+NO2 : ARR2(2.70D-12 , -360.0_dp , TEMP ) ;
>  {201:168} ORAP+NO=NO2+GLY+HO2 : 4.00D-12 ;
>  {202:169} OLNN+NO=MONIT+NO2+HO2+PONT: 4.00D-12 ;
>  {203:170} OLND+NO=0.287 HCHO+1.24 ALD+0.464 KET+2.0 NO2+PNOX: 4.00D-12 ;
>  {204:171} ADCN+NO=1.00 GLY+2.00 NO2+1.00 OP2+PNOX+PNOXON: ARR2( 2.70D-12 , -360.0_dp , TEMP ) ;
>  {205:172} XO2+NO=NO2 : 4.00D-12 ;
312,313c312,313
<  {312:279} OLND+ACO3=0.287 HCHO+1.24 ALD+0.464 KET+0.500 MO2+0.500 ORA2+NO2+PNOX : ARR2( 5.37D-13 , -765.0_dp , TEMP ) ;
<  {313:280} ADCN+ACO3=MO2+HO2+0.7 OP2+0.7 GLY+0.7 NO2+0.3 AONIT+0.7 PNOX+0.3 PONT : ARR2( 7.40D-13 , -708.0_dp , TEMP ) ;
---
>  {312:279} OLND+ACO3=0.287 HCHO+1.24 ALD+0.464 KET+0.500 MO2+0.500 ORA2+NO2+PNOX+PNOXON : ARR2( 5.37D-13 , -765.0_dp , TEMP ) ;
>  {313:280} ADCN+ACO3=MO2+HO2+0.7 OP2+0.7 GLY+0.7 NO2+0.3 AONIT+0.7 PNOX+0.3 PONT+0.7 PNOXON : ARR2( 7.40D-13 , -708.0_dp , TEMP ) ;
315,350c315,350
<  {315:282} MO2+NO3=HCHO+HO2+NO2+PNOX : 1.20D-12 ;
<  {316:283} ETHP+NO3=ACD+HO2+NO2+PNOX : 1.20D-12 ;
<  {317:284} HC3P+NO3=0.147 ALD+0.254 HO2+0.140 MO2+0.503 ETHP+0.092 XO2+NO2+0.519 ACD+0.075 MEK+0.095 ACT+PNOX  : 1.20D-12 ;
<  {318:285} HC5P+NO3=0.024 HCHO+0.241 ALD+0.060 KET+0.488 HO2+0.055 MO2+0.280 ETHP+0.485 XO2+NO2+0.063 MEK+0.247 ACT+0.048 ACD+0.275 HKET+PNOX : 1.20D-12 ;
<  {319:286} HC8P+NO3=0.203 ALD+0.869 KET+0.180 ETHP+NO2+0.820 HO2+0.563 XO2+PNOX : 1.20D-12 ;
<  {320:287} ETEP+NO3=1.6 HCHO+HO2+NO2+0.2 ALD+PNOX : 1.20D-12 ;
<  {321:288} OLTP+NO3=0.47 ALD+0.79 HCHO+0.79 HO2+NO2+0.18 MEK+0.02 ACD+0.09 ACT+PNOX : 1.20D-12 ;
<  {322:289} OLIP+NO3=0.86 HO2+0.72 ALD+0.11 KET+NO2+0.20 ACT+0.85 ACD+0.04 HKET+PNOX : 1.20D-12 ;
<  {323:290} BENP+NO3=HO2+GLY+0.50 DCB2+NO2+0.50 DCB3+PNOX : 1.20D-12 ;
<  {324:291} TLP1+NO3=NO2+BALD+PNOX : 1.20D-12 ;
<  {325:292} TOLP+NO3=DCB2+NO2+HO2+PNOX : 1.20D-12 ;
<  {326:293} PER1+NO3=DCB1+NO2+MGLY+HO2+BALD+PNOX : 1.20D-12 ; 
<  {327:294} XYL1+NO3=NO2+BALD+PNOX : 1.20D-12 ;
<  {328:295} XYLP+NO3=DCB3+NO2+HO2+PNOX : 1.20D-12 ;
<  {329:296} PER2+NO3=DCB1+NO2+MGLY+HO2+1.05 DCB3+PNOX : 1.20D-12 ;
<  {330:297} XYOP+NO3=HO2+0.368 GLY+0.632 MGLY+0.737 DCB1+0.077 DCB2+0.186 DCB3+NO2+PNOX : 1.20D-12 ;
<  {331:298} ISOP+NO3=0.438 MACR+0.610 MVK+HO2+NO2+1.05 HCHO+PNOX  : 1.20D-12 ;
<  {332:299} APIP+NO3=HO2+ALD+NO2+KET+PNOX : 1.20D-12 ;
<  {333:300} LIMP+NO3=HO2+0.615 MACR+0.385 OLI+0.385 HCHO+NO2+PNOX  : 1.20D-12 ;
<  {334:301} ACO3+NO3=MO2+NO2+PNOX : 4.00D-12;
<  {335:302} RCO3+NO3=ETHP+NO2+PNOX : 4.00D-12 ;
<  {336:303} ACTP+NO3=ACO3+NO2+HCHO+PNOX : 1.20D-12 ;
<  {337:304} MEKP+NO3=0.67 DCB1+0.67 HO2+0.33 HCHO+NO2+PNOX : 1.20D-12 ;
<  {338:305} KETP+NO3=DCB1+HO2+NO2+PNOX : 1.20D-12 ;
<  {339:306} MACP+NO3=NO2+CO2+HCHO+0.65 MO2+0.65 CO+0.35 ACO3+PNOX : 4.0D-12 ;
<  {340:307} MVKP+NO3=NO2+0.3 MGLY+0.3 HO2+0.3 HCHO+0.7 GLYC+0.7 ACO3+PNOX : 2.3D-12 ;
<  {341:308} UALP+NO3=NO2+HO2+0.61 CO+0.27 ALD+0.03 HCHO+0.18 GLY+0.21 MGLY+0.7 KET+PNOX : 2.50D-12 ;
<  {342:309} BALP+NO3=BAL1+NO2+PNOX : 2.50D-12 ;
<  {343:310} BAL1+NO3=BAL2+NO2+PNOX : 2.50D-12 ;
<  {344:311} ADDC+NO3=NO2+HO2+0.68 GLY+0.68 OP2+0.32 HKET+PNOX : 1.20D-12 ;
<  {345:312} MCTP+NO3=MCTO+NO2+PNOX : 1.20D-12 ;
<  {346:313} ORAP+NO3=NO2+GLY+HO2+PNOX : 1.20D-12 ;
<  {347:314} OLNN+NO3=MONIT+NO2+HO2+PONT+PNOX : 1.20D-12 ;
<  {348:315} OLND+NO3=0.287 HCHO+1.24 ALD+0.464 KET+2.00 NO2+2.00 PNOX : 1.20D-12 ;
<  {349:316} ADCN+NO3=OP2+GLY+2.0 NO2+2.00 PNOX : 1.20D-12 ;
<  {350:317} XO2+NO3=NO2+2.00 PNOX : 1.20D-12 ;
---
>  {315:282} MO2+NO3=HCHO+HO2+NO2 : 1.20D-12 ;
>  {316:283} ETHP+NO3=ACD+HO2+NO2 : 1.20D-12 ;
>  {317:284} HC3P+NO3=0.147 ALD+0.254 HO2+0.140 MO2+0.503 ETHP+0.092 XO2+NO2+0.519 ACD+0.075 MEK+0.095 ACT  : 1.20D-12 ;
>  {318:285} HC5P+NO3=0.024 HCHO+0.241 ALD+0.060 KET+0.488 HO2+0.055 MO2+0.280 ETHP+0.485 XO2+NO2+0.063 MEK+0.247 ACT+0.048 ACD+0.275 HKET : 1.20D-12 ;
>  {319:286} HC8P+NO3=0.203 ALD+0.869 KET+0.180 ETHP+NO2+0.820 HO2+0.563 XO2 : 1.20D-12 ;
>  {320:287} ETEP+NO3=1.6 HCHO+HO2+NO2+0.2 ALD : 1.20D-12 ;
>  {321:288} OLTP+NO3=0.47 ALD+0.79 HCHO+0.79 HO2+NO2+0.18 MEK+0.02 ACD+0.09 ACT : 1.20D-12 ;
>  {322:289} OLIP+NO3=0.86 HO2+0.72 ALD+0.11 KET+NO2+0.20 ACT+0.85 ACD+0.04 HKET : 1.20D-12 ;
>  {323:290} BENP+NO3=HO2+GLY+0.50 DCB2+NO2+0.50 DCB3 : 1.20D-12 ;
>  {324:291} TLP1+NO3=NO2+BALD : 1.20D-12 ;
>  {325:292} TOLP+NO3=DCB2+NO2+HO2 : 1.20D-12 ;
>  {326:293} PER1+NO3=DCB1+NO2+MGLY+HO2+BALD : 1.20D-12 ; 
>  {327:294} XYL1+NO3=NO2+BALD : 1.20D-12 ;
>  {328:295} XYLP+NO3=DCB3+NO2+HO2 : 1.20D-12 ;
>  {329:296} PER2+NO3=DCB1+NO2+MGLY+HO2+1.05 DCB3 : 1.20D-12 ;
>  {330:297} XYOP+NO3=HO2+0.368 GLY+0.632 MGLY+0.737 DCB1+0.077 DCB2+0.186 DCB3+NO2 : 1.20D-12 ;
>  {331:298} ISOP+NO3=0.438 MACR+0.610 MVK+HO2+NO2+1.05 HCHO  : 1.20D-12 ;
>  {332:299} APIP+NO3=HO2+ALD+NO2+KET : 1.20D-12 ;
>  {333:300} LIMP+NO3=HO2+0.615 MACR+0.385 OLI+0.385 HCHO+NO2  : 1.20D-12 ;
>  {334:301} ACO3+NO3=MO2+NO2 : 4.00D-12;
>  {335:302} RCO3+NO3=ETHP+NO2 : 4.00D-12 ;
>  {336:303} ACTP+NO3=ACO3+NO2+HCHO : 1.20D-12 ;
>  {337:304} MEKP+NO3=0.67 DCB1+0.67 HO2+0.33 HCHO+NO2 : 1.20D-12 ;
>  {338:305} KETP+NO3=DCB1+HO2+NO2 : 1.20D-12 ;
>  {339:306} MACP+NO3=NO2+CO2+HCHO+0.65 MO2+0.65 CO+0.35 ACO3 : 4.0D-12 ;
>  {340:307} MVKP+NO3=NO2+0.3 MGLY+0.3 HO2+0.3 HCHO+0.7 GLYC+0.7 ACO3 : 2.3D-12 ;
>  {341:308} UALP+NO3=NO2+HO2+0.61 CO+0.27 ALD+0.03 HCHO+0.18 GLY+0.21 MGLY+0.7 KET : 2.50D-12 ;
>  {342:309} BALP+NO3=BAL1+NO2 : 2.50D-12 ;
>  {343:310} BAL1+NO3=BAL2+NO2 : 2.50D-12 ;
>  {344:311} ADDC+NO3=NO2+HO2+0.68 GLY+0.68 OP2+0.32 HKET : 1.20D-12 ;
>  {345:312} MCTP+NO3=MCTO+NO2 : 1.20D-12 ;
>  {346:313} ORAP+NO3=NO2+GLY+HO2 : 1.20D-12 ;
>  {347:314} OLNN+NO3=MONIT+NO2+HO2+PONT : 1.20D-12 ;
>  {348:315} OLND+NO3=0.287 HCHO+1.24 ALD+0.464 KET+2.00 NO2 : 1.20D-12 ;
>  {349:316} ADCN+NO3=OP2+GLY+2.0 NO2 : 1.20D-12 ;
>  {350:317} XO2+NO3=NO2 : 1.20D-12 ;
359c359
<  {359:326} MACRO2+NO=0.85 NO2+0.85 HO2+0.425 HAC+0.425 CO+0.425 HCHO+0.425 MGLY+0.15 MACRN+0.15 LNOX+0.15 LNOXON+0.15 PONIM+0.85 PO3 : ARR2( 2.7D-12 , -360.0_dp , TEMP ) ;
---
>  {359:326} MACRO2+NO=0.85 NO2+0.85 HO2+0.425 HAC+0.425 CO+0.425 HCHO+0.425 MGLY+0.15 MACRN+0.15 LNOX+0.15 LNOXON+0.15 PONIM : ARR2( 2.7D-12 , -360.0_dp , TEMP ) ;
363c363
<  {363:330} MACRO2+NO3=0.855 HAC+0.855 CO+0.855 HO2+0.145 HO2+0.145 MGLY+0.145 HCHO+NO2+PNOX : 2.3D-12;
---
>  {363:330} MACRO2+NO3=0.855 HAC+0.855 CO+0.855 HO2+0.145 HO2+0.145 MGLY+0.145 HCHO+NO2 : 2.3D-12;
366,368c366,368
<  {366:333} GLYC+NO3=RCO3+HNO3+PHNO3 : ARR2( 1.4D-12 , 1860.0_dp , TEMP ) ;
<  {367:334} MACRN+HO=0.08 ORA2+0.08 HCHO+0.15 NO3+0.07 ORA1+0.07 MGLY+0.85 HAC+0.85 NO2+0.93 CO2+0.85 PNOX+0.85 PNOXON : 5.0D-11 ; 
<  {368:335} MVKN+HO=0.65 ORA1+0.65 MGLY+0.35 HCHO+0.35 PYAC+NO3 : 5.6D-12 ;
---
>  {366:333} GLYC+NO3=RCO3+HNO3+LNOX+LNOXHNO3+PHNO3 : ARR2( 1.4D-12 , 1860.0_dp , TEMP ) ;
>  {367:334} MACRN+HO=0.08 ORA2+0.08 HCHO+0.15 NO3+0.07 ORA1+0.07 MGLY+0.85 HAC+0.85 NO2+0.93 CO2+PNOX+PNOXON : 5.0D-11 ; 
>  {368:335} MVKN+HO=0.65 ORA1+0.65 MGLY+0.35 HCHO+0.35 PYAC+NO3+PNOX+PNOXON : 5.6D-12 ;
370c370
<  {370:337} ISOPNDO2+NO=0.15 PROPNN+0.44 HAC+0.07 MVKN+0.13 ETHLN+0.31 ORA1+0.31 NO3+0.72 HCHO+0.15 GLYC+1.34 NO2+0.35 HO2+0.34 HKET+0.34 PNOX+0.07 PONIM+0.28 PONIP+1.34 PO3 : ARR2( 2.4D-12 , -360.0_dp , TEMP ) ;
---
>  {370:337} ISOPNDO2+NO=0.15 PROPNN+0.44 HAC+0.07 MVKN+0.13 ETHLN+0.31 ORA1+0.31 NO3+0.72 HCHO+0.15 GLYC+1.34 NO2+0.35 HO2+0.34 HKET+0.65 PNOX+0.07 PONIM+0.28 PONIP : ARR2( 2.4D-12 , -360.0_dp , TEMP ) ;
372,375c372,375
<  {372:339} ISOPNBO2+MO2=0.128 MACRN+0.16 MOH+0.101 MVKN+0.801 HO2+1.069 HCHO+0.343 HAC+0.343 GLYC+0.343 NO2+0.428 IMONIT+0.343 PNOX+0.428 PONIP+0.229 PONIM : 6.7D-13 ;
<  {373:340} ISOPNBO2+ACO3=0.064 IMONIT+0.23 MACRN+0.144 MVKN+0.374 HCHO+0.562 HAC+0.562 GLYC+0.562 NO2+0.936 CO2+0.936 MO2+0.374 HO2+0.064 ORA2+0.562 PNOX+0.064 PONIP+0.374 PONIM : ARR2 (8.16D-13 , -500.0_dp , TEMP ) ;
<  {374:341} ISOPNBO2+NO3=0.256 MACRN+0.144 MVKN+0.6 HAC+0.6 GLYC+0.4 HCHO+0.4 HO2+1.6 NO2+1.6 PNOX+0.40 PONIM : 2.3D-12 ;
<  {375:342} ISOPNBO2+NO=0.6 GLYC+0.6 HAC+0.4 HCHO+0.4 HO2+0.26 MACRN+0.14 MVKN+1.6 NO2+0.6 PNOX+0.40 PONIM+1.6 PO3: ARR2(2.4D-12 , -360.0_dp , TEMP );
---
>  {372:339} ISOPNBO2+MO2=0.128 MACRN+0.16 MOH+0.101 MVKN+0.801 HO2+1.069 HCHO+0.343 HAC+0.343 GLYC+0.343 NO2+0.428 IMONIT+0.343 PNOX+0.428 PONI+0.229 PONIM : 6.7D-13 ;
>  {373:340} ISOPNBO2+ACO3=0.064 IMONIT+0.23 MACRN+0.144 MVKN+0.374 HCHO+0.562 HAC+0.562 GLYC+0.562 NO2+0.936 CO2+0.936 MO2+0.374 HO2+0.064 ORA2+0.562 PNOX+0.064 PONI+0.23 PONIM : ARR2 (8.16D-13 , -500.0_dp , TEMP ) ;
>  {374:341} ISOPNBO2+NO3=0.256 MACRN+0.144 MVKN+0.6 HAC+0.6 GLYC+0.4 HCHO+0.4 HO2+1.6 NO2+0.6 PNOX+0.40 PONIM : 2.3D-12 ;
>  {375:342} ISOPNBO2+NO=0.6 GLYC+0.6 HAC+0.4 HCHO+0.4 HO2+0.26 MACRN+0.14 MVKN+1.6 NO2+0.6 PNOX+0.40 PONIM : ARR2(2.4D-12 , -360.0_dp , TEMP );
377,379c377,379
<  {377:344} ISOPNDO2+MO2=1.506 HCHO+0.949 HO2+0.3 IMONIT+0.055 MVKN+0.309 HAC+0.093 ETHLN+0.216 ORA1+0.235 HKET+0.101 PROPNN+0.101 GLYC+0.216 NO3+0.235 NO2+0.235 PNOX+0.055 PONIM+0.494 PONIP : 7.5D-14 ;
<  {378:345} ISOPNDO2+ACO3=0.078 MVKN+0.442 HAC+0.133 ETHLN+0.309 ORA1+0.336 HKET+0.144 PROPNN+0.144 GLYC+0.723 HCHO+0.355 HO2+0.309 NO3+MO2+CO2+0.336 NO2+0.336 PNOX+0.078 PONIM+0.277 PONIP : ARR2( 9.53D-14 , -500.0_dp , TEMP );
<  {378:346} ISOPNDO2+NO3=0.078 MVKN+0.442 HAC+0.133 ETHLN+0.309 ORA1+0.336 HKET+0.144 PROPNN+0.144 GLYC+0.723 HCHO+0.355 HO2+0.309 NO3+1.336 NO2+1.336 PNOX+0.078 PONIM+0.277 PONIP : 2.3D-12 ;
---
>  {377:344} ISOPNDO2+MO2=1.506 HCHO+0.949 HO2+0.3 IMONIT+0.055 MVKN+0.309 HAC+0.093 ETHLN+0.216 ORA1+0.235 HKET+0.101 PROPNN+0.101 GLYC+0.216 NO3+0.235 NO2+0.451 PNOX+0.3 PONI+0.055 PONIM+0.194 PONIP : 7.5D-14 ;
>  {378:345} ISOPNDO2+ACO3=0.078 MVKN+0.442 HAC+0.133 ETHLN+0.309 ORA1+0.336 HKET+0.144 PROPNN+0.144 GLYC+0.723 HCHO+0.355 HO2+0.309 NO3+MO2+CO2+0.336 NO2+0.645 PNOX+0.078 PONIM+0.277 PONIP : ARR2( 9.53D-14 , -500.0_dp , TEMP );
>  {378:346} ISOPNDO2+NO3=0.078 MVKN+0.442 HAC+0.133 ETHLN+0.309 ORA1+0.336 HKET+0.144 PROPNN+0.144 GLYC+0.723 HCHO+0.355 HO2+0.309 NO3+1.336 NO2+0.645 PNOX+0.078 PONIM+0.277 PONIP : 2.3D-12 ;
381,382c381,382
<  {381:348} UHCP+NO=0.39 DHMOB+0.32 GLYC+0.32 MGLY+0.29 HAC+0.29 GLY+HO2+NO2+PO3 : ARR2( 2.7D-12 , -360.0_dp , TEMP);
<  {382:349} UHCAP+NO=NO2+0.65 MOBA+0.35 ALD+0.35 CO+HO2+PO3 : ARR2( 7.5D-12 , -290.0_dp , TEMP );
---
>  {381:348} UHCP+NO=0.39 DHMOB+0.32 GLYC+0.32 MGLY+0.29 HAC+0.29 GLY+HO2+NO2 : ARR2( 2.7D-12 , -360.0_dp , TEMP);
>  {382:349} UHCAP+NO=NO2+0.65 MOBA+0.35 ALD+0.35 CO+HO2 : ARR2( 7.5D-12 , -290.0_dp , TEMP );
389,391c389,391
<  {389:356} UHCP+NO3=NO2+0.39 DHMOB+0.317 GLYC+0.317 MGLY+0.293 GLY+0.293 HAC+HO2+PNOX : 2.3D-12 ;
<  {390:357} UHCAP+NO3=NO2+HO2+0.65 MOBA+0.35 ALD+0.35 CO+PNOX  : 4.0D-12 ;
<  {391:358} DIBOO+NO=NO2+HO2+0.52 GLYC+0.52 MGLY+0.48 GLY+0.48 HAC+PO3 : ARR2( 2.7D-12 , -360.0_dp , TEMP ) ;
---
>  {389:356} UHCP+NO3=NO2+0.39 DHMOB+0.317 GLYC+0.317 MGLY+0.293 GLY+0.293 HAC+HO2 : 2.3D-12 ;
>  {390:357} UHCAP+NO3=NO2+HO2+0.65 MOBA+0.35 ALD+0.35 CO  : 4.0D-12 ;
>  {391:358} DIBOO+NO=NO2+HO2+0.52 GLYC+0.52 MGLY+0.48 GLY+0.48 HAC : ARR2( 2.7D-12 , -360.0_dp , TEMP ) ;
395c395
<  {395:362} DIBOO+NO3=NO2+HO2+0.52 GLYC+0.52 MGLY+0.48 GLY+0.48 HAC+PNOX : 2.3D-12 ;
---
>  {395:362} DIBOO+NO3=NO2+HO2+0.52 GLYC+0.52 MGLY+0.48 GLY+0.48 HAC : 2.3D-12 ;
402c402
<  {402:369} MOBAOO+NO=ALD+CO2+HO2+NO2+PO3 : 8.0D-12 ;
---
>  {402:369} MOBAOO+NO=ALD+CO2+HO2+NO2 : 8.0D-12 ;
406c406
<  {406:373} MOBAOO+NO3=NO2+HO2+ALD+CO2+PNOX : 2.3D-12;
---
>  {406:373} MOBAOO+NO3=NO2+HO2+ALD+CO2 : 2.3D-12;
411,412c411,412
<  {411:378} IEPOXOO+NO=0.725 HAC+0.275 GLYC+0.275 GLY+0.275 MGLY+1.125 HO+0.825 HO2+0.2 CO2+0.375 HCHO+0.074 ORA1+0.251 CO+NO2+PO3 : ARR2(2.7D-12 , -360.0_dp , TEMP );
<  {412:379} IEPOXOO+NO3=0.725 HAC+0.275 GLYC+0.275 GLY+0.275 MGLY+1.125 HO+0.825 HO2+0.2 CO2+0.375 HCHO+0.074 ORA1+0.251 CO+NO2+PNOX : 2.3D-12 ;
---
>  {411:378} IEPOXOO+NO=0.725 HAC+0.275 GLYC+0.275 GLY+0.275 MGLY+1.125 HO+0.825 HO2+0.2 CO2+0.375 HCHO+0.074 ORA1+0.251 CO+NO2 : ARR2(2.7D-12 , -360.0_dp , TEMP );
>  {412:379} IEPOXOO+NO3=0.725 HAC+0.275 GLYC+0.275 GLY+0.275 MGLY+1.125 HO+0.825 HO2+0.2 CO2+0.375 HCHO+0.074 ORA1+0.251 CO+NO2 : 2.3D-12 ;
414c414
<  {414:381} ISNP+HO=0.460 ISOPNDO2+0.097 ISOPNBO2+0.443 IMONIT+0.443 HO+0.443 PONIP : ARR2( 1.67D-11 , -200.0_dp , TEMP );
---
>  {414:381} ISNP+HO=0.460 ISOPNDO2+0.097 ISOPNBO2+0.443 IMONIT+0.443 HO+0.443 PONI : ARR2( 1.67D-11 , -200.0_dp , TEMP );
418,419c418,419
<  {418:385} ISOPNB+O3=0.541 HCHO+0.506 CO+0.526 HO+0.327 NO2+0.179 HAC+0.102 H2O2+0.349 MACRN+0.112 IMONIT+0.128 CO2+0.327 HO2+0.068 ORA1+0.212 MVKN+0.148 MGLY+0.327 PNOX+0.327 PNOXON+0.112 PONIP+0.561 PONIM : 3.7D-19 ;
<  {419:386} ISOPND+O3=0.266 PROPNN+0.017 ORA2+0.249 GLYC+0.075 H2O2+0.89 HO+0.445 HO2+0.214 CO+0.214 HCHO+0.445 NO2+0.271 ETHLN+0.018 IMONIT+0.445 MGLY+0.289 HAC+0.231 GLY+0.445 PNOX+0.445 PNOXON+0.555 PONIP: 2.9D-17 ;
---
>  {418:385} ISOPNB+O3=0.541 HCHO+0.506 CO+0.526 HO+0.327 NO2+0.179 HAC+0.102 H2O2+0.349 MACRN+0.112 IMONIT+0.128 CO2+0.327 HO2+0.068 ORA1+0.212 MVKN+0.148 MGLY+0.327 PNOX+0.327 PNOXON+0.112 PONI+0.561 PONIM : 3.7D-19 ;
>  {419:386} ISOPND+O3=0.266 PROPNN+0.017 ORA2+0.249 GLYC+0.075 H2O2+0.89 HO+0.445 HO2+0.214 CO+0.214 HCHO+0.445 NO2+0.271 ETHLN+0.018 IMONIT+0.445 MGLY+0.289 HAC+0.231 GLY+0.445 PNOX+0.445 PNOXON+0.018 PONI+0.537 PONIP: 2.9D-17 ;
433c433
<  {433:400} ISNP+hv=HO+0.686 HO2+0.298 PROPNN+0.612 GLYC+0.632 HAC+0.318 ETHLN+0.314 NO2+0.07 MVKN+0.07 HCHO+0.314 PNOX+0.07 PONIM+0.616 PONIP : j(Pj_ch3o2h) ;
---
>  {433:400} ISNP+hv=HO+0.686 HO2+0.298 PROPNN+0.612 GLYC+0.632 HAC+0.318 ETHLN+0.314 NO2+0.07 MVKN+0.07 HCHO+0.314 PNOX+0.314 PNOXON+0.07 PONIM+0.616 PONIP : j(Pj_ch3o2h) ;
443,444c443,444
<  {443:400} TOLNN+NO=TONIT+NO2+HO2+PONM+PO3 : 4.00D-12 ;
<  {444:411} TOLND+NO=0.287 HCHO+1.24 ALD+0.464 KET+2.0 NO2+PNOX+2.0 PO3 : 4.00D-12 ;
---
>  {443:400} TOLNN+NO=TONIT+NO2+HO2+PONM : 4.00D-12 ;
>  {444:411} TOLND+NO=0.287 HCHO+1.24 ALD+0.464 KET+2.0 NO2+PNOX : 4.00D-12 ;
451,452c451,452
<  {451:408} TOLNN+NO3=0.7 TONIT+0.3 UTONIT+NO2+HO2+PONM+PNOX : 1.20D-12 ;
<  {452:409} TOLND+NO3=0.287 HCHO+1.24 ALD+0.464 KET+2.00 NO2+2.00 PNOX : 1.20D-12 ;
---
>  {451:408} TOLNN+NO3=0.7 TONIT+0.3 UTONIT+NO2+HO2+PONM : 1.20D-12 ;
>  {452:409} TOLND+NO3=0.287 HCHO+1.24 ALD+0.464 KET+2.00 NO2+PNOX : 1.20D-12 ;
456,459c456,459
<  {456:413} TOLND+OLND=0.504 HCHO+1.21 ALD+0.285 KET+NO2+0.35 TONIT+0.15 UTONIT+0.5 MONIT+PNOX+0.5 PONM+0.5 PONT : ARR2(2.96D-14, -1000.0_dp, TEMP ) ;
<  {457:414} TOLND+OLNN=0.202 HCHO+0.64 ALD+0.149 KET+0.50 HO2+0.50 NO2+MONIT+0.35 TONIT+0.15 UTONIT+0.5 PNOX+0.5 PONM+PONT : ARR2(4.25D-14, -1000.0_dp, TEMP ) ;
<  {458:415} TOLNN+OLND=0.202 HCHO+0.64 ALD+0.149 KET+0.50 HO2+0.50 NO2+0.7 TONIT+0.3 UTONIT+0.5 MONIT+0.5 PNOX+PONM+0.5 PONT : ARR2(4.25D-14, -1000.0_dp, TEMP ) ;
<  {459:416} TOLNN+OLNN=MONIT+0.7 TONIT+0.3 UTONIT+HO2+PONM+PONT : ARR2(7.00D-14, -1000.0_dp, TEMP ) ;
---
>  {456:413} TOLND+OLND=0.504 HCHO+1.21 ALD+0.285 KET+NO2+0.35 TONIT+0.15 UTONIT+0.5 MONIT+PNOX+PONM : ARR2(2.96D-14, -1000.0_dp, TEMP ) ;
>  {457:414} TOLND+OLNN=0.202 HCHO+0.64 ALD+0.149 KET+0.50 HO2+0.50 NO2+MONIT+0.35 TONIT+0.15 UTONIT+0.5 PNOX+1.5 PONM : ARR2(4.25D-14, -1000.0_dp, TEMP ) ;
>  {458:415} TOLNN+OLND=0.202 HCHO+0.64 ALD+0.149 KET+0.50 HO2+0.50 NO2+0.7 TONIT+0.3 UTONIT+0.5 MONIT+0.5 PNOX+1.5 PONM : ARR2(4.25D-14, -1000.0_dp, TEMP ) ;
>  {459:416} TOLNN+OLNN=MONIT+0.7 TONIT+0.3 UTONIT+HO2+2.0 PONM : ARR2(7.00D-14, -1000.0_dp, TEMP ) ;
464,465c464,465
<  {464:421} UTONIT+HO=HONIT : 7.29D-11 ;
<  {465:422} UTONIT+O3=HONIT : 1.67D-16 ;
---
>  {464:421} UTONIT+HO=HONIT+LONMOH : 7.29D-11 ;
>  {465:422} UTONIT+O3=HONIT+LONMO3 : 1.67D-16 ;
467,469c467,469
<  {467:424} UHC+NO3=HNO3+UHCAP+PHNO3 : ARR2(5.95D-12 , 1860.0_dp , TEMP );
<  {468:425} HO+HONIT=NO3+HKET+LONMOH : k46(TEMP,C_M);
<  {469:426} HONIT+hv=HKET+NO2+PNOX+PNOXONM+PNOXON+LONMPHO :  j(Pj_onitOH3);
---
>  {467:424} UHC+NO3=HNO3+UHCAP+LNOX+PHNO3+LNOXHNO3 : ARR2(5.95D-12 , 1860.0_dp , TEMP );
>  {468:425} HO+HONIT=NO3+HKET +PNOX+PNOXONM +PNOXON + LONMOH : k46(TEMP,C_M);
>  {469:426} HONIT+hv=HKET+NO2 +PNOX+PNOXONM +PNOXON+ LONMPHO :  j(Pj_onitOH3);
490,492c490,492
<  {474:431} ISN1+NO3=0.6 ISNOOA+0.6 HNO3+0.4 ISNOOB+0.6 PHNO3 : ARR2(3.15D-13 , 448.0_dp , TEMP );
<  {475:432} ISNOOA+NO3=NO2+PROPNNB+CO+CO2+HO2+PNOX : 4.00D-12;
<  {476:433} ISNOOB+NO3=PROPNNB+GLY+NO2+NO2+2.0 PNOX : 2.30D-12;
---
>  {474:431} ISN1+NO3=0.6 ISNOOA+0.6 HNO3+0.4 ISNOOB+LNOX+0.6 PHNO3 : ARR2(3.15D-13 , 448.0_dp , TEMP );
>  {475:432} ISNOOA+NO3=NO2+PROPNNB+CO+CO2+HO2 : 4.00D-12;
>  {476:433} ISNOOB+NO3=PROPNNB+GLY+NO2+NO2+PNOX : 2.30D-12;
500d499
<  {482:439} PO3=JUNK     : 1 ;
