4c4
<  {003:J03} H2O2+hv=HO+HO+2.0 POH_A  : j(Pj_h2o2) ;
---
>  {003:J03} H2O2+hv=HO+HO  : j(Pj_h2o2) ;
10,17c10,17
<  {009:J09} HNO4+hv=0.80 HO2+0.80 NO2+0.20 HO+0.20 POH_A+0.20 NO3 : j(Pj_hno4) ;
<  {010:J10} HCHO+hv=CO+PCO+LHCHO_A{+H2} : j(Pj_ch2om) ;
<  {011:J11} HCHO+hv=HO2+HO2+CO+PCO+LHCHO_B : j(Pj_ch2or) ;
<  {012:J12} ACD+hv=MO2+HO2+CO+PCO : j(Pj_ch3cho) ;
<  {013:J13} ALD+hv=ETHP+HO2+CO+PCO : j(Pj_ald) ;
<  {014:J14} ACT+hv=ACO3+MO2 : j(Pj_ch3coch3)/20 ;
<  {015:J15} UALD+hv=1.22 CO+1.22 PCO+0.434 ALD+0.35 HCHO+0.35 PHCHO_J+0.216 KET+1.22 HO2+ 0.784 ACO3 : j(Pj_uald) ;
<  {016:J16} MEK+hv=ACO3+0.50 ETHP+0.50 MO2 : j(Pj_ch3coc2h5)/(1+2.0*C_M*1.3811D-22*TEMP) ;
---
>  {009:J09} HNO4+hv=0.80 HO2+0.80 NO2+0.20 HO+0.20 NO3 : j(Pj_hno4) ;
>  {010:J10} HCHO+hv=CO{+H2} : j(Pj_ch2om) ;
>  {011:J11} HCHO+hv=HO2+HO2+CO : j(Pj_ch2or) ;
>  {012:J12} ACD+hv=MO2+HO2+CO : j(Pj_ch3cho) ;
>  {013:J13} ALD+hv=ETHP+HO2+CO : j(Pj_ald) ;
>  {014:J14} ACT+hv=ACO3+MO2 : j(Pj_ch3coch3) ;
>  {015:J15} UALD+hv=1.22 CO+0.434 ALD+0.35 HCHO+0.216 KET+1.22 HO2+ 0.784 ACO3 : j(Pj_uald) ;
>  {016:J16} MEK+hv=ACO3+0.50 ETHP+0.50 MO2 : j(Pj_ch3coc2h5) ;
19,31c19,31
<  {018:J18} HKET+hv=HCHO+PHCHO_J+HO2+ACO3 : j(Pj_ch3coc2h5) ; 
<  {019:J19} MACR+hv=0.5 MACP+0.175 ACO3+0.5 HCHO+0.5 PHCHO_J+0.325 MO2+0.825 CO+0.825 PCO+HO2 : j(Pj_macr) ;
<  {020:J20} MVK+hv=0.6 OLT+0.6 CO+0.6 PCO+0.4 ACO3+0.4 MO2 : j(Pj_mvk)/(1+C_M*1.67D-19) ;
<  {021:J21} GLY+hv=2.00 CO+2.00 PCO {+1.00 H2} : j(Pj_hcocho) ;
<  {022:J22} GLY+hv=1.00 HCHO+PHCHO_J+1.00 CO+1.0 PCO : j(Pj_hcochob) ;
<  {023:J23} GLY+hv=2.00 HO2+2.00 CO+2.0 PCO : j(Pj_hcochoc) ;
<  {024:J24} MGLY+hv=ACO3+HO2+CO+PCO  : j(Pj_ch3cocho)/(1+4.15*C_M*1.3811D-22*TEMP) ; 
<  {025:J25} DCB1+hv=0.2 XO2+1.5 HO2+0.25 ACO3+1.0 CO+1.0 PCO+0.5 GLY+0.50 MGLY : j(Pj_ch3cocho) ;
<  {026:J26} DCB2+hv=0.2 XO2+1.5 HO2+0.25 ACO3+1.0 CO+1.0 PCO+0.5 GLY+0.50 MGLY : j(Pj_ch3cocho) ;
<  {027:J27} BALD+hv=CHO+HO2+CO+PCO  : j(Pj_bald) ;
<  {028:J28} OP1+hv=HCHO+PHCHO_J+HO2+HO+POH_J : j(Pj_ch3o2h) ; 
<  {029:J29} OP2+hv=ALD+HO2+HO+POH_J : j(Pj_ch3o2h) ;
<  {030:J30} PAA+hv=MO2+HO+POH_J : j(Pj_ch3coo2h) ; 
---
>  {018:J18} HKET+hv=HCHO+HO2+ACO3 : j(Pj_ch3coc2h5) ; 
>  {019:J19} MACR+hv=0.5 MACP+0.175 ACO3+0.5 HCHO+0.325 MO2+0.825 CO+HO2 : j(Pj_macr) ;
>  {020:J20} MVK+hv=0.6 OLT+0.6 CO+0.4 ACO3+0.4 MO2 : j(Pj_mvk) ;
>  {021:J21} GLY+hv=2.00 CO{+1.00 H2} : j(Pj_hcocho) ;
>  {022:J22} GLY+hv=1.00 HCHO+1.00 CO : j(Pj_hcochob) ;
>  {023:J23} GLY+hv=2.00 HO2+2.00 CO : j(Pj_hcochoc) ;
>  {024:J24} MGLY+hv=ACO3+HO2+CO  : j(Pj_ch3cocho) ; 
>  {025:J25} DCB1+hv=0.2 XO2+1.5 HO2+0.25 ACO3+1.0 CO+0.5 GLY+0.50 MGLY : j(Pj_ch3cocho) ;
>  {026:J26} DCB2+hv=0.2 XO2+1.5 HO2+0.25 ACO3+1.0 CO+0.5 GLY+0.50 MGLY : j(Pj_ch3cocho) ;
>  {027:J27} BALD+hv=CHO+HO2+CO  : j(Pj_bald) ;
>  {028:J28} OP1+hv=HCHO+HO2+HO : j(Pj_ch3o2h) ; 
>  {029:J29} OP2+hv=ALD+HO2+HO : j(Pj_ch3o2h) ;
>  {030:J30} PAA+hv=MO2+HO : j(Pj_ch3coo2h) ; 
34c34
<  {033:J33} PAN+hv=MO2+CO2+PCO2+NO3 : j(Pj_panb) ;
---
>  {033:J33} PAN+hv=MO2+CO2+NO3 : j(Pj_panb) ;
36c36
<  {035:002} O3+HO2=HO+POH_A{+2.0 O2} : ARR2( 1.00D-14 , 490.0_dp, TEMP ) ;
---
>  {035:002} O3+HO2=HO{+2.0 O2} : ARR2( 1.00D-14 , 490.0_dp, TEMP ) ;
42c42
<  {042:009} O1D+H2O=HO+HO+2.0 POH_A : 2.20D-10 ;
---
>  {042:009} O1D+H2O=HO+HO : 2.20D-10 ;
50c50
<  {050:017} HO2+NO=PO3+NO2+HO+POH_A : ARR2( 3.60D-12 , -270.0_dp, TEMP ) ; 
---
>  {050:017} HO2+NO=NO2+HO : ARR2( 3.60D-12 , -270.0_dp, TEMP ) ; 
58c58
<  {058:025} HO2+NO3=0.3 HNO3+0.7 NO2+0.7 HO + 0.7 POH_A{+O2} : 4.00D-12 ;
---
>  {058:025} HO2+NO3=0.3 HNO3+0.7 NO2+0.7 HO{+O2} : 4.00D-12 ;
69,121c69,121
<  {069:036} CO+HO=HO2+CO2+PCO2+OHVOC+LCO : 1.44D-13 * (1.0_dp + 1.86D-20 * C_M) ;
<  {070:037} CH4+HO=MO2+H2O+OHVOC+LCH4 : ARR2( 1.85D-12 , 1690.0_dp , TEMP) ;
<  {071:038} ETH+HO=ETHP+H2O+OHVOC : ARR2( 6.90D-12 , 1000.0_dp , TEMP) ;
<  {072:039} HC3+HO=HC3P+OHVOC : ARR2( 7.68D-12 , 370.0_dp, TEMP ) ;
<  {073:040} HC5+HO=HC5P+H2O+OHVOC : ARR2( 1.01D-11 , 245.0_dp, TEMP ) ;
<  {074:041} HC8+HO=0.951 HC8P+0.025 ALD+0.024 HKET+0.049 HO2+H2O+OHVOC  :  ARR2( 2.82D-11 , 273.0_dp, TEMP ) ;
<  {075:042} ETE+HO=ETEP+OHVOC : TROE( 1.00D-28 , 4.5_dp , 8.80D-12 , 0.85_dp , TEMP, C_M) ;
<  {076:043} OLT+HO=OLTP+OHVOC  : ARR2( 5.72D-12 , -500.0_dp, TEMP ) ; 
<  {077:044} OLI+HO=OLIP+OHVOC : ARR2( 1.33D-11 , -500.0_dp, TEMP ) ;
<  {078:045} DIEN+HO=OLIP+OHVOC : ARR2( 1.48D-11 , -448.0_dp, TEMP ) ;
<  {079:046} ACE+HO=0.350 ORA1+0.350 CO+0.350 PCO+0.650 GLY+0.650 HO+0.650 POH_R+0.350 HO2 +OHVOC : TROE( 5.50D-30 , 0.0_dp , 8.30D-13 , -2.0_dp,TEMP,C_M ) ;
<  {080:047} BEN+HO=OHVOC+0.352 BENP+0.118 EPX+0.530 PHEN+0.648 HO2 :ARR2( 2.33D-12 , 193.0_dp , TEMP) ;
<  {081:048} TOL+HO=OHVOC+0.060 TLP1+0.763 TR2+0.177 CSL+0.177 HO2 : ARR2( 1.81D-12 , -354.0_dp, TEMP ) ;
<  {082:049} XYL+HO=OHVOC+0.060 XYL1+0.763 XY2+0.177 CSL+0.177 HO2 : 2.13D-11 ; 
<  {083:050} XYO+HO=OHVOC+0.060 XYL1+0.890 XYO2+0.050 CSL+0.050 HO2 : 1.37D-11 ;
<  {084:051} ISO+HO=OHVOC+ISOP  : ARR2( 3.1D-11 , -350.0_dp, TEMP) ;
<  {085:052} API+HO=OHVOC+APIP : ARR2( 1.21D-11 , -440.0_dp, TEMP ) ;
<  {086:053} LIM+HO=OHVOC+LIMP : ARR2( 4.20D-11 , -401.0_dp , TEMP );
<  {087:054} HCHO+HO=LHCHO_C+OHVOC+HO2+CO+PCO+H2O  : ARR2( 5.50D-12 , -125.0_dp , TEMP ) ;
<  {088:055} ACD+HO=OHVOC+ACO3+H2O  : ARR2( 4.38D-12 , -366.0_dp , TEMP ) ;
<  {089:056} ALD+HO=OHVOC+RCO3+H2O : ARR2( 5.10D-12 , -405.0_dp, TEMP ) ;
<  {090:057} ACT+HO=OHVOC+ACTP+H2O : (8.8D-12 * EXP(-1320.0_dp/TEMP) + 1.7D-14 * EXP(423.0_dp/TEMP) ) ;
<  {091:058} MEK+HO=OHVOC+MEKP+H2O : ARR2( 1.30D-12 , 25.0_dp , TEMP ) ;
<  {092:059} KET+HO=OHVOC+KETP+H2O  : ARR2( 2.80D-12 , -10.0_dp , TEMP ) ;
<  {093:060} HKET+HO=OHVOC+HO2+MGLY+H2O  : 3.00D-12 ;
<  {094:061} MACR+HO=OHVOC+0.53 MACP+0.47 MACRO2 : ARR2(8.0D-12 , -380.0_dp , TEMP );
<  {095:062} MVK+HO=OHVOC+MVKP : ARR2( 2.60D-12 , -610.0_dp , TEMP ) ;
<  {096:063} UALD+HO=OHVOC+0.313 ACO3+0.687 UALP : ARR2( 5.77D-12 , -533.0_dp , TEMP ) ;
<  {097:064} GLY+HO=OHVOC+HO2+2.0 CO+2.0 PCO+H2O : 1.10D-11 ;
<  {098:065} MGLY+HO=OHVOC+ACO3+CO+PCO+H2O : ARR2( 9.26D-13 , -830.0_dp , TEMP ) ;
<  {099:066} DCB1+HO=OHVOC+0.10 GLY+0.01 MGLY+0.40 ALD+0.52 HO2+0.33 CO+0.33 PCO+0.78 KET : ARR2( 2.8D-11 , -175.0_dp , TEMP ) ; 
<  {100:067} DCB2+HO=OHVOC+0.10 GLY+0.01 MGLY+0.78 OP2+0.52 HO2+0.33 CO+0.33 PCO+0.13 MEK : ARR2( 2.8D-11 , -175.0_dp , TEMP ) ;
<  {101:068} DCB3+HO=OHVOC+0.21 MACP+0.56 HO2+0.27 GLY+0.01 MGLY+0.79 OP2+0.11 CO+0.11 PCO : 1.00D-11 ;
<  {102:069} BALD+HO=OHVOC+BALP+H2O : ARR2( 5.32D-12 , -243.0_dp , TEMP ) ;
<  {103:070} PHEN+HO=OHVOC+0.07 CHO+0.20 ADDC+0.73 MCT+0.73 HO2 : ARR2( 6.75D-12 , -405.0_dp , TEMP ) ;
<  {104:071} CSL+HO=OHVOC+0.07 CHO+0.20 ADDC+0.73 MCT+0.73 HO2 : 4.65D-11 ; 
<  {105:072} EPX+HO=OHVOC+XO2+HO2+ALD+CO+PCO : ARR2( 2.8D-11 , -175.0_dp , TEMP ) ;
<  {106:073} MCT+HO=OHVOC+MCTO : 2.05D-10 ;
<  {107:074} MOH+HO=OHVOC+HO2+HCHO+PHCHO_H1 : ARR2( 2.85D-12 , 345.0_dp , TEMP ) ;
<  {108:075} EOH+HO=OHVOC+HO2+ACD : ARR2( 3.00D-12 , -20.0_dp , TEMP ) ;
<  {109:076} ROH+HO=OHVOC+0.719 ALD+0.184 ACD+1.00 HO2 : ARR2( 2.60D-12 , 200.0_dp , TEMP ) ;
<  {110:077} ETEG+HO=OHVOC+ALD+HO2 : 1.47D-11 ;
<  {111:078} OP1+HO=OHVOC+0.65 MO2+0.35 HCHO+0.35 PHCHO_H1+0.35 HO +0.35 POH_R : ARR2( 2.90D-12 , -190.0_dp , TEMP ) ;
<  {112:079} OP2+HO=OHVOC+0.44 HC3P+0.08 ALD+0.01 HO+0.01 POH_R+0.07 XO2+0.41 KET : ARR2( 3.40D-12 , -190.0_dp , TEMP ) ;
<  {113:080} ISHP+HO=OHVOC+IEPOX+HO+POH_R : ARR2( 1.9D-11 , -390.0_dp , TEMP );
<  {114:081} MAHP+HO=OHVOC+MACP : 1.66D-11 ;
<  {115:082} ORA1+HO=HO2+CO2+PCO2+OHVOC : 4.50D-13 ;
<  {116:083} ORA2+HO=0.64 MO2+0.64 CO2+0.64 PCO2+0.36 ORAP +OHVOC : ARR2( 2.20D-14 , -1012.0_dp , TEMP ) ;
<  {117:084} PAA+HO=OHVOC+0.65 ACO3+0.35 HO+0.35 POH_R+0.35 HCHO+0.35 PHCHO_H1+0.35 XO2 : ARR2( 2.93D-12 , -190.0_dp , TEMP ) ;
<  {118:085} PAN+HO=OHVOC+HCHO+PHCHO_H1+NO3+XO2+H2O : 4.00D-14 ;
<  {119:086} PPN+HO=OHVOC+HCHO+PHCHO_H1+NO3+XO2+H2O : 4.00D-14 ;
<  {120:087} MPAN+HO=OHVOC+1.00 HKET+1.00 NO2 : 3.20D-11 ;
<  {121:088} ONIT+HO=OHVOC+HC3P+NO2+H2O : ARR2( 5.31D-12 , 260.0_dp , TEMP ) ;
---
>  {069:036} CO+HO=HO2+CO2 : 1.44D-13 * (1.0_dp + 1.86D-20 * C_M) ;
>  {070:037} CH4+HO=MO2+H2O : ARR2( 1.85D-12 , 1690.0_dp , TEMP) ;
>  {071:038} ETH+HO=ETHP+H2O : ARR2( 6.90D-12 , 1000.0_dp , TEMP) ;
>  {072:039} HC3+HO=HC3P : ARR2( 7.68D-12 , 370.0_dp, TEMP ) ;
>  {073:040} HC5+HO=HC5P+H2O : ARR2( 1.01D-11 , 245.0_dp, TEMP ) ;
>  {074:041} HC8+HO=0.951 HC8P+0.025 ALD+0.024 HKET+0.049 HO2+H2O  :  ARR2( 2.82D-11 , 273.0_dp, TEMP ) ;
>  {075:042} ETE+HO=ETEP : TROE( 1.00D-28 , 4.5_dp , 8.80D-12 , 0.85_dp , TEMP, C_M) ;
>  {076:043} OLT+HO=OLTP  : ARR2( 5.72D-12 , -500.0_dp, TEMP ) ; 
>  {077:044} OLI+HO=OLIP : ARR2( 1.33D-11 , -500.0_dp, TEMP ) ;
>  {078:045} DIEN+HO=OLIP : ARR2( 1.48D-11 , -448.0_dp, TEMP ) ;
>  {079:046} ACE+HO=0.350 ORA1+0.350 CO+0.650 GLY+0.650 HO+0.350 HO2 : TROE( 5.50D-30 , 0.0_dp , 8.30D-13 , -2.0_dp,TEMP,C_M ) ;
>  {080:047} BEN+HO=0.352 BENP+0.118 EPX+0.530 PHEN+0.648 HO2 :ARR2( 2.33D-12 , 193.0_dp , TEMP) ;
>  {081:048} TOL+HO=0.060 TLP1+0.763 TR2+0.177 CSL+0.177 HO2 : ARR2( 1.81D-12 , -354.0_dp, TEMP ) ;
>  {082:049} XYL+HO=0.060 XYL1+0.763 XY2+0.177 CSL+0.177 HO2 : 2.13D-11 ; 
>  {083:050} XYO+HO=0.060 XYL1+0.890 XYO2+0.050 CSL+0.050 HO2 : 1.37D-11 ;
>  {084:051} ISO+HO=ISOP  : ARR2( 3.1D-11 , -350.0_dp, TEMP) ;
>  {085:052} API+HO=APIP : ARR2( 1.21D-11 , -440.0_dp, TEMP ) ;
>  {086:053} LIM+HO=LIMP : ARR2( 4.20D-11 , -401.0_dp , TEMP );
>  {087:054} HCHO+HO=HO2+CO+H2O  : ARR2( 5.50D-12 , -125.0_dp , TEMP ) ;
>  {088:055} ACD+HO=ACO3+H2O  : ARR2( 4.38D-12 , -366.0_dp , TEMP ) ;
>  {089:056} ALD+HO=RCO3+H2O : ARR2( 5.10D-12 , -405.0_dp, TEMP ) ;
>  {090:057} ACT+HO=ACTP+H2O : (8.8D-12 * EXP(-1320.0_dp/TEMP) + 1.7D-14 * EXP(423.0_dp/TEMP) ) ;
>  {091:058} MEK+HO=MEKP+H2O : ARR2( 1.30D-12 , 25.0_dp , TEMP ) ;
>  {092:059} KET+HO=KETP+H2O  : ARR2( 2.80D-12 , -10.0_dp , TEMP ) ;
>  {093:060} HKET+HO=HO2+MGLY+H2O  : 3.00D-12 ;
>  {094:061} MACR+HO=0.53 MACP+0.47 MACRO2 : ARR2(8.0D-12 , -380.0_dp , TEMP );
>  {095:062} MVK+HO=MVKP : ARR2( 2.60D-12 , -610.0_dp , TEMP ) ;
>  {096:063} UALD+HO=0.313 ACO3+0.687 UALP : ARR2( 5.77D-12 , -533.0_dp , TEMP ) ;
>  {097:064} GLY+HO=HO2+2.0 CO+H2O : 1.10D-11 ;
>  {098:065} MGLY+HO=ACO3+CO+H2O : ARR2( 9.26D-13 , -830.0_dp , TEMP ) ;
>  {099:066} DCB1+HO=0.10 GLY+0.01 MGLY+0.40 ALD+0.52 HO2+0.33 CO+0.78 KET : ARR2( 2.8D-11 , -175.0_dp , TEMP ) ; 
>  {100:067} DCB2+HO=0.10 GLY+0.01 MGLY+0.78 OP2+0.52 HO2+0.33 CO+0.13 MEK : ARR2( 2.8D-11 , -175.0_dp , TEMP ) ;
>  {101:068} DCB3+HO=0.21 MACP+0.56 HO2+0.27 GLY+0.01 MGLY+0.79 OP2+0.11 CO : 1.00D-11 ;
>  {102:069} BALD+HO=BALP+H2O : ARR2( 5.32D-12 , -243.0_dp , TEMP ) ;
>  {103:070} PHEN+HO=0.07 CHO+0.20 ADDC+0.73 MCT+0.73 HO2 : ARR2( 6.75D-12 , -405.0_dp , TEMP ) ;
>  {104:071} CSL+HO=0.07 CHO+0.20 ADDC+0.73 MCT+0.73 HO2 : 4.65D-11 ; 
>  {105:072} EPX+HO=XO2+HO2+ALD+CO : ARR2( 2.8D-11 , -175.0_dp , TEMP ) ;
>  {106:073} MCT+HO=MCTO : 2.05D-10 ;
>  {107:074} MOH+HO=HO2+HCHO : ARR2( 2.85D-12 , 345.0_dp , TEMP ) ;
>  {108:075} EOH+HO=HO2+ACD : ARR2( 3.00D-12 , -20.0_dp , TEMP ) ;
>  {109:076} ROH+HO=0.719 ALD+0.184 ACD+1.00 HO2 : ARR2( 2.60D-12 , 200.0_dp , TEMP ) ;
>  {110:077} ETEG+HO=ALD+HO2 : 1.47D-11 ;
>  {111:078} OP1+HO=0.65 MO2+0.35 HCHO+0.35 HO : ARR2( 2.90D-12 , -190.0_dp , TEMP ) ;
>  {112:079} OP2+HO=0.44 HC3P+0.08 ALD+0.01 HO+0.07 XO2+0.41 KET : ARR2( 3.40D-12 , -190.0_dp , TEMP ) ;
>  {113:080} ISHP+HO=IEPOX+HO : ARR2( 1.9D-11 , -390.0_dp , TEMP );
>  {114:081} MAHP+HO=MACP : 1.66D-11 ;
>  {115:082} ORA1+HO=HO2+CO2 : 4.50D-13 ;
>  {116:083} ORA2+HO=0.64 MO2+0.64 CO2+0.36 ORAP : ARR2( 2.20D-14 , -1012.0_dp , TEMP ) ;
>  {117:084} PAA+HO=0.65 ACO3+0.35 HO+0.35 HCHO+0.35 XO2 : ARR2( 2.93D-12 , -190.0_dp , TEMP ) ;
>  {118:085} PAN+HO=HCHO+NO3+XO2+H2O : 4.00D-14 ;
>  {119:086} PPN+HO=HCHO+NO3+XO2+H2O : 4.00D-14 ;
>  {120:087} MPAN+HO=1.00 HKET+1.00 NO2 : 3.20D-11 ;
>  {121:088} ONIT+HO=HC3P+NO2+H2O : ARR2( 5.31D-12 , 260.0_dp , TEMP ) ;
123,137c123,137
<  {123:090} ISON+HO=OHVOC+ETHLN+HKET : 1.30D-11 ;
<  {124:091} ETE+O3=HCHO+PHCHO_O+0.43 CO+0.43 PCO+0.37 ORA1+0.15 HO2+0.08 HO+ 0.08 POH_O{+0.13 H2} : ARR2( 9.14D-15 , 2580.0_dp, TEMP ) ;
<  {125:092} OLT+O3=0.56 HCHO+0.56 PHCHO_O+0.28 ALD+0.43 CO+0.43 PCO+0.02 ORA1+0.06 ORA2+0.16 HO2+0.44 HO+0.44 POH_O+0.07 MEK+0.011 ACD+0.002 CH4+0.007 HKET+0.023 ETH+0.07 H2O2+0.075 MO2+0.06 ETHP+0.015 HC3+0.04 HC3P+0.03 ACT+0.006 HC5+0.019 HC5P+0.015 BALD+0.03 BEN : ARR2( 4.33D-15, 1800.0_dp, TEMP ) ;
<  {126:093} OLI+O3=0.09 HCHO+0.09 PHCHO_O+0.73 ALD+0.17 KET+0.37 CO+0.37 PCO+0.026 H2O2+0.17 ORA2+0.04 CH4+0.07 HO2+0.46 HO+0.46 POH_O+0.32 MO2+0.11 ACT+0.01 ETH+0.07 ETHP+0.044 HKET+0.457 ACD+0.09 ACO3+0.01 HC3+0.04 HC3P  : ARR2( 4.40D-15 , 845.0_dp, TEMP ) ;
<  {127:094} DIEN+O3=0.90 HCHO+0.90 PHCHO_O+0.39 MACR+0.36 CO+0.36 PCO+0.15 ORA1+0.09 O3P+0.30 HO2+0.35 OLT+0.28 HO+0.28 POH_O+0.15 ACO3+0.03 MO2+0.02 KETP+0.13 XO2+0.001 H2O2{+0.05 H2} : ARR2( 1.34D-14 , 2283.0_dp, TEMP ) ;
<  {128:095} ISO+O3=0.58 HCHO+0.58 PHCHO_O+0.461 MACR+0.189 MVK+0.28 ORA1+0.25 HO+0.25 POH_O+0.25 HO2+0.14 CO+0.14 PCO+0.10 ACO3+0.08 MO2+0.09 H2O2+0.1 MACP   : ARR2(7.86D-15, 1913.0_dp, TEMP) ;
<  {129:096} API+O3=0.65 ALD+0.53 KET+0.14 CO+0.14 PCO+0.20 ETHP+0.42 KETP+0.85 HO+0.85 POH_O+0.10 HO2+0.02 H2O2 : ARR2( 5.00D-16 , 530.0_dp, TEMP ) ;
<  {130:097} LIM+O3=0.04 HCHO+0.04 PHCHO_O+0.46 OLT+0.14 CO+0.14 PCO+0.16 ETHP+0.42 KETP+0.85 HO+0.85 POH_O+0.10 HO2+0.02 H2O2+0.79 MACR+0.01 ORA1+0.07 ORA2 : ARR2( 2.95D-15 , 783.0_dp , TEMP ) ;
<  {131:098} MACR+O3=0.902 MGLY+0.242 HCHO+0.242 PHCHO_O+0.238 HO+0.238 POH_O+0.652 CO+0.652 PCO+0.098 ACO3+0.204 ORA1+0.14 HO2+0.144 H2O2 : ARR2( 1.4D-15 , 2100.0_dp , TEMP );
<  {132:099} MVK+O3=0.28 ACO3+0.56 CO+0.56 PCO+0.075 ORA1+0.09 H2O2+0.28 HO2+0.2 CO2+0.2 PCO2+0.1 ACD+0.545 HCHO+0.545 PHCHO_O+0.36 HO+0.36 POH_O+0.545 MGLY+0.075 PYAC : ARR2( 8.5D-16 , 1520.0_dp , TEMP ) ;
<  {133:100} UALD+O3=0.100 HO+0.100 POH_O+0.072 HO2+0.008 MO2+0.002 ACO3+0.1 XO2+0.243 CO+0.243 PCO+0.080 HCHO+0.080 PHCHO_O+0.420 ACD+0.028 KET+0.491 GLY+0.003 MGLY+0.044 ORA1 : 1.66D-18 ;
<  {134:101} DCB1+O3=1.00 HO2+0.05 HO+0.05 POH_O+1.5 CO+1.5 PCO+0.5 CO2+0.5 PCO2+0.65 OP2+0.05 GLY+0.05 HCHO+0.05 PHCHO_O+0.08 MGLY+0.6 XO2+0.6 RCO3 : 2.0D-16 ;
<  {135:102} DCB2+O3=1.00 HO2+0.05 HO+0.05 POH_O+1.5 CO+1.5 PCO+0.5 CO2+0.5 PCO2+0.65 OP2+0.05 GLY+0.05 HCHO+0.05 PHCHO_O+0.08 MGLY+0.6 XO2+0.6 RCO3+0.7 DCB1 : 2.0D-16 ;
<  {136:103} DCB3+O3=1.0 HO2+0.05 HO+0.05 POH_O+1.5 CO+1.5 PCO+0.5 CO2+0.5 PCO2+0.25 ORA1+0.25 ORA2+0.11 PAA+0.48 GLY+0.7 DCB1 : 9.0D-17 ;
<  {137:104} EPX+O3=1.5 HO2+0.05 HO+0.05 POH_O+1.5 CO+1.5 PCO+0.5 CO2+0.5 PCO2+1.0 GLY +0.85 BALD : 5.0D-16 ;
---
>  {123:090} ISON+HO=ETHLN+HKET : 1.30D-11 ;
>  {124:091} ETE+O3=HCHO+0.43 CO+0.37 ORA1+0.15 HO2+0.08 HO{+0.13 H2} : ARR2( 9.14D-15 , 2580.0_dp, TEMP ) ;
>  {125:092} OLT+O3=0.56 HCHO+0.28 ALD+0.43 CO+0.02 ORA1+0.06 ORA2+0.16 HO2+0.44 HO+0.07 MEK+0.011 ACD+0.002 CH4+0.007 HKET+0.023 ETH+0.07 H2O2+0.075 MO2+0.06 ETHP+0.015 HC3+0.04 HC3P+0.03 ACT+0.006 HC5+0.019 HC5P+0.015 BALD+0.03 BEN : ARR2( 4.33D-15, 1800.0_dp, TEMP ) ;
>  {126:093} OLI+O3=0.09 HCHO+0.73 ALD+0.17 KET+0.37 CO+0.026 H2O2+0.17 ORA2+0.04 CH4+0.07 HO2+0.46 HO+0.32 MO2+0.11 ACT+0.01 ETH+0.07 ETHP+0.044 HKET+0.457 ACD+0.09 ACO3+0.01 HC3+0.04 HC3P  : ARR2( 4.40D-15 , 845.0_dp, TEMP ) ;
>  {127:094} DIEN+O3=0.90 HCHO+0.39 MACR+0.36 CO+0.15 ORA1+0.09 O3P+0.30 HO2+0.35 OLT+0.28 HO+0.15 ACO3+0.03 MO2+0.02 KETP+0.13 XO2+0.001 H2O2{+0.05 H2} : ARR2( 1.34D-14 , 2283.0_dp, TEMP ) ;
>  {128:095} ISO+O3=0.58 HCHO+0.461 MACR+0.189 MVK+0.28 ORA1+0.25 HO+0.25 HO2+0.14 CO+0.10 ACO3+0.08 MO2+0.09 H2O2+0.1 MACP   : ARR2(7.86D-15, 1913.0_dp, TEMP) ;
>  {129:096} API+O3=0.65 ALD+0.53 KET+0.14 CO+0.20 ETHP+0.42 KETP+0.85 HO+0.10 HO2+0.02 H2O2 : ARR2( 5.00D-16 , 530.0_dp, TEMP ) ;
>  {130:097} LIM+O3=0.04 HCHO+0.46 OLT+0.14 CO+0.16 ETHP+0.42 KETP+0.85 HO+0.10 HO2+0.02 H2O2+0.79 MACR+0.01 ORA1+0.07 ORA2 : ARR2( 2.95D-15 , 783.0_dp , TEMP ) ;
>  {131:098} MACR+O3=0.902 MGLY+0.242 HCHO+0.238 HO+0.652 CO+0.098 ACO3+0.204 ORA1+0.14 HO2+0.144 H2O2 : ARR2( 1.4D-15 , 2100.0_dp , TEMP );
>  {132:099} MVK+O3=0.28 ACO3+0.56 CO+0.075 ORA1+0.09 H2O2+0.28 HO2+0.2 CO2+0.1 ACD+0.545 HCHO+0.36 HO+0.545 MGLY+0.075 PYAC : ARR2( 8.5D-16 , 1520.0_dp , TEMP ) ;
>  {133:100} UALD+O3=0.100 HO+0.072 HO2+0.008 MO2+0.002 ACO3+0.1 XO2+0.243 CO+0.080 HCHO+0.420 ACD+0.028 KET+0.491 GLY+0.003 MGLY+0.044 ORA1 : 1.66D-18 ;
>  {134:101} DCB1+O3=1.00 HO2+0.05 HO+1.5 CO+0.5 CO2+0.65 OP2+0.05 GLY+0.05 HCHO+0.08 MGLY+0.6 XO2+0.6 RCO3 : 2.0D-16 ;
>  {135:102} DCB2+O3=1.00 HO2+0.05 HO+1.5 CO+0.5 CO2+0.65 OP2+0.05 GLY+0.05 HCHO+0.08 MGLY+0.6 XO2+0.6 RCO3+0.7 DCB1 : 2.0D-16 ;
>  {136:103} DCB3+O3=1.0 HO2+0.05 HO+1.5 CO+0.5 CO2+0.25 ORA1+0.25 ORA2+0.11 PAA+0.48 GLY+0.7 DCB1 : 9.0D-17 ;
>  {137:104} EPX+O3=1.5 HO2+0.05 HO+1.5 CO+0.5 CO2+1.0 GLY +0.85 BALD : 5.0D-16 ;
146c146
<  {146:113} HCHO+NO3=LHCHO_C+HO2+HNO3+CO+PCO : ARR2( 2.00D-12, 2440.0_dp, TEMP ) ;
---
>  {146:113} HCHO+NO3=HO2+HNO3+CO : ARR2( 2.00D-12, 2440.0_dp, TEMP ) ;
150,152c150,152
<  {150:117} UALD+NO3=0.668 CO+0.668 PCO+0.332 HCHO+0.332 PHCHO_N1+0.332 ALD+1.00 MONIT+1.00 HO2+1.00 XO2 : ARR2(5.02D-13 , 1076.0_dp , TEMP ) ;
<  {151:118} GLY+NO3=HNO3+HO2+2.0 CO+2.0 PCO : ARR2( 2.90D-12 , 1900.0_dp, TEMP ) ;
<  {152:119} MGLY+NO3=HNO3+ACO3+CO+PCO  : ARR2( 3.76D-12 , 1900.0_dp, TEMP ) ;
---
>  {150:117} UALD+NO3=MACP+HNO3 : ARR2(5.02D-13 , 1076.0_dp , TEMP ) ;
>  {151:118} GLY+NO3=HNO3+HO2+2.0 CO : ARR2( 2.90D-12 , 1900.0_dp, TEMP ) ;
>  {152:119} MGLY+NO3=HNO3+ACO3+CO  : ARR2( 3.76D-12 , 1900.0_dp, TEMP ) ;
155c155
<  {155:122} EPX+NO3=1.50 HO2+0.50 HO+0.50 POH_R+1.50 CO+1.50 PCO+1.00 GLY+0.50 CO2+0.5 PCO2+0.50 NO2+0.50 HNO3 : ARR2( 2.87D-13 , 1000.0_dp , TEMP ) ;
---
>  {155:122} EPX+NO3=1.50 HO2+0.50 HO+1.50 CO+1.00 GLY+0.50 CO2+0.50 NO2+0.50 HNO3 : ARR2( 2.87D-13 , 1000.0_dp , TEMP ) ;
158,163c158,163
<  {158:125} TR2=0.280 DCB2+0.280 EPX+0.010 CSL+0.280 TOLP+0.150 PER1+0.290 HO2+0.280 HO+0.28 POH_R : 1.00D3;
<  {159:126} TOLP=0.490 DCB2+0.010 HO2+0.010 CSL+0.490 HO+0.49 POH_R+0.500 PER1 : 1.00D3 ;
<  {160:127} XY2=0.224 DCB2+0.840 EPX+0.010 CSL+0.308 XYLP+0.150 PER2+0.308 HO2+0.158 HO+0.158 POH_R+0.250 RCO3 : 1.00D3 ;
<  {161:128} XYLP=0.490 DCB2+0.010 HO2+0.010 CSL+0.390 HO+0.39 POH_R+0.300 PER2 : 1.00D3 ;
<  {162:129} XYO2=0.224 DCB2+0.840 EPX+0.010 CSL+0.308 XYOP+0.150 PER2+0.308 HO2+0.158 HO+0.158 POH_R+0.250 RCO3 : 1.00D3 ;
<  {163:130} XYOP=0.490 DCB2+0.010 HO2+0.010 CSL+0.390 HO+0.39 POH_R+0.500 PER2 : 1.00D3 ;
---
>  {158:125} TR2=0.280 DCB2+0.280 EPX+0.010 CSL+0.280 TOLP+0.150 PER1+0.290 HO2+0.280 HO : 1.00D3;
>  {159:126} TOLP=0.490 DCB2+0.010 HO2+0.010 CSL+0.490 HO+0.500 PER1 : 1.00D3 ;
>  {160:127} XY2=0.224 DCB2+0.840 EPX+0.010 CSL+0.308 XYLP+0.150 PER2+0.308 HO2+0.158 HO+0.250 RCO3 : 1.00D3 ;
>  {161:128} XYLP=0.490 DCB2+0.010 HO2+0.010 CSL+0.390 HO+0.300 PER2 : 1.00D3 ;
>  {162:129} XYO2=0.224 DCB2+0.840 EPX+0.010 CSL+0.308 XYOP+0.150 PER2+0.308 HO2+0.158 HO+0.250 RCO3 : 1.00D3 ;
>  {163:130} XYOP=0.490 DCB2+0.010 HO2+0.010 CSL+0.390 HO+0.500 PER2 : 1.00D3 ;
170,208c170,208
<  {170:137} MO2+NO=PO3+HCHO+PHCHO_N2+HO2+NO2 : ARR2(2.80D-12 , -300.0_dp , TEMP ) ;
<  {171:138} ETHP+NO=PO3+ACD+HO2+NO2 : ARR2( 2.60D-12 , -365.0_dp , TEMP ) ;
< {172:139} HC3P+NO=0.935 PO3+0.063 ONIT+0.002 MONIT+0.132 ALD+0.165 ACT+0.504 ACD+0.207 HO2+0.131 MO2+0.500 ETHP+0.089 XO2+0.935 NO2+0.042 MEK : 4.00D-12 ;
<  {173:140} HC5P+NO=0.864 PO3+0.018 HCHO+0.018 PHCHO_N2+0.203 ALD+0.039 KET+0.438 HO2+0.051 MO2+0.231 ETHP+0.435 XO2+0.114 ONIT+0.022 MONIT+0.864 NO2+0.033 MEK+0.217 ACT+0.045 ACD+0.272 HKET  : 4.00D-12 ;
<  {174:141} HC8P+NO=0.803 PO3+0.163 ALD+0.698 KET+0.145 ETHP+0.197 ONIT+0.803 NO2+0.658 HO2+0.452 XO2 : 4.00D-12 ;
<  {175:142} ETEP+NO=PO3+1.6 HCHO+1.6 PHCHO_N2+HO2+NO2+0.2 ALD  : 9.00D-12 ;
<  {176:143} OLTP+NO=0.97 PO3+0.44 ALD+0.78 HCHO+0.78 PHCHO_N2+0.78 HO2+0.97 NO2+0.13 MEK+0.012 ACD+0.06 ACT+0.03 MONIT : 4.00D-12 ;
<  {177:144} OLIP+NO=0.95 PO3+0.83 HO2+0.68 ALD+0.09 KET+0.95 NO2+0.035 MONIT+0.015 DONIT+0.81 ACD+0.02 HKET+0.20 ACT : 4.00D-12 ;
<  {178:145} BENP+NO=0.918 PO3+0.082 AONIT+0.918 HO2+0.459 DCB2+0.918 NO2+0.459 DCB3+0.918 GLY : ARR2( 2.54D-12 , -360.0_dp , TEMP ) ;
<  {179:146} TLP1+NO=PO3+1.00 NO2+1.00 BALD : 4.00D-12 ;
<  {180:147} TOLP+NO=0.95 PO3+0.95 DCB2+0.95 NO2+0.95 HO2+0.05 AONIT  : ARR2( 2.70D-12, -360.0_dp , TEMP ) ;
<  {181:148} PER1+NO=0.95 PO3+0.95 DCB1+0.95 NO2+0.95 MGLY+0.95 HO2+0.050 AONIT+0.95 BALD : ARR2( 2.70D-12 , -360.0_dp , TEMP ) ;
<  {182:149} XYL1+NO=PO3+1.00 NO2+1.00 BALD : 4.00D-12 ;
<  {183:150} XYLP+NO=0.95 PO3+0.95 DCB3+0.95 NO2+0.95 HO2+0.05 AONIT  : ARR2( 2.70D-12, -360.0_dp , TEMP ) ;
<  {184:151} PER2+NO=0.95 PO3+0.95 DCB1+0.95 NO2+0.95 MGLY+0.95 HO2+0.050 AONIT+1.05 DCB3 : ARR2( 2.70D-12, -360.0_dp , TEMP ) ;
<  {185:152} XYOP+NO=0.95 PO3+0.95 HO2+0.350 GLY+0.600 MGLY+0.700 DCB1+0.073 DCB2+0.177 DCB3+0.05 AONIT+0.95 NO2 : ARR2( 2.70D-12 , -360.0_dp , TEMP ) ;
<  {186:153} ISOP+NO=0.883 PO3+0.4 MVK+0.26 MACR+0.883 NO2+0.07 ISOPND+0.047 ISOPNB+0.66 HCHO+0.66 PHCHO_N2+0.143 UHC+0.08 DIBOO+0.803 HO2 : ARR2(2.7D-12 , -360.0_dp , TEMP ) ;
<  {187:154} APIP+NO=0.82 PO3+0.82 HO2+0.43 ALD+0.82 NO2+0.44 KET+0.12 TONIT+0.06 UTONIT +0.230 HCHO+0.23 PHCHO_N2+0.11 ACT+0.07 ORA1 : 4.00D-12 ;
<  {188:155} LIMP+NO=0.78 PO3+0.22 UTONIT+0.686 HO2+0.491 UALD+0.231 HCHO+0.231 PHCHO_N2+0.058 HAC+0.78 NO2+0.289 OLI+0.289 KET: 4.00D-12 ;
<  {189:156} ACO3+NO=PO3+MO2+NO2 : ARR2( 8.10D-12 , -270.0_dp , TEMP ) ;
<  {190:157} RCO3+NO=PO3+ETHP+NO2 : ARR2( 8.10D-12 , -270.0_dp , TEMP ) ;
<  {191:158} ACTP+NO=PO3+1.00 ACO3+1.00 NO2+1.00 HCHO+PHCHO_N2 : ARR2( 2.90D-12 , -300.0_dp , TEMP ) ;
<  {192:159} MEKP+NO=PO3+0.67 DCB1+0.67 HO2+0.33 HCHO+0.33 PHCHO_N2+1.00 NO2 : 4.00D-12 ;
<  {193:160} KETP+NO=0.983 PO3+0.531 MGLY+0.452 ALD+0.226 ACO3+0.757 HO2+0.157 XO2+0.983 NO2+0.017 MONIT : 4.00D-12 ;
<  {194:161} MACP+NO=PO3+NO2+CO+PCO+CO2+PCO2+HCHO+PHCHO_N2+MO2 : ARR2(7.5D-12 , -290.0_dp , TEMP );
<  {195:162} MVKP+NO=0.89 PO3+0.625 GLYC+0.625 ACO3+0.265 MGLY+0.265 HCHO+0.265 PHCHO_N2+0.265 HO2+0.11 MVKN+0.89 NO2 : ARR2( 2.7D-12 , -360.0_dp , TEMP ) ;
<  {196:163} UALP+NO=PO3+1.00 NO2+1.00 HO2+0.61 CO+0.61 PCO+0.27 ALD+0.03 HCHO+0.03 PHCHO_N2+0.18 GLY+0.21 MGLY+0.7 KET : ARR2( 2.54D-12 , -360.0_dp , TEMP ) ;
<  {197:164} BALP+NO=PO3+BAL1+NO2 : 4.00D-12 ;
<  {198:165} BAL1+NO=PO3+BAL2+NO2 : 4.00D-12 ;
<  {199:166} ADDC+NO=PO3+1.00 NO2+1.00 HO2+0.68 GLY+0.68 OP2+0.32 HKET : ARR2( 2.70D-12 , -360.0_dp , TEMP ) ;
<  {200:167} MCTP+NO=PO3+MCTO+NO2 : ARR2(2.70D-12 , -360.0_dp , TEMP ) ;
<  {201:168} ORAP+NO=PO3+NO2+GLY+HO2 : 4.00D-12 ;
<  {202:169} OLNN+NO=PO3+MONIT+NO2+HO2 : 4.00D-12 ;
<  {203:170} OLND+NO=2.0 PO3+0.287 HCHO+0.287 PHCHO_N2+1.24 ALD+0.464 KET+2.0 NO2 : 4.00D-12 ;
<  {204:171} ADCN+NO=2.0 PO3+1.00 GLY+2.00 NO2+1.00 OP2 : ARR2( 2.70D-12 , -360.0_dp , TEMP ) ;
<  {205:172} XO2+NO=PO3+NO2 : 4.00D-12 ;
<  {206:173} BAL2+NO2=AONIT : 2.00D-11 ;
<  {207:174} CHO+NO2=AONIT : 2.00D-11 ;
<  {208:175} MCTO+NO2=AONIT : 2.08D-12 ;
---
>  {170:137} MO2+NO=HCHO+HO2+NO2 : ARR2(2.80D-12 , -300.0_dp , TEMP ) ;
>  {171:138} ETHP+NO=ACD+HO2+NO2 : ARR2( 2.60D-12 , -365.0_dp , TEMP ) ;
> {172:139} HC3P+NO=0.063 ONIT+0.002 MONIT+0.132 ALD+0.165 ACT+0.504 ACD+0.207 HO2+0.131 MO2+0.500 ETHP+0.089 XO2+0.935 NO2+0.042 MEK : 4.00D-12 ;
>  {173:140} HC5P+NO=0.018 HCHO+0.203 ALD+0.039 KET+0.438 HO2+0.051 MO2+0.231 ETHP+0.435 XO2+0.114 ONIT+0.022 MONIT+0.864 NO2+0.033 MEK+0.217 ACT+0.045 ACD+0.272 HKET  : 4.00D-12 ;
>  {174:141} HC8P+NO=0.163 ALD+0.698 KET+0.145 ETHP+0.197 ONIT+0.803 NO2+0.658 HO2+0.452 XO2 : 4.00D-12 ;
>  {175:142} ETEP+NO=1.6 HCHO+HO2+NO2+0.2 ALD  : 9.00D-12 ;
>  {176:143} OLTP+NO=0.44 ALD+0.78 HCHO+0.78 HO2+0.97 NO2+0.13 MEK+0.012 ACD+0.06 ACT+0.03 MONIT : 4.00D-12 ;
>  {177:144} OLIP+NO=0.83 HO2+0.68 ALD+0.09 KET+0.95 NO2+0.035 MONIT+0.015 DONIT+0.81 ACD+0.02 HKET+0.20 ACT : 4.00D-12 ;
>  {178:145} BENP+NO=0.082 AONIT+0.918 HO2+0.459 DCB2+0.918 NO2+0.459 DCB3+0.918 GLY : ARR2( 2.54D-12 , -360.0_dp , TEMP ) ;
>  {179:146} TLP1+NO=1.00 NO2+1.00 BALD : 4.00D-12 ;
>  {180:147} TOLP+NO=0.95 DCB2+0.95 NO2+0.95 HO2+0.05 AONIT  : ARR2( 2.70D-12, -360.0_dp , TEMP ) ;
>  {181:148} PER1+NO=0.95 DCB1+0.95 NO2+0.95 MGLY+0.95 HO2+0.050 AONIT+0.95 BALD : ARR2( 2.70D-12 , -360.0_dp , TEMP ) ;
>  {182:149} XYL1+NO=1.00 NO2+1.00 BALD : 4.00D-12 ;
>  {183:150} XYLP+NO=0.95 DCB3+0.95 NO2+0.95 HO2+0.05 AONIT  : ARR2( 2.70D-12, -360.0_dp , TEMP ) ;
>  {184:151} PER2+NO=0.95 DCB1+0.95 NO2+0.95 MGLY+0.95 HO2+0.050 AONIT+1.05 DCB3 : ARR2( 2.70D-12, -360.0_dp , TEMP ) ;
>  {185:152} XYOP+NO=0.95 HO2+0.350 GLY+0.600 MGLY+0.700 DCB1+0.073 DCB2+0.177 DCB3+0.05 AONIT+0.95 NO2 : ARR2( 2.70D-12 , -360.0_dp , TEMP ) ;
>  {186:153} ISOP+NO=0.4 MVK+0.26 MACR+0.883 NO2+0.07 ISOPND+0.047 ISOPNB+0.66 HCHO+0.143 UHC+0.08 DIBOO+0.803 HO2 : ARR2(2.7D-12 , -360.0_dp , TEMP ) ;
>  {187:154} APIP+NO=0.82 HO2+0.43 ALD+0.82 NO2+0.44 KET+0.12 TONIT+0.06 UTONIT+0.23 HCHO+0.11 ACT+0.07 ORA1 : 4.00D-12 ;
>  {188:155} LIMP+NO=0.22 UTONIT+0.686 HO2+0.491 UALD+0.231 HCHO+0.058 HAC+0.78 NO2+0.289 OLI+0.289 KET: 4.00D-12 ;
>  {189:156} ACO3+NO=MO2+NO2 : ARR2( 8.10D-12 , -270.0_dp , TEMP ) ;
>  {190:157} RCO3+NO=ETHP+NO2 : ARR2( 8.10D-12 , -270.0_dp , TEMP ) ;
>  {191:158} ACTP+NO=1.00 ACO3+1.00 NO2+1.00 HCHO : ARR2( 2.90D-12 , -300.0_dp , TEMP ) ;
>  {192:159} MEKP+NO=0.67 DCB1+0.67 HO2+0.33 HCHO+1.00 NO2 : 4.00D-12 ;
>  {193:160} KETP+NO=0.531 MGLY+0.452 ALD+0.226 ACO3+0.757 HO2+0.157 XO2+0.983 NO2+0.017 MONIT : 4.00D-12 ;
>  {194:161} MACP+NO=NO2+CO+CO2+HCHO+MO2 : ARR2(7.5D-12 , -290.0_dp , TEMP );
>  {195:162} MVKP+NO=0.625 GLYC+0.625 ACO3+0.265 MGLY+0.265 HCHO+0.265 HO2+0.11 MVKN+0.89 NO2 : ARR2( 2.7D-12 , -360.0_dp , TEMP ) ;
>  {196:163} UALP+NO=1.00 NO2+1.00 HO2+0.61 CO+0.27 ALD+0.03 HCHO+0.18 GLY+0.21 MGLY+0.7 KET : ARR2( 2.54D-12 , -360.0_dp , TEMP ) ;
>  {197:164} BALP+NO=BAL1+NO2 : 4.00D-12 ;
>  {198:165} BAL1+NO=BAL2+NO2 : 4.00D-12 ;
>  {199:166} ADDC+NO=1.00 NO2+1.00 HO2+0.68 GLY+0.68 OP2+0.32 HKET : ARR2( 2.70D-12 , -360.0_dp , TEMP ) ;
>  {200:167} MCTP+NO=MCTO+NO2 : ARR2(2.70D-12 , -360.0_dp , TEMP ) ;
>  {201:168} ORAP+NO=NO2+GLY+HO2 : 4.00D-12 ;
>  {202:169} OLNN+NO=MONIT+NO2+HO2 : 4.00D-12 ;
>  {203:170} OLND+NO=0.287 HCHO+1.24 ALD+0.464 KET+2.0 NO2 : 4.00D-12 ;
>  {204:171} ADCN+NO=1.00 GLY+2.00 NO2+1.00 OP2 : ARR2( 2.70D-12 , -360.0_dp , TEMP ) ;
>  {205:172} XO2+NO=NO2 : 4.00D-12 ;
>  {206:173} BAL2+NO2=NAONIT : 2.00D-11 ;
>  {207:174} CHO+NO2=NAONIT : 2.00D-11 ;
>  {208:175} MCTO+NO2=NAONIT : 2.08D-12 ;
225c225
<  {225:192} ISOP+HO2=0.88 ISHP+0.12 HO+0.12 POH_RH+0.047 MACR+0.073 MVK+0.12 HO2+0.12 HCHO+0.12 PHCHO_H2 : ARR2(7.4D-13 , -700.0_dp , TEMP) ;
---
>  {225:192} ISOP+HO2=0.88 ISHP+0.12 HO+0.047 MACR+0.073 MVK+0.12 HO2+0.12 HCHO : ARR2(7.4D-13 , -700.0_dp , TEMP) ;
228,230c228,230
<  {228:195} ACO3+HO2=0.4 PAA+0.2 ORA2+0.4 MO2+0.4 HO+0.4 POH_RH+0.4 CO2+0.4 PCO2: ARR2( 4.3D-13 , -1040.0_dp, TEMP ) ;
<  {229:196} RCO3+HO2=0.4 PAA+0.2 ORA2+0.4 ETHP+0.2 HO+0.2 POH_RH+0.4 CO2+0.4 PCO2: ARR2(4.3D-13 , -1040.0_dp , TEMP ) ;
<  {230:197} ACTP+HO2=0.330 OP2+0.670 HO+0.670 POH_RH+0.670 HCHO+0.67 PHCHO_H2+0.670 ACO3 : ARR2(1.15D-13 , -1300.0_dp , TEMP ) ;
---
>  {228:195} ACO3+HO2=0.4 PAA+0.2 ORA2+0.4 MO2+0.4 HO+0.4 CO2 : ARR2( 4.3D-13 , -1040.0_dp, TEMP ) ;
>  {229:196} RCO3+HO2=0.4 PAA+0.2 ORA2+0.4 ETHP+0.2 HO+0.4 CO2 : ARR2(4.3D-13 , -1040.0_dp , TEMP ) ;
>  {230:197} ACTP+HO2=0.330 OP2+0.670 HO+0.670 HCHO+0.670 ACO3 : ARR2(1.15D-13 , -1300.0_dp , TEMP ) ;
233,234c233,234
<  {233:200} MACP+HO2=0.4 MAHP+0.2 O3+0.2 ORA2+0.4 HO+0.4 POH_RH+0.4 CO2+0.4 PCO2+0.26 MO2+ 0.4 HCHO+0.4 PHCHO_H2+0.14 ACO3+0.26 CO+0.26 PCO : ARR2(5.2D-13 , -980.0_dp , TEMP );
<  {234:201} MVKP+HO2=0.531 VRP+0.469 GLYC+0.469 ACO3+0.469 HO+0.469 POH_RH : ARR2(1.82D-13 , -1300.0_dp , TEMP ) ;
---
>  {233:200} MACP+HO2=0.4 MAHP+0.2 O3+0.2 ORA2+0.4 HO+0.4 CO2+0.26 MO2+ 0.4 HCHO+0.14 ACO3+0.26 CO : ARR2(5.2D-13 , -980.0_dp , TEMP );
>  {234:201} MVKP+HO2=0.531 VRP+0.469 GLYC+0.469 ACO3+0.469 HO : ARR2(1.82D-13 , -1300.0_dp , TEMP ) ;
244,279c244,279
<  {244:211} MO2+MO2=1.37 HCHO+1.37 PHCHO_R2+0.74 HO2+0.63 MOH : ARR2( 9.50D-14 , -390.0_dp, TEMP ) ;
<  {245:212} ETHP+MO2=0.75 HCHO+0.75 PHCHO_R2+HO2+0.75 ACD+0.250 MOH+0.250 EOH : ARR2( 1.18D-13 , -158.0_dp, TEMP ) ;
<  {246:213} HC3P+MO2=0.827 HCHO+0.827 PHCHO_R2+0.894 HO2+0.198 ALD+0.497 KET+0.080 MO2+0.250 MOH+0.026 XO2+0.050 GLY+0.026 ETHP+0.250 ROH: ARR2( 9.46D-14 , -431.0_dp , TEMP) ;
<  {247:214} HC5P+MO2=0.777 HCHO+0.777 PHCHO_R2+0.842 HO2+0.251 ALD+0.618 KET+0.140 ETHP+0.191 XO2+0.018 MO2+0.250 MOH+0.250 ROH: ARR2( 1.00D-13 , -467.0_dp, TEMP ) ;
<  {248:215} HC8P+MO2=0.750 HCHO+0.750 PHCHO_R2+0.910 HO2+0.197 ALD+0.652 KET+0.281 XO2+0.090 ETHP+0.250 MOH+0.250 ROH  : ARR2( 4.34D-14 , -633.0_dp, TEMP ) ;
<  {249:216} ETEP+MO2=1.95 HCHO+1.95 PHCHO_R2+HO2+0.15 ALD+0.250 MOH+0.250 ETEG : ARR2( 1.71D-13 , -708.0_dp, TEMP ) ;
<  {250:217} OLTP+MO2=1.50 HCHO+1.50 PHCHO_R2+HO2+0.705 ALD+0.045 KET+0.250 MOH+0.250 ROH : ARR2( 1.46D-13 , -708.0_dp, TEMP ) ;
<  {251:218} OLIP+MO2=0.750 HCHO+0.750 PHCHO_R2+HO2+1.28 ALD+0.218 KET+0.250 MOH+0.250 ROH : ARR2( 9.18D-14 , -708.0_dp, TEMP ) ;
<  {252:219} BENP+MO2=HCHO+PHCHO_R2+1.6 HO2+0.600 GLY+0.459 DCB3+0.459 DCB2 : ARR2 (3.56D-14 , -708.0_dp , TEMP ) ;
<  {253:220} TLP1+MO2=HCHO+PHCHO_R2+HO2+BALD : ARR2( 3.56D-14 , -708.0_dp , TEMP ) ;
<  {254:221} TOLP+MO2=HCHO+PHCHO_R2+2.0 HO2+0.271 GLY+DCB2 : ARR2( 3.56D-14 , -708.0_dp , TEMP ) ;
<  {255:222} PER1+MO2=HCHO+PHCHO_R2+2.0 HO2+MGLY+DCB1 : ARR2( 3.56D-14 , -708.0_dp , TEMP ) ;
<  {256:223} XYL1+MO2=HCHO+PHCHO_R2+HO2+BALD : ARR2( 3.56D-14 , -708.0_dp , TEMP ) ;
<  {257:224} XYLP+MO2=HCHO+PHCHO_R2+2.0 HO2+DCB2 : ARR2( 3.56D-14 , -708.0_dp , TEMP ) ;
<  {258:225} PER2+MO2=HCHO+PHCHO_R2+2.0 HO2+MGLY+DCB1+1.05 DCB3 : ARR2( 3.56D-14, -708.0_dp , TEMP ) ;
<  {259:226} XYOP+MO2=HCHO+PHCHO_R2+2.0 HO2+0.368 GLY+0.632 MGLY+0.737 DCB1+0.077 DCB2+0.186 DCB3 : ARR2( 3.56D-14, -708.0_dp , TEMP ) ;
<  {260:227} ISOP+MO2=1.54 HCHO+1.54 PHCHO_R2+1.0 HO2+0.305 MVK+0.219 MACR+0.250 MOH+0.250 ROH : ARR2( 3.40D-14 , -221.0_dp, TEMP ) ;
<  {261:228} APIP+MO2=HO2+0.750 ALD+0.750 HCHO+0.750 PHCHO_R2+0.750 KET+0.250 MOH+0.250 ROH : ARR2( 3.56D-14 , -708.0_dp, TEMP ) ;
<  {262:229} LIMP+MO2=HO2+0.308 MACR+0.192 OLI+1.04 HCHO+1.04 PHCHO_R2+0.250 MOH+0.250 ROH : ARR2( 3.56D-14 , -708.0_dp, TEMP ) ;
<  {263:230} ACO3+MO2=HCHO+PHCHO_R2+0.9 HO2+0.9 MO2+0.1 ORA2+0.4 CO2+0.4 PCO2: ARR2( 2.0D-11 , -500.0_dp, TEMP ) ;
<  {264:231} RCO3+MO2=HCHO+PHCHO_R2+0.9 HO2+0.9 MO2+0.1 ORA2+0.4 CO2+0.4 PCO2: ARR2( 2.0D-11 , -500.0_dp , TEMP ) ;
<  {265:232} ACTP+MO2=0.25 ROH+1.50 HCHO+1.50 PHCHO_R2+0.50 ACO3+0.25 MOH+0.50 HO2+0.125 ORA2 : ARR2( 7.50D-13, -500.0_dp , TEMP ) ;
<  {266:233} MEKP+MO2=0.334 DCB1+0.834 HO2+0.25 MOH+HCHO+PHCHO_R2+0.25 ROH : ARR2(6.91D-13 , -508.0_dp , TEMP ) ;
<  {267:234} KETP+MO2=0.50 DCB1+HO2+0.25 MOH+0.75 HCHO+0.750 PHCHO_R2+0.25 ROH : ARR2(6.91D-13 , -508.0_dp , TEMP ) ;
<  {268:235} MACP+MO2=0.9 HO2+0.9 CO2+0.9 PCO2+0.585 MO2+0.585 CO+0.585 PCO+0.315 ACO3+ 0.1 ORA2+1.9 HCHO+1.9 PHCHO_R2 : ARR2(2.0D-12 , -500.0_dp , TEMP ) ;
<  {269:236} MVKP+MO2=0.25 ROH+0.9 HCHO+0.9 PHCHO_R2+0.25 HKET+0.25 MOH+0.15 MGLY+0.35 GLYC+0.35 ACO3+0.65 HO2 : 1.38D-12 ;
<  {270:237} UALP+MO2=0.773 HCHO+0.773 PHCHO_R2+HO2+0.203 ALD+0.525 KET+0.305 CO+0.305 PCO+0.105 MGLY+0.135 GLY+0.250 MOH+0.250 ROH : ARR2( 3.40D-14, -221.0_dp , TEMP ) ;
<  {271:238} BALP+MO2=HCHO+PHCHO_R2+HO2+BAL1 : ARR2( 3.56D-14 , -708.0_dp , TEMP ) ;
<  {272:239} BAL1+MO2=HCHO+PHCHO_R2+HO2+BAL2 : ARR2( 3.56D-14 , -708.0_dp , TEMP ) ;
<  {273:240} ADDC+MO2=HCHO+PHCHO_R2+2.0 HO2+0.68 GLY+0.32 HKET+0.68 OP2 : ARR2(3.56D-14 , -708.0_dp , TEMP ) ;
<  {274:241} MCTP+MO2=HCHO+PHCHO_R2+HO2+MCTO : ARR2( 3.56D-14 , -708.0_dp , TEMP ) ;
<  {275:242} ORAP+MO2=HCHO+PHCHO_R2+HO2+GLY : ARR2( 7.50D-13 , -500.0_dp , TEMP ) ;
<  {276:243} OLNN+MO2=HCHO+PHCHO_R2+2.0 HO2+MONIT : ARR2(1.60D-13 , -708.0_dp , TEMP ) ;
<  {277:244} OLND+MO2=0.965 HCHO+0.965 PHCHO_R2+0.500 HO2+0.930 ALD+0.348 KET+0.500 NO2+0.250 MOH+0.25 ROH+0.500 MONIT : ARR2( 9.68D-14 , -708.0_dp , TEMP ) ;
<  {278:245} ADCN+MO2=HCHO+PHCHO_R2+HO2+0.7 OP2+0.7 GLY+0.7 NO2+0.3 AONIT : 3.56D-14 ;
<  {279:246} XO2+MO2=HCHO+PHCHO_R2+HO2 : ARR2(5.99D-15 , -1510.0_dp , TEMP ) ;
---
>  {244:211} MO2+MO2=1.37 HCHO+0.74 HO2+0.63 MOH : ARR2( 9.50D-14 , -390.0_dp, TEMP ) ;
>  {245:212} ETHP+MO2=0.75 HCHO+HO2+0.75 ACD+0.250 MOH+0.250 EOH : ARR2( 1.18D-13 , -158.0_dp, TEMP ) ;
>  {246:213} HC3P+MO2=0.827 HCHO+0.894 HO2+0.198 ALD+0.497 KET+0.080 MO2+0.250 MOH+0.026 XO2+0.050 GLY+0.026 ETHP+0.250 ROH: ARR2( 9.46D-14 , -431.0_dp , TEMP) ;
>  {247:214} HC5P+MO2=0.777 HCHO+0.842 HO2+0.251 ALD+0.618 KET+0.140 ETHP+0.191 XO2+0.018 MO2+0.250 MOH+0.250 ROH: ARR2( 1.00D-13 , -467.0_dp, TEMP ) ;
>  {248:215} HC8P+MO2=0.750 HCHO+0.910 HO2+0.197 ALD+0.652 KET+0.281 XO2+0.090 ETHP+0.250 MOH+0.250 ROH  : ARR2( 4.34D-14 , -633.0_dp, TEMP ) ;
>  {249:216} ETEP+MO2=1.95 HCHO+HO2+0.15 ALD+0.250 MOH+0.250 ETEG : ARR2( 1.71D-13 , -708.0_dp, TEMP ) ;
>  {250:217} OLTP+MO2=1.50 HCHO+HO2+0.705 ALD+0.045 KET+0.250 MOH+0.250 ROH : ARR2( 1.46D-13 , -708.0_dp, TEMP ) ;
>  {251:218} OLIP+MO2=0.750 HCHO+HO2+1.28 ALD+0.218 KET+0.250 MOH+0.250 ROH : ARR2( 9.18D-14 , -708.0_dp, TEMP ) ;
>  {252:219} BENP+MO2=HCHO+1.6 HO2+0.600 GLY+0.459 DCB3+0.459 DCB2 : ARR2 (3.56D-14 , -708.0_dp , TEMP ) ;
>  {253:220} TLP1+MO2=HCHO+HO2+BALD : ARR2( 3.56D-14 , -708.0_dp , TEMP ) ;
>  {254:221} TOLP+MO2=HCHO+2.0 HO2+0.271 GLY+DCB2 : ARR2( 3.56D-14 , -708.0_dp , TEMP ) ;
>  {255:222} PER1+MO2=HCHO+2.0 HO2+MGLY+DCB1 : ARR2( 3.56D-14 , -708.0_dp , TEMP ) ;
>  {256:223} XYL1+MO2=HCHO+HO2+BALD : ARR2( 3.56D-14 , -708.0_dp , TEMP ) ;
>  {257:224} XYLP+MO2=HCHO+2.0 HO2+DCB2 : ARR2( 3.56D-14 , -708.0_dp , TEMP ) ;
>  {258:225} PER2+MO2=HCHO+2.0 HO2+MGLY+DCB1+1.05 DCB3 : ARR2( 3.56D-14, -708.0_dp , TEMP ) ;
>  {259:226} XYOP+MO2=HCHO+2.0 HO2+0.368 GLY+0.632 MGLY+0.737 DCB1+0.077 DCB2+0.186 DCB3 : ARR2( 3.56D-14, -708.0_dp , TEMP ) ;
>  {260:227} ISOP+MO2=1.54 HCHO+1.0 HO2+0.305 MVK+0.219 MACR+0.250 MOH+0.250 ROH : ARR2( 3.40D-14 , -221.0_dp, TEMP ) ;
>  {261:228} APIP+MO2=HO2+0.750 ALD+0.750 HCHO+0.750 KET+0.250 MOH+0.250 ROH : ARR2( 3.56D-14 , -708.0_dp, TEMP ) ;
>  {262:229} LIMP+MO2=HO2+0.308 MACR+0.192 OLI+1.04 HCHO+0.250 MOH+0.250 ROH : ARR2( 3.56D-14 , -708.0_dp, TEMP ) ;
>  {263:230} ACO3+MO2=HCHO+0.9 HO2+0.9 MO2+0.1 ORA2+0.4 CO2 : ARR2( 2.0D-11 , -500.0_dp, TEMP ) ;
>  {264:231} RCO3+MO2=HCHO+0.9 HO2+0.9 MO2+0.1 ORA2+0.4 CO2 : ARR2( 2.0D-11 , -500.0_dp , TEMP ) ;
>  {265:232} ACTP+MO2=0.25 ROH+1.50 HCHO+0.50 ACO3+0.25 MOH+0.50 HO2+0.125 ORA2 : ARR2( 7.50D-13, -500.0_dp , TEMP ) ;
>  {266:233} MEKP+MO2=0.334 DCB1+0.834 HO2+0.25 MOH+HCHO+0.25 ROH : ARR2(6.91D-13 , -508.0_dp , TEMP ) ;
>  {267:234} KETP+MO2=0.50 DCB1+HO2+0.25 MOH+0.75 HCHO+0.25 ROH : ARR2(6.91D-13 , -508.0_dp , TEMP ) ;
>  {268:235} MACP+MO2=0.9 HO2+0.9 CO2+0.585 MO2+0.585 CO+0.315 ACO3+ 0.1 ORA2+1.9 HCHO : ARR2(2.0D-12 , -500.0_dp , TEMP ) ;
>  {269:236} MVKP+MO2=0.25 ROH+0.9 HCHO+0.25 HKET+0.25 MOH+0.15 MGLY+0.35 GLYC+0.35 ACO3+0.65 HO2 : 1.38D-12 ;
>  {270:237} UALP+MO2=0.773 HCHO+HO2+0.203 ALD+0.525 KET+0.305 CO+0.105 MGLY+0.135 GLY+0.250 MOH+0.250 ROH : ARR2( 3.40D-14, -221.0_dp , TEMP ) ;
>  {271:238} BALP+MO2=HCHO+HO2+BAL1 : ARR2( 3.56D-14 , -708.0_dp , TEMP ) ;
>  {272:239} BAL1+MO2=HCHO+HO2+BAL2 : ARR2( 3.56D-14 , -708.0_dp , TEMP ) ;
>  {273:240} ADDC+MO2=HCHO+2.0 HO2+0.68 GLY+0.32 HKET+0.68 OP2 : ARR2(3.56D-14 , -708.0_dp , TEMP ) ;
>  {274:241} MCTP+MO2=HCHO+HO2+MCTO : ARR2( 3.56D-14 , -708.0_dp , TEMP ) ;
>  {275:242} ORAP+MO2=HCHO+HO2+GLY : ARR2( 7.50D-13 , -500.0_dp , TEMP ) ;
>  {276:243} OLNN+MO2=HCHO+2.0 HO2+MONIT : ARR2(1.60D-13 , -708.0_dp , TEMP ) ;
>  {277:244} OLND+MO2=0.965 HCHO+0.500 HO2+0.930 ALD+0.348 KET+0.500 NO2+0.250 MOH+0.25 ROH+0.500 MONIT : ARR2( 9.68D-14 , -708.0_dp , TEMP ) ;
>  {278:245} ADCN+MO2=HCHO+HO2+0.7 OP2+0.7 GLY+0.7 NO2+0.3 AONIT : 3.56D-14 ;
>  {279:246} XO2+MO2=HCHO+HO2 : ARR2(5.99D-15 , -1510.0_dp , TEMP ) ;
281,282c281,282
<  {281:248} HC3P+ACO3=0.273 ALD+0.662 KET+0.394 HO2+0.580 MO2+0.500 ORA2+0.130 HCHO+0.13 PHCHO_R2+0.026 ETHP+0.026 XO2+0.067 GLY: ARR2( 6.90D-13 , -460.0_dp, TEMP ) ;
<  {282:249} HC5P+ACO3=0.381 ALD+0.824 KET+0.342 HO2+0.518 MO2+0.500 ORA2+0.042 HCHO+0.042 PHCHO_R2+0.140 ETHP+0.191 XO2 : ARR2( 5.59D-13 , -522.0_dp, TEMP ) ;
---
>  {281:248} HC3P+ACO3=0.273 ALD+0.662 KET+0.394 HO2+0.580 MO2+0.500 ORA2+0.130 HCHO+0.026 ETHP+0.026 XO2+0.067 GLY: ARR2( 6.90D-13 , -460.0_dp, TEMP ) ;
>  {282:249} HC5P+ACO3=0.381 ALD+0.824 KET+0.342 HO2+0.518 MO2+0.500 ORA2+0.042 HCHO+0.140 ETHP+0.191 XO2 : ARR2( 5.59D-13 , -522.0_dp, TEMP ) ;
284,285c284,285
<  {284:251} ETEP+ACO3=1.6 HCHO+1.6 PHCHO_R2+0.2 ALD+0.5 HO2+0.5 MO2+0.5 ORA2  : ARR2( 9.48D-13 , -765.0_dp, TEMP ) ;
<  {285:252} OLTP+ACO3=0.940 ALD+HCHO+PHCHO_R2+0.500 HO2+0.500 MO2+0.500 ORA2+0.060 KET  : ARR2( 8.11D-13 , -765.0_dp, TEMP ) ;
---
>  {284:251} ETEP+ACO3=1.6 HCHO+0.2 ALD+0.5 HO2+0.5 MO2+0.5 ORA2  : ARR2( 9.48D-13 , -765.0_dp, TEMP ) ;
>  {285:252} OLTP+ACO3=0.940 ALD+HCHO+0.500 HO2+0.500 MO2+0.500 ORA2+0.060 KET  : ARR2( 8.11D-13 , -765.0_dp, TEMP ) ;
295c295
<  {295:262} ISOP+ACO3=0.5 HO2+0.5 MO2+0.5 ORA2+1.048 HCHO+1.048 PHCHO_R2+0.291 MACR+0.305 MVK : ARR2( 8.40D-14 , -221.0_dp, TEMP ) ;
---
>  {295:262} ISOP+ACO3=0.5 HO2+0.5 MO2+0.5 ORA2+1.048 HCHO+0.291 MACR+0.305 MVK : ARR2( 8.40D-14 , -221.0_dp, TEMP ) ;
297,301c297,301
<  {297:264} LIMP+ACO3=0.5 HO2+0.308 MACR+0.192 OLI+0.385 HCHO+0.385 PHCHO_R2+0.5 MO2+0.5 ORA2 : ARR2( 7.40D-13 , -765.0_dp, TEMP ) ;
<  {298:265} ACO3+ACO3=2.0 MO2+2.0 CO2+2.0 PCO2: ARR2( 2.50D-12 , -500.0_dp, TEMP ) ;
<  {299:266} RCO3+ACO3=ETHP+MO2+2.0 CO2+2.0 PCO2: ARR2( 2.50D-12 , -500.0_dp, TEMP ) ;
<  {300:267} ACTP+ACO3=0.50 MO2+HCHO+PHCHO_R2+0.75 ORA2+0.50 ACO3 : ARR2( 7.51D-13 , -565.0_dp , TEMP ) ;
<  {301:268} MEKP+ACO3=0.50 MO2+0.50 ORA2+0.334 DCB1+0.33 HO2+0.33 HCHO+0.33 PHCHO_R2 : ARR2( 7.51D-13 , -565.0_dp , TEMP ) ;
---
>  {297:264} LIMP+ACO3=0.5 HO2+0.308 MACR+0.192 OLI+0.385 HCHO+0.5 MO2+0.5 ORA2 : ARR2( 7.40D-13 , -765.0_dp, TEMP ) ;
>  {298:265} ACO3+ACO3=2.0 MO2+2.0 CO2 : ARR2( 2.50D-12 , -500.0_dp, TEMP ) ;
>  {299:266} RCO3+ACO3=ETHP+MO2+2.0 CO2 : ARR2( 2.50D-12 , -500.0_dp, TEMP ) ;
>  {300:267} ACTP+ACO3=0.50 MO2+HCHO+0.75 ORA2+0.50 ACO3 : ARR2( 7.51D-13 , -565.0_dp , TEMP ) ;
>  {301:268} MEKP+ACO3=0.50 MO2+0.50 ORA2+0.334 DCB1+0.33 HO2+0.33 HCHO : ARR2( 7.51D-13 , -565.0_dp , TEMP ) ;
303,305c303,305
<  {303:270} MACP+ACO3=1.65 MO2+2.0 CO2+2.0 PCO2+0.35 ACO3+HCHO+PHCHO_R2+0.65 CO+0.65 PCO : ARR2(2.9D-12 , -500.0_dp , TEMP ) ;
<  {304:271} MVKP+ACO3=0.1 HKET+0.1 ORA2+0.27 MGLY+0.27 HO2+0.27 HCHO+0.27 PHCHO_R2+0.63 GLYC+0.63 ACO3+0.9 CO2+0.9 PCO2+0.9 MO2 : ARR2 (1.7D-12 , -500.0_dp , TEMP ) ;
<  {305:272} UALP+ACO3=0.5 HO2+0.5 MO2+0.5 ORA2+0.27 ALD+0.7 KET+0.105 MGLY+0.5 CO+0.5 PCO+ 0.030 HCHO+0.03 PHCHO_R2+0.18 GLY : ARR2( 1.68D-12 , -500.0_dp , TEMP ) ;
---
>  {303:270} MACP+ACO3=1.65 MO2+2.0 CO2+0.35 ACO3+HCHO+0.65 CO : ARR2(2.9D-12 , -500.0_dp , TEMP ) ;
>  {304:271} MVKP+ACO3=0.1 HKET+0.1 ORA2+0.27 MGLY+0.27 HO2+0.27 HCHO+0.63 GLYC+0.63 ACO3+0.9 CO2+0.9 MO2 : ARR2 (1.7D-12 , -500.0_dp , TEMP ) ;
>  {305:272} UALP+ACO3=0.5 HO2+0.5 MO2+0.5 ORA2+0.27 ALD+0.7 KET+0.105 MGLY+0.5 CO+ 0.030 HCHO+0.18 GLY : ARR2( 1.68D-12 , -500.0_dp , TEMP ) ;
312c312
<  {312:279} OLND+ACO3=0.287 HCHO+0.287 PHCHO_R2+1.24 ALD+0.464 KET+0.500 MO2+0.500 ORA2+NO2 : ARR2( 5.37D-13 , -765.0_dp , TEMP ) ;
---
>  {312:279} OLND+ACO3=0.287 HCHO+1.24 ALD+0.464 KET+0.500 MO2+0.500 ORA2+NO2 : ARR2( 5.37D-13 , -765.0_dp , TEMP ) ;
315c315
<  {315:282} MO2+NO3=HCHO+PHCHO_N2+HO2+NO2 : 1.20D-12 ;
---
>  {315:282} MO2+NO3=HCHO+HO2+NO2 : 1.20D-12 ;
318c318
<  {318:285} HC5P+NO3=0.024 HCHO+0.024 PHCHO_N2+0.241 ALD+0.060 KET+0.488 HO2+0.055 MO2+0.280 ETHP+0.485 XO2+NO2+0.063 MEK+0.247 ACT+0.048 ACD+0.275 HKET : 1.20D-12 ;
---
>  {318:285} HC5P+NO3=0.024 HCHO+0.241 ALD+0.060 KET+0.488 HO2+0.055 MO2+0.280 ETHP+0.485 XO2+NO2+0.063 MEK+0.247 ACT+0.048 ACD+0.275 HKET : 1.20D-12 ;
320,321c320,321
<  {320:287} ETEP+NO3=1.6 HCHO+1.6 PHCHO_N2+HO2+NO2+0.2 ALD : 1.20D-12 ;
<  {321:288} OLTP+NO3=0.47 ALD+0.79 HCHO+0.79 PHCHO_N2+0.79 HO2+NO2+0.18 MEK+0.02 ACD+0.09 ACT : 1.20D-12 ;
---
>  {320:287} ETEP+NO3=1.6 HCHO+HO2+NO2+0.2 ALD : 1.20D-12 ;
>  {321:288} OLTP+NO3=0.47 ALD+0.79 HCHO+0.79 HO2+NO2+0.18 MEK+0.02 ACD+0.09 ACT : 1.20D-12 ;
331c331
<  {331:298} ISOP+NO3=0.438 MACR+0.610 MVK+HO2+NO2+1.05 HCHO+1.05 PHCHO_N2 : 1.20D-12 ;
---
>  {331:298} ISOP+NO3=0.438 MACR+0.610 MVK+HO2+NO2+1.05 HCHO : 1.20D-12 ;
333c333
<  {333:300} LIMP+NO3=HO2+0.615 MACR+0.385 OLI+0.385 HCHO+0.385 PHCHO_N2+NO2  : 1.20D-12 ;
---
>  {333:300} LIMP+NO3=HO2+0.615 MACR+0.385 OLI+0.385 HCHO+NO2  : 1.20D-12 ;
336,337c336,337
<  {336:303} ACTP+NO3=ACO3+NO2+HCHO+PHCHO_N2 : 1.20D-12 ;
<  {337:304} MEKP+NO3=0.67 DCB1+0.67 HO2+0.33 HCHO+0.33 PHCHO_N2+NO2 : 1.20D-12 ;
---
>  {336:303} ACTP+NO3=ACO3+NO2+HCHO : 1.20D-12 ;
>  {337:304} MEKP+NO3=0.67 DCB1+0.67 HO2+0.33 HCHO+NO2 : 1.20D-12 ;
339,341c339,341
<  {339:306} MACP+NO3=NO2+CO2+PCO2+HCHO+PHCHO_N2+0.65 MO2+0.65 CO+0.65 PCO+0.35 ACO3 : 4.0D-12 ;
<  {340:307} MVKP+NO3=NO2+0.3 MGLY+0.3 HO2+0.3 HCHO+0.3 PHCHO_N2+0.7 GLYC+0.7 ACO3 : 2.3D-12 ;
<  {341:308} UALP+NO3=NO2+HO2+0.61 CO+0.61 PCO+0.27 ALD+0.03 HCHO+0.03 PHCHO_N2+0.18 GLY+0.21 MGLY+0.7 KET : 2.50D-12 ;
---
>  {339:306} MACP+NO3=NO2+CO2+HCHO+0.65 MO2+0.65 CO+0.35 ACO3 : 4.0D-12 ;
>  {340:307} MVKP+NO3=NO2+0.3 MGLY+0.3 HO2+0.3 HCHO+0.7 GLYC+0.7 ACO3 : 2.3D-12 ;
>  {341:308} UALP+NO3=NO2+HO2+0.61 CO+0.27 ALD+0.03 HCHO+0.18 GLY+0.21 MGLY+0.7 KET : 2.50D-12 ;
348c348
<  {348:315} OLND+NO3=0.287 HCHO+0.287 PHCHO_N2+1.24 ALD+0.464 KET+2.00 NO2 : 1.20D-12 ;
---
>  {348:315} OLND+NO3=0.287 HCHO+1.24 ALD+0.464 KET+2.00 NO2 : 1.20D-12 ;
351,352c351,352
<  {351:318} RCO3+RCO3=2.0 ETHP+2.0 CO2+2.0 PCO2: ARR2( 2.50D-12 , -500.0_dp , TEMP ) ;
<  {352:319} XO2+RCO3=ETHP+CO2+PCO2 : ARR2( 2.50D-12 , -500.0_dp , TEMP ) ;
---
>  {351:318} RCO3+RCO3=2.0 ETHP+2.0 CO2 : ARR2( 2.50D-12 , -500.0_dp , TEMP ) ;
>  {352:319} XO2+RCO3=ETHP+CO2 : ARR2( 2.50D-12 , -500.0_dp , TEMP ) ;
354,355c354,355
<  {354:321} OLNN+OLND=0.202 HCHO+0.202 PHCHO_R2+0.640 ALD+0.149 KET+0.500 HO2+0.500 NO2+1.50 MONIT : ARR2(4.25D-14, -1000.0_dp, TEMP ) ;
<  {355:322} OLND+OLND=0.504 HCHO+0.504 PHCHO_R2+1.21 ALD+0.285 KET+MONIT+NO2 : ARR2(2.96D-14, -1000.0_dp, TEMP ) ;
---
>  {354:321} OLNN+OLND=0.202 HCHO+0.640 ALD+0.149 KET+0.500 HO2+0.500 NO2+1.50 MONIT : ARR2(4.25D-14, -1000.0_dp, TEMP ) ;
>  {355:322} OLND+OLND=0.504 HCHO+1.21 ALD+0.285 KET+MONIT+NO2 : ARR2(2.96D-14, -1000.0_dp, TEMP ) ;
358,359c358,359
<  {358:325 HPALD+HO=HO+POH_R : 4.6D-11 ;}
<  {359:326} MACRO2+NO=0.85 PO3+0.85 NO2+0.85 HO2+0.425 HAC+0.425 CO+0.425 PCO+0.425 HCHO+0.425 PHCHO_N2+0.425 MGLY+0.15 MACRN : ARR2( 2.7D-12 , -360.0_dp , TEMP ) ;
---
>  {358:325} HPALD+HO=HO : 4.6D-11 ;
>  {359:326} MACRO2+NO=0.85 NO2+0.85 HO2+0.425 HAC+0.425 CO+0.425 HCHO+0.425 MGLY+0.15 MACRN : ARR2( 2.7D-12 , -360.0_dp , TEMP ) ;
361,365c361,365
<  {361:328} MACRO2+MO2=0.328 HKET+1.037 HCHO+1.037 PHCHO_R2+1.344 HO2+0.599 HAC+0.599 CO+0.599 PCO+0.036 MOH+0.073 MGLY : 2.04D-13 ;
<  {362:329} MACRO2+ACO3=0.855 HAC+0.855 CO+0.855 PCO+0.131 MGLY+0.131 HCHO+0.131 PHCHO_R2+0.014 HKET+0.014 ORA2+0.986 MO2+0.986 HO2+0.986 CO2+0.986 PCO2: ARR2( 2.58D-13 , -500.0_dp , TEMP );
<  {363:330} MACRO2+NO3=0.855 HAC+0.855 CO+0.855 PCO+0.855 HO2+0.145 HO2+0.145 MGLY+0.145 HCHO+0.145 PHCHO_N2+NO2 : 2.3D-12;
<  {364:331} HAC+HO=OHVOC+MGLY+HO2 : ARR2( 1.6D-12 , 305.0_dp , TEMP ) ;
<  {365:332} GLYC+HO=OHVOC+0.2 GLY+0.2 HO2+0.8 RCO3 : 1.0D-11 ;
---
>  {361:328} MACRO2+MO2=0.328 HKET+1.037 HCHO+1.344 HO2+0.599 HAC+0.599 CO+0.036 MOH+0.073 MGLY : 2.04D-13 ;
>  {362:329} MACRO2+ACO3=0.855 HAC+0.855 CO+0.131 MGLY+0.131 HCHO+0.014 HKET+0.014 ORA2+0.986 MO2+0.986 HO2+0.986 CO2 : ARR2( 2.58D-13 , -500.0_dp , TEMP );
>  {363:330} MACRO2+NO3=0.855 HAC+0.855 CO+1.000 HO2+0.145 MGLY+0.145 HCHO+NO2 : 2.3D-12;
>  {364:331} HAC+HO=MGLY+HO2 : ARR2( 1.6D-12 , 305.0_dp , TEMP ) ;
>  {365:332} GLYC+HO=0.2 GLY+0.2 HO2+0.8 RCO3 : 1.0D-11 ;
367,370c367,370
<  {367:334} MACRN+HO=OHVOC+0.08 ORA2+0.08 HCHO+0.08 PHCHO_H1+0.15 NO3+0.07 ORA1+0.07 MGLY+0.85 HAC+0.85 NO2 + 0.93 CO2+0.93 PCO2: 5.0D-11 ; 
<  {368:335} MVKN+HO=OHVOC+0.65 ORA1+0.65 MGLY+0.35 HCHO+0.35 PHCHO_H1+0.35 PYAC+NO3 : 5.6D-12 ;
<  {369:336} ISOPND+HO=OHVOC+ISOPNDO2 : ARR2(1.77D-11 , -500.0_dp , TEMP ) ;
<  {370:337} ISOPNDO2+NO=0.15 PROPNN+0.44 HAC+0.07 MVKN+0.13 ETHLN+0.31 ORA1+0.31 NO3+0.72 HCHO+0.72 PHCHO_N2+0.15 GLYC+1.34 NO2+0.35 HO2+0.34 HKET : ARR2( 2.7D-12 , -360.0_dp , TEMP ) ;
---
>  {367:334} MACRN+HO=0.08 ORA2+0.08 HCHO+0.15 NO3+0.07 ORA1+0.07 MGLY+0.85 HAC+0.85 NO2 + 0.93 CO2 : 5.0D-11 ; 
>  {368:335} MVKN+HO=0.65 ORA1+0.65 MGLY+0.35 HCHO+0.35 PYAC+NO3 : 5.6D-12 ;
>  {369:336} ISOPND+HO=ISOPNDO2 : ARR2(1.77D-11 , -500.0_dp , TEMP ) ;
>  {370:337} ISOPNDO2+NO=0.15 PROPNN+0.44 HAC+0.07 MVKN+0.13 ETHLN+0.31 ORA1+0.31 NO3+0.72 HCHO+0.15 GLYC+1.34 NO2+0.35 HO2+0.34 HKET : ARR2( 2.7D-12 , -360.0_dp , TEMP ) ;
372,375c372,375
<  {372:339} ISOPNBO2+MO2=0.128 MACRN+0.16 MOH+0.101 MVKN+0.801 HO2+1.069 HCHO+1.069 PHCHO_R2+0.343 HAC+0.343 GLYC+0.343 NO2+0.428 IMONIT : 6.7D-13 ;
<  {373:340} ISOPNBO2+ACO3=0.064 IMONIT+0.23 MACRN+0.144 MVKN+0.374 HCHO+0.374 PHCHO_R2+0.562 HAC+0.562 GLYC+0.562 NO2+0.936 CO2+0.936 PCO2+0.936 MO2+0.374 HO2+0.064 ORA2 : ARR2 (8.16D-13 , -500.0_dp , TEMP ) ;
<  {374:341} ISOPNBO2+NO3=0.256 MACRN+0.144 MVKN+0.6 HAC+0.6 GLYC+0.4 HCHO+0.4 PHCHO_N2+0.4 HO2+1.6 NO2 : 2.3D-12 ;
<  {375:342} ISOPNBO2+NO=0.6 GLYC+0.6 HAC+0.4 HCHO+0.4 PHCHO_N2+0.4 HO2+0.26 MACRN+0.14 MVKN+1.6 NO2 : ARR2(2.7D-12 , -360.0_dp , TEMP );
---
>  {372:339} ISOPNBO2+MO2=0.128 MACRN+0.16 MOH+0.101 MVKN+0.801 HO2+1.069 HCHO+0.343 HAC+0.343 GLYC+0.343 NO2+0.428 IMONIT : 6.7D-13 ;
>  {373:340} ISOPNBO2+ACO3=0.064 IMONIT+0.23 MACRN+0.144 MVKN+0.374 HCHO+0.562 HAC+0.562 GLYC+0.562 NO2+0.936 CO2+0.936 MO2+0.374 HO2+0.064 ORA2 : ARR2 (8.16D-13 , -500.0_dp , TEMP ) ;
>  {374:341} ISOPNBO2+NO3=0.256 MACRN+0.144 MVKN+0.6 HAC+0.6 GLYC+0.4 HCHO+0.4 HO2+1.6 NO2 : 2.3D-12 ;
>  {375:342} ISOPNBO2+NO=0.6 GLYC+0.6 HAC+0.4 HCHO+0.4 HO2+0.26 MACRN+0.14 MVKN+1.6 NO2 : ARR2(2.7D-12 , -360.0_dp , TEMP );
377,388c377,388
<  {377:344} ISOPNDO2+MO2=1.506 HCHO+1.506 PHCHO_R2+0.949 HO2+0.3 IMONIT+0.055 MVKN+0.309 HAC+0.093 ETHLN+0.216 ORA1+0.235 HKET+0.101 PROPNN+0.101 GLYC+0.216 NO3+0.235 NO2 : 7.5D-14 ;
<  {378:345} ISOPNDO2+ACO3=0.078 MVKN+0.442 HAC+0.133 ETHLN+0.309 ORA1+0.336 HKET+0.144 PROPNN+0.144 GLYC+0.723 HCHO+0.723 PHCHO_R2+0.355 HO2+0.309 NO3+MO2+CO2+PCO2+0.336 NO2 : ARR2( 9.53D-14 , -500.0_dp , TEMP );
<  {378:346} ISOPNDO2+NO3=0.078 MVKN+0.442 HAC+0.133 ETHLN+0.309 ORA1+0.336 HKET+0.144 PROPNN+0.144 GLYC+0.723 HCHO+0.723 PHCHO_N2+0.355 HO2+0.309 NO3+1.336 NO2 : 2.3D-12 ;
<  {380:347} UHC+HO=OHVOC+0.74 UHCP+0.26 UHCAP : 1.1D-11 ;
<  {381:348} UHCP+NO=PO3+0.39 DHMOB+0.32 GLYC+0.32 MGLY+0.29 HAC+0.29 GLY+HO2+NO2 : ARR2( 2.7D-12 , -360.0_dp , TEMP);
<  {382:349} UHCAP+NO=PO3+NO2+0.65 MOBA+0.35 ALD+0.35 CO+0.35 PCO+HO2 : ARR2( 7.5D-12 , -290.0_dp , TEMP );
<  {383:350} UHCP+HO2=0.652 IAP+0.136 DHMOB+0.212 MGLY+0.212 GLYC+0.348 HO+0.348 POH_RH+0.348 HO2 : ARR2( 2.06D-13 , -1300.0_dp , TEMP );
<  {384:351} UHCAP+HO2=0.4 IAP+0.2 ORA2+0.2 O3+0.4 HO+0.4 POH_RH+0.26 MOBA+0.14 ALD+0.14 CO+0.14 PCO : ARR2( 5.2D-13 , -980.0_dp , TEMP );
<  {385:352} UHCP+MO2=0.573 DHMOB+HCHO+PHCHO_R2+1.4 HO2+0.222 GLYC+0.222 MGLY+0.205 HAC+0.205 GLY : 8.24D-14 ;
<  {386:353} UHCAP+MO2=0.1 ORA2+HCHO+PHCHO_R2+1.8 HO2+0.585 MOBA+0.315 ALD+0.315 CO+0.315 PCO : ARR2(8.83D-13 , -500.0_dp , TEMP );
<  {387:354} UHCP+ACO3=MO2+CO2+PCO2+0.39 DHMOB+0.32 GLYC+0.32 MGLY+0.29 HAC+0.29 GLY+HO2 : ARR2( 1.04D-13 , -500.0_dp , TEMP ) ;
<  {388:355} UHCAP+ACO3=MO2+CO2+PCO2+HO2+0.65 MOBA+0.35 ALD+0.35 CO+0.35 PCO : ARR2( 2.9D-12 , -500.0_dp , TEMP ) ;
---
>  {377:344} ISOPNDO2+MO2=1.506 HCHO+0.949 HO2+0.3 IMONIT+0.055 MVKN+0.309 HAC+0.093 ETHLN+0.216 ORA1+0.235 HKET+0.101 PROPNN+0.101 GLYC+0.216 NO3+0.235 NO2 : 7.5D-14 ;
>  {378:345} ISOPNDO2+ACO3=0.078 MVKN+0.442 HAC+0.133 ETHLN+0.309 ORA1+0.336 HKET+0.144 PROPNN+0.144 GLYC+0.723 HCHO+0.355 HO2+0.309 NO3+MO2+CO2+0.336 NO2 : ARR2( 9.53D-14 , -500.0_dp , TEMP );
>  {378:346} ISOPNDO2+NO3=0.078 MVKN+0.442 HAC+0.133 ETHLN+0.309 ORA1+0.336 HKET+0.144 PROPNN+0.144 GLYC+0.723 HCHO+0.355 HO2+0.309 NO3+1.336 NO2 : 2.3D-12 ;
>  {380:347} UHC+HO=0.74 UHCP+0.26 UHCAP : 1.1D-11 ;
>  {381:348} UHCP+NO=0.39 DHMOB+0.32 GLYC+0.32 MGLY+0.29 HAC+0.29 GLY+HO2+NO2 : ARR2( 2.7D-12 , -360.0_dp , TEMP);
>  {382:349} UHCAP+NO=NO2+0.65 MOBA+0.35 ALD+0.35 CO+HO2 : ARR2( 7.5D-12 , -290.0_dp , TEMP );
>  {383:350} UHCP+HO2=0.652 IAP+0.136 DHMOB+0.212 MGLY+0.212 GLYC+0.348 HO+0.348 HO2 : ARR2( 2.06D-13 , -1300.0_dp , TEMP );
>  {384:351} UHCAP+HO2=0.4 IAP+0.2 ORA2+0.2 O3+0.4 HO+0.26 MOBA+0.14 ALD+0.14 CO : ARR2( 5.2D-13 , -980.0_dp , TEMP );
>  {385:352} UHCP+MO2=0.573 DHMOB+HCHO+1.4 HO2+0.222 GLYC+0.222 MGLY+0.205 HAC+0.205 GLY : 8.24D-14 ;
>  {386:353} UHCAP+MO2=0.1 ORA2+HCHO+1.8 HO2+0.585 MOBA+0.315 ALD+0.315 CO : ARR2(8.83D-13 , -500.0_dp , TEMP );
>  {387:354} UHCP+ACO3=MO2+CO2+0.39 DHMOB+0.32 GLYC+0.32 MGLY+0.29 HAC+0.29 GLY+HO2 : ARR2( 1.04D-13 , -500.0_dp , TEMP ) ;
>  {388:355} UHCAP+ACO3=MO2+CO2+HO2+0.65 MOBA+0.35 ALD+0.35 CO : ARR2( 2.9D-12 , -500.0_dp , TEMP ) ;
390,394c390,394
<  {390:357} UHCAP+NO3=NO2+HO2+0.65 MOBA+0.35 ALD+0.35 CO+0.35 PCO : 4.0D-12 ;
<  {391:358} DIBOO+NO=PO3+NO2+HO2+0.52 GLYC+0.52 MGLY+0.48 GLY+0.48 HAC : ARR2( 2.7D-12 , -360.0_dp , TEMP ) ;
<  {392:359} DIBOO+HO2=0.33 IAP+0.67 HO+0.67 POH_RH+0.67 HO2+0.348 GLYC+0.348 MGLY+0.322 GLY+0.322 HAC+0.67 HO2 : ARR2(2.06D-13 , -1300.0_dp , TEMP );
<  {393:360} DIBOO+MO2=0.396 DHMOB+0.88 HCHO+0.88 PHCHO_R2+0.364 GLYC+0.364 MGLY+1.208 HO2+0.12 MOH+0.24 GLY+0.24 HAC : 4.6D-13 ;
<  {394:361} DIBOO+ACO3=0.52 GLYC+0.52 MGLY+0.952 HO2+0.952 MO2+0.952 CO2+0.952 PCO2+0.432 GLY+0.432 HAC+0.048 ORA2+0.048 DHMOB : ARR2( 5.8D-13 , -500.0_dp , TEMP);
---
>  {390:357} UHCAP+NO3=NO2+HO2+0.65 MOBA+0.35 ALD+0.35 CO : 4.0D-12 ;
>  {391:358} DIBOO+NO=NO2+HO2+0.52 GLYC+0.52 MGLY+0.48 GLY+0.48 HAC : ARR2( 2.7D-12 , -360.0_dp , TEMP ) ;
>  {392:359} DIBOO+HO2=0.33 IAP+0.67 HO+0.348 GLYC+0.348 MGLY+0.322 GLY+0.322 HAC+0.67 HO2 : ARR2(2.06D-13 , -1300.0_dp , TEMP );
>  {393:360} DIBOO+MO2=0.396 DHMOB+0.88 HCHO+0.364 GLYC+0.364 MGLY+1.208 HO2+0.12 MOH+0.24 GLY+0.24 HAC : 4.6D-13 ;
>  {394:361} DIBOO+ACO3=0.52 GLYC+0.52 MGLY+0.952 HO2+0.952 MO2+0.952 CO2+0.432 GLY+0.432 HAC+0.048 ORA2+0.048 DHMOB : ARR2( 5.8D-13 , -500.0_dp , TEMP);
396,397c396,397
<  {396:363} PROPNN+HO=OHVOC+NO2+MGLY : 1.0D-12 ;
<  {397:364} ETHLN+HO=OHVOC+HCHO+PHCHO_H1+CO2+PCO2+NO2 : 1.0D-11 ;
---
>  {396:363} PROPNN+HO=NO2+MGLY : 1.0D-12 ;
>  {397:364} ETHLN+HO=HCHO+CO2+NO2 : 1.0D-11 ;
399,402c399,402
<  {399:366} ISOPNB+HO=OHVOC+ISOPNBO2 : ARR2(2.43D-12 , -500.00_dp , TEMP );
<  {400:367} PYAC+HO=OHVOC+ACO3+CO2+PCO2 : 8.0D-13 ;
<  {401:368} MOBA+HO=OHVOC+MOBAOO : 3.0D-12 ;
<  {402:369} MOBAOO+NO=PO3+ALD+CO2+PCO2+HO2+NO2 : 8.0D-12 ;
---
>  {399:366} ISOPNB+HO=ISOPNBO2 : ARR2(2.43D-12 , -500.00_dp , TEMP );
>  {400:367} PYAC+HO=ACO3+CO2 : 8.0D-13 ;
>  {401:368} MOBA+HO=MOBAOO : 3.0D-12 ;
>  {402:369} MOBAOO+NO=ALD+CO2+HO2+NO2 : 8.0D-12 ;
404,426c404,426
<  {404:371} MOBAOO+MO2=0.7 CO2+0.7 PCO2+0.7 ALD+1.4 HO2+HCHO+PHCHO_R2+0.3 ROH : 3.55D-12 ;
<  {405:372} MOBAOO+ACO3=ALD+2.0 CO2+2.0 PCO2+HO2+MO2 : ARR2(4.23D-12 , -500.0_dp , TEMP ) ;
<  {406:373} MOBAOO+NO3=NO2+HO2+ALD+CO2+PCO2 : 2.3D-12;
<  {407:374} DHMOB+HO=OHVOC+1.5 CO+1.5 PCO+0.5 HO2+0.5 HAC+0.5 ALD : 1.0D-11 ;
<  {408:375} ISHP+HO=OHVOC+0.7 ISOP+0.3 UHC+0.3 HO+0.3 POH_R : ARR2( 3.8D-12 , -200.0_dp , TEMP );
<  {409:376} IEPOX+HO=OHVOC+IEPOXOO : ARR2(5.78D-11 , 400.0_dp , TEMP ) ;
<  {410:377} IEPOXOO+HO2=0.725 HAC+0.275 GLYC+0.275 GLY+0.275 MGLY+1.125 HO+1.125 POH_RH+0.825 HO2+0.2 CO2+0.2 PCO2+0.375 HCHO+0.375 PHCHO_H2+0.074 ORA1+0.251 CO+0.251 PCO : ARR2(7.4D-13 , -700.0_dp , TEMP ) ;
<  {411:378} IEPOXOO+NO=PO3+0.725 HAC+0.275 GLYC+0.275 GLY+0.275 MGLY+1.125 HO+1.125 POH_R+0.825 HO2+0.2 CO2+0.2 PCO2+0.375 HCHO+0.375 PHCHO_N2+0.074 ORA1+0.251 CO+0.251 PCO+NO2 : ARR2(2.7D-12 , -360.0_dp , TEMP );
<  {412:379} IEPOXOO+NO3=0.725 HAC+0.275 GLYC+0.275 GLY+0.275 MGLY+1.125 HO+1.125 POH_R+0.825 HO2+0.2 CO2+0.2 PCO2+0.375 HCHO+0.375 PHCHO_N2+0.074 ORA1+0.251 CO+0.251 PCO+NO2 : 2.3D-12 ;
<  {413:380} VRP+HO=OHVOC+0.7 MVKP+0.3 KET+0.3 HO+0.3 POH_R : ARR2(3.8D-12 , -200.0_dp, TEMP );
<  {414:381} ISNP+HO=OHVOC+0.460 ISOPNDO2+0.097 ISOPNBO2+0.443 IMONIT+0.443 HO+0.443 POH_R : ARR2( 1.67D-11 , -200.0_dp , TEMP );
<  {415:382} IAP+HO=OHVOC+0.165 UHCAP+0.495 UHCP+0.34 DIBOO : ARR2( 2.7D-11 , -200.0_dp , TEMP );
<  {416:383} UHC+O3=0.503 MGLY+0.89 HO+0.89 POH_O+0.89 CO+0.89 PCO+0.659 HO2+0.231 HCHO+0.231 PHCHO_O+0.018 MOH+0.018 CO2+0.018 PCO2+0.271 GLYC+0.076 H2O2+0.266 HAC+0.266 GLY+0.231 ACO3 : 4.0D-17;
<  {417:384} MOBA+O3=0.555 MGLY+0.89 HO+0.89 POH_O+0.89 CO+0.89 PCO+0.445 HO2+0.076 H2O2+0.555 GLY+0.231 KETP+0.214 ACO3+0.214 CO2+0.214 PCO2: 2.0D-17 ;
<  {418:385} ISOPNB+O3=0.541 HCHO+0.541 PHCHO_O+0.506 CO+0.506 PCO+0.526 HO+0.526 POH_O+0.327 NO2+0.179 HAC+0.102 H2O2+0.349 MACRN+0.112 IMONIT+0.128 CO2+0.128 PCO2+0.327 HO2+0.068 ORA1+0.212 MVKN+0.148 MGLY : ARR2(5.04D-14 , 1800.0_dp , TEMP ) ;
<  {419:386} ISOPND+O3=0.266 PROPNN+0.017 ORA2+0.249 GLYC+0.075 H2O2+0.89 HO+0.89 POH_O+0.445 HO2+0.214 CO+0.214 PCO+0.214 HCHO+0.214 PHCHO_O+0.445 NO2+0.271 ETHLN+0.018 IMONIT+0.445 MGLY+0.289 HAC+0.231 GLY : ARR2(9.03D-14 , 845.0_dp , TEMP ) ;
<  {420:387} HPALD+hv=1.0 HO+POH_J+HO2+0.5 HAC+0.5 MGLY+0.25 GLYC+0.25 GLY+HCHO+PHCHO_J : j(Pj_hpald) ; 
<  {421:388} HAC+hv=ACO3+HCHO+PHCHO_J+HO2 : j(Pj_ch3coch3) ;
<  {422:389} GLYC+hv=2.0 HO2+HCHO+PHCHO_J+CO+PCO : j(Pj_glyc) ;
<  {423:390} MAHP+hv=ACO3+HO+POH_J+CO2+PCO2 : j(Pj_ch3o2h) ;
<  {424:391} PROPNN+hv=NO2+ACO3+HCHO+PHCHO_J : j(Pj_noa) ;
<  {425:392} ETHLN+hv=HO2+CO+PCO+HCHO+PHCHO_J+NO2 : j(Pj_noa) ;
<  {426:393} MACRN+hv=NO2+CO+PCO+HAC+HO2 : j(Pj_ibutald) ;
---
>  {404:371} MOBAOO+MO2=0.7 CO2+0.7 ALD+1.4 HO2+HCHO+0.3 ROH : 3.55D-12 ;
>  {405:372} MOBAOO+ACO3=ALD+2.0 CO2+HO2+MO2 : ARR2(4.23D-12 , -500.0_dp , TEMP ) ;
>  {406:373} MOBAOO+NO3=NO2+HO2+ALD+CO2 : 2.3D-12;
>  {407:374} DHMOB+HO=1.5 CO+0.5 HO2+0.5 HAC+0.5 ALD : 1.0D-11 ;
>  {408:375} ISHP+HO=0.7 ISOP+0.3 UHC+0.3 HO : ARR2( 3.8D-12 , -200.0_dp , TEMP );
>  {409:376} IEPOX+HO=IEPOXOO : ARR2(5.78D-11 , 400.0_dp , TEMP ) ;
>  {410:377} IEPOXOO+HO2=0.725 HAC+0.275 GLYC+0.275 GLY+0.275 MGLY+1.125 HO+0.825 HO2+0.2 CO2+0.375 HCHO+0.074 ORA1+0.251 CO : ARR2(7.4D-13 , -700.0_dp , TEMP ) ;
>  {411:378} IEPOXOO+NO=0.725 HAC+0.275 GLYC+0.275 GLY+0.275 MGLY+1.125 HO+0.825 HO2+0.2 CO2+0.375 HCHO+0.074 ORA1+0.251 CO+NO2 : ARR2(2.7D-12 , -360.0_dp , TEMP );
>  {412:379} IEPOXOO+NO3=0.725 HAC+0.275 GLYC+0.275 GLY+0.275 MGLY+1.125 HO+0.825 HO2+0.2 CO2+0.375 HCHO+0.074 ORA1+0.251 CO+NO2 : 2.3D-12 ;
>  {413:380} VRP+HO=0.7 MVKP+0.3 KET+0.3 HO : ARR2(3.8D-12 , -200.0_dp, TEMP );
>  {414:381} ISNP+HO=0.460 ISOPNDO2+0.097 ISOPNBO2+0.443 IMONIT+0.443 HO : ARR2( 1.67D-11 , -200.0_dp , TEMP );
>  {415:382} IAP+HO=0.165 UHCAP+0.495 UHCP+0.34 DIBOO : ARR2( 2.7D-11 , -200.0_dp , TEMP );
>  {416:383} UHC+O3=0.503 MGLY+0.89 HO+0.89 CO+0.659 HO2+0.231 HCHO+0.018 MOH+0.018 CO2+0.271 GLYC+0.076 H2O2+0.266 HAC+0.266 GLY+0.231 ACO3 : 4.0D-17;
>  {417:384} MOBA+O3=0.555 MGLY+0.89 HO+0.89 CO+0.445 HO2+0.076 H2O2+0.555 GLY+0.231 KETP+0.214 ACO3+0.214 CO2 : 2.0D-17 ;
>  {418:385} ISOPNB+O3=0.541 HCHO+0.506 CO+0.526 HO+0.327 NO2+0.179 HAC+0.102 H2O2+0.349 MACRN+0.112 IMONIT+0.128 CO2+0.327 HO2+0.068 ORA1+0.212 MVKN+0.148 MGLY : ARR2(5.04D-14 , 1800.0_dp , TEMP ) ;
>  {419:386} ISOPND+O3=0.266 PROPNN+0.017 ORA2+0.249 GLYC+0.075 H2O2+0.89 HO+0.445 HO2+0.214 CO+0.214 HCHO+0.445 NO2+0.271 ETHLN+0.018 IMONIT+0.445 MGLY+0.289 HAC+0.231 GLY : ARR2(9.03D-14 , 845.0_dp , TEMP ) ;
>  {420:387} HPALD+hv=1.0 HO+HO2+0.5 HAC+0.5 MGLY+0.25 GLYC+0.25 GLY+HCHO : j(Pj_hpald) ; 
>  {421:388} HAC+hv=ACO3+HCHO+HO2 : j(Pj_ch3coch3) ;
>  {422:389} GLYC+hv=2.0 HO2+HCHO+CO : j(Pj_glyc) ;
>  {423:390} MAHP+hv=ACO3+HO+CO2 : j(Pj_ch3o2h) ;
>  {424:391} PROPNN+hv=NO2+ACO3+HCHO : j(Pj_noa) ;
>  {425:392} ETHLN+hv=HO2+CO+HCHO+NO2 : j(Pj_noa) ;
>  {426:393} MACRN+hv=NO2+CO+HAC+HO2 : j(Pj_ibutald) ;
428,434c428,434
<  {428:395} PYAC+hv=ACO3+CO2+PCO2+HO2 : j(Pj_ch3cocho );
<  {429:396} ISHP+hv=HO+POH_J+0.202 UHC+0.108 DIBOO+0.44 MVK+0.25 MACR+0.69 HCHO+0.69 PHCHO_J+0.892 HO2 : j(Pj_ch3o2h) ;
<  {430:397} UHC+hv=0.5 UHCAP+1.24 HO2+0.26 ACO3+0.74 CO+0.74 PCO+0.26 GLYC+0.24 HAC : j(Pj_macr);
<  {431:398} MOBA+hv=0.53 PYAC+0.48 GLY+1.52 HO2+2.0 CO+2.0 PCO+0.48 MO2 : j(Pj_macr) ;
<  {432:399} VRP+hv=HO+POH_J+0.7 ACO3+0.7 GLYC+0.3 MGLY+0.3 HCHO+0.3 PHCHO_J+0.3 HO2 : j(Pj_ch3o2h) ;
<  {433:400} ISNP+hv=HO+POH_J+0.686 HO2+0.298 PROPNN+0.612 GLYC+0.632 HAC+0.318 ETHLN+0.314 NO2+0.07 MVKN+0.07 HCHO+0.07 PHCHO_J : j(Pj_ch3o2h) ;
<  {434:401} IAP+hv=HO+POH_J+0.107 MOBA+0.058 ALD+0.058 CO+0.058 PCO+0.193 DHMOB+0.335 GLYC+0.335 MGLY+0.307 HAC+0.307 GLY+HO2 : j(Pj_ch3o2h) ;
---
>  {428:395} PYAC+hv=ACO3+CO2+HO2 : j(Pj_ch3cocho );
>  {429:396} ISHP+hv=HO+0.202 UHC+0.108 DIBOO+0.44 MVK+0.25 MACR+0.69 HCHO+0.892 HO2 : j(Pj_ch3o2h) ;
>  {430:397} UHC+hv=0.5 UHCAP+1.24 HO2+0.26 ACO3+0.74 CO+0.26 GLYC+0.24 HAC : j(Pj_macr);
>  {431:398} MOBA+hv=0.53 PYAC+0.48 GLY+1.52 HO2+2.0 CO+0.48 MO2 : j(Pj_macr) ;
>  {432:399} VRP+hv=HO+0.7 ACO3+0.7 GLYC+0.3 MGLY+0.3 HCHO+0.3 HO2 : j(Pj_ch3o2h) ;
>  {433:400} ISNP+hv=HO+0.686 HO2+0.298 PROPNN+0.612 GLYC+0.632 HAC+0.318 ETHLN+0.314 NO2+0.07 MVKN+0.07 HCHO : j(Pj_ch3o2h) ;
>  {434:401} IAP+hv=HO+0.107 MOBA+0.058 ALD+0.058 CO+0.193 DHMOB+0.335 GLYC+0.335 MGLY+0.307 HAC+0.307 GLY+HO2 : j(Pj_ch3o2h) ;
437c437
<  {437:404} DHMOB+hv=HO2+CO+PCO+KETP : j(Pj_ald) ; 
---
>  {437:404} DHMOB+hv=HO2+CO+KETP : j(Pj_ald) ; 
443,444c443,444
<  {443:400} TOLNN+NO=PO3+TONIT+NO2+HO2 : 4.00D-12 ;
<  {444:411} TOLND+NO=2.0 PO3+0.287 HCHO+0.287 PHCHO_N2+1.24 ALD+0.464 KET+2.0 NO2 : 4.00D-12 ;
---
>  {443:400} TOLNN+NO=TONIT+NO2+HO2 : 4.00D-12 ;
>  {444:411} TOLND+NO=0.287 HCHO+1.24 ALD+0.464 KET+2.0 NO2 : 4.00D-12 ;
447,448c447,448
<  {447:414} TOLNN+MO2=HCHO+PHCHO_R2+2.0 HO2+0.7 TONIT+0.3 UTONIT: ARR2(1.60D-13 , -708.0_dp , TEMP ) ;
<  {448:415} TOLND+MO2=0.965 HCHO+0.965 PHCHO_R2+0.500 HO2+0.930 ALD+0.348 KET+0.500 NO2+0.250 MOH+0.25 ROH+0.350 TONIT+0.15 UTONIT : ARR2( 9.68D-14 , -708.0_dp , TEMP ) ;
---
>  {447:414} TOLNN+MO2=HCHO+2.0 HO2+0.7 TONIT+0.3 UTONIT: ARR2(1.60D-13 , -708.0_dp , TEMP ) ;
>  {448:415} TOLND+MO2=0.965 HCHO+0.500 HO2+0.930 ALD+0.348 KET+0.500 NO2+0.250 MOH+0.25 ROH+0.350 TONIT+0.15 UTONIT : ARR2( 9.68D-14 , -708.0_dp , TEMP ) ;
450c450
<  {450:407} TOLND+ACO3=0.287 HCHO+0.287 PHCHO_R2+1.24 ALD+0.464 KET+0.500 MO2+0.500 ORA2+NO2 : ARR2( 5.37D-13 , -765.0_dp , TEMP ) ;
---
>  {450:407} TOLND+ACO3=0.287 HCHO+1.24 ALD+0.464 KET+0.500 MO2+0.500 ORA2+NO2 : ARR2( 5.37D-13 , -765.0_dp , TEMP ) ;
452c452
<  {452:409} TOLND+NO3=0.287 HCHO+0.287 PHCHO_N2+1.24 ALD+0.464 KET+2.00 NO2 : 1.20D-12 ;
---
>  {452:409} TOLND+NO3=0.287 HCHO+1.24 ALD+0.464 KET+2.00 NO2 : 1.20D-12 ;
454,458c454,458
<  {454:411} TOLNN+TOLND=0.202 HCHO+0.202 PHCHO_R2+0.640 ALD+0.149 KET+0.500 HO2+0.500 NO2+1.05 TONIT+0.45 UTONIT : ARR2(4.25D-14, -1000.0_dp, TEMP ) ;
<  {455:412} TOLND+TOLND=0.504 HCHO+0.504 PHCHO_R2+1.21 ALD+0.285 KET+0.7 TONIT+0.3 UTONIT+NO2 : ARR2(2.96D-14, -1000.0_dp, TEMP ) ;
<  {456:413} TOLND+OLND=0.504 HCHO+0.504 PHCHO_R2+1.21 ALD+0.285 KET+NO2+0.35 TONIT+0.15 UTONIT+0.5 MONIT : ARR2(2.96D-14, -1000.0_dp, TEMP ) ;
<  {457:414} TOLND+OLNN=0.202 HCHO+0.202 PHCHO_R2+0.64 ALD+0.149 KET+0.50 HO2+0.50 NO2+MONIT+0.35 TONIT+0.15 UTONIT : ARR2(4.25D-14, -1000.0_dp, TEMP ) ;
<  {458:415} TOLNN+OLND=0.202 HCHO+0.202 PHCHO_R2+0.64 ALD+0.149 KET+0.50 HO2+0.50 NO2+0.7 TONIT+0.3 UTONIT+0.5 MONIT : ARR2(4.25D-14, -1000.0_dp, TEMP ) ;
---
>  {454:411} TOLNN+TOLND=0.202 HCHO+0.640 ALD+0.149 KET+0.500 HO2+0.500 NO2+1.05 TONIT+0.45 UTONIT : ARR2(4.25D-14, -1000.0_dp, TEMP ) ;
>  {455:412} TOLND+TOLND=0.504 HCHO+1.21 ALD+0.285 KET+0.7 TONIT+0.3 UTONIT+NO2 : ARR2(2.96D-14, -1000.0_dp, TEMP ) ;
>  {456:413} TOLND+OLND=0.504 HCHO+1.21 ALD+0.285 KET+NO2+0.35 TONIT+0.15 UTONIT+0.5 MONIT : ARR2(2.96D-14, -1000.0_dp, TEMP ) ;
>  {457:414} TOLND+OLNN=0.202 HCHO+0.64 ALD+0.149 KET+0.50 HO2+0.50 NO2+MONIT+0.35 TONIT+0.15 UTONIT : ARR2(4.25D-14, -1000.0_dp, TEMP ) ;
>  {458:415} TOLNN+OLND=0.202 HCHO+0.64 ALD+0.149 KET+0.50 HO2+0.50 NO2+0.7 TONIT+0.3 UTONIT+0.5 MONIT : ARR2(4.25D-14, -1000.0_dp, TEMP ) ;
460,461c460,461
<  {460:417} MONIT+HO=OHVOC+HKET+NO2 : 1.79D-12 ;
<  {461:418} AONIT+HO=OHVOC+DCB2+NO2 : 7.3D-11 ;
---
>  {460:417} MONIT+HO=HONIT :  ARR2( 1.062D-11 , 260.0_dp , TEMP ) ;
>  {461:418} AONIT+HO=HONIT : 7.3D-11 ;
463c463
<  {463:420} DONIT+HO=OHVOC+UALD+NO2 : 4.1D-11 ;
---
>  {463:420} DONIT+HO=HONIT : 4.1D-11 ;
466c466
<  {466:423} IMONIT+HO=OHVOC+HKET+NO2 : 7.2D-12 ;
---
>  {466:423} IMONIT+HO=HONIT : 7.2D-12 ;
468,490c468,481
<  {468:425} PO3=JUNK    : 1 ;
<  {468:425} PCO2=JUNK    : 1 ;
<  {468:425} PCO=JUNK    : 1 ;
<  {468:425} LCO=JUNK    : 1 ;
<  {468:425} LCH4=JUNK   : 1 ;
<  {469:426} OHVOC=JUNK  : 1 ;
<  {469:426} POH_A=JUNK    : 1 ;
<  {469:426} POH_R=JUNK    : 1 ;
<  {469:426} POH_RH=JUNK    : 1 ;
<  {469:426} POH_O=JUNK    : 1 ;
<  {469:426} POH_J=JUNK    : 1 ;
<  {469:426} PHCHO_H1=JUNK  : 1 ;
<  {469:426} PHCHO_H2=JUNK  : 1 ;
<  {469:426} PHCHO_N1=JUNK  : 1 ;
<  {469:426} PHCHO_N2=JUNK  : 1 ;
<  {469:426} PHCHO_O=JUNK  : 1 ;
<  {469:426} PHCHO_J=JUNK  : 1 ;
<  {469:426} PHCHO_R2=JUNK  : 1 ;
<  {469:426} LHCHO_A=JUNK  : 1 ;
<  {469:426} LHCHO_B=JUNK  : 1 ;
<  {469:426} LHCHO_C=JUNK  : 1 ;
<  {470:427} HO+HONIT=NO3+HKET : k46(TEMP,C_M) ;
<  {471:428} HONIT+hv=HKET+NO2 : j(Pj_onitOH3) ;
---
>  {468:425} NAONIT+hv=KET+NO2 : j(Pj_onitOH3);
>  {469:426} NAONIT+HO=HNO3 : 7.3D-11 ;
>  {470:427} MBO+HO=MBOO2 : ARR2( 8.1D-12 , -610.0_dp , TEMP ) ;
>  {471:428} MBO+O3=0.363 HCHO+0.168 ACT+0.48 HO2+0.64 CO+0.36 HO+0.06 ROH+0.727 HKET+0.045 ORA2+0.09 H2O2+0.105 ORA1+0.12 CO2 : 1.0D-17 ;
>  {472:429} MBO+NO3=0.65 OLNN+0.35 OLND : ARR2( 4.6D-14 , 400.0_dp , TEMP ) ;
>  {473:430} MBOO2+NO=0.052 MBON+0.948 NO2+0.627 GLYC+0.627 ACT+0.948 HO2+0.321 ALD+0.321 HCHO : ARR2( 2.7D-12 , -360.0_dp , TEMP ) ;
>  {474:431} MBOO2+HO2=OP2 : ARR2( 2.05D-13 , -1300.0_dp , TEMP ) ;
>  {475:432} MBOO2+NO3=NO2+0.67 GLYC+0.67 ACT+HO2+0.33 ALD+0.33 HCHO : 2.3D-12 ;
>  {476:433} MBOO2+MO2=0.335 GLYC+0.335 ACT+HO2+0.915 HCHO+0.25 MOH+0.25 ROH+0.167 HKET+0.258 ALD : 1.5D-12 ;
>  {477:434} MBOO2+ACO3=0.603 GLYC+0.603 ACT+0.100 ORA2+0.9 CO2+0.9 MO2+0.9 HO2+0.067 HKET+0.33 ALD+0.297 HCHO : 1.017D-11 ;
>  {478:435} MBON+HO=HONIT : 1.75D-12 ;
>  {479:436} MBON+hv=0.173 ALD+0.827 HKET+NO2 : j(Pj_onitOH1) ;
>  {480:437} HO+HONIT=NO3+HKET : k46(TEMP,C_M) ;
>  {481:438} HONIT+hv=HKET+NO2 : j(Pj_onitOH3) ;
